[0.005s] Invoking command in '/home/emkim/projects/ros2/static_fuzz/target/intrasniff/src/secretserver/build/secretserver': CMAKE_PREFIX_PATH=/opt/ros/humble /usr/bin/cmake /home/emkim/projects/ros2/static_fuzz/target/intrasniff/src/secretserver -DCMAKE_INSTALL_PREFIX=/home/emkim/projects/ros2/static_fuzz/target/intrasniff/src/secretserver/install/secretserver
[0.036s] -- The C compiler identification is GNU 11.4.0
[0.069s] -- The CXX compiler identification is GNU 11.4.0
[0.073s] -- Detecting C compiler ABI info
[0.112s] -- Detecting C compiler ABI info - done
[0.121s] -- Check for working C compiler: /usr/bin/afl-gcc - skipped
[0.121s] -- Detecting C compile features
[0.121s] -- Detecting C compile features - done
[0.123s] -- Detecting CXX compiler ABI info
[0.169s] -- Detecting CXX compiler ABI info - done
[0.177s] -- Check for working CXX compiler: /usr/bin/afl-g++ - skipped
[0.177s] -- Detecting CXX compile features
[0.177s] -- Detecting CXX compile features - done
[0.178s] -- Found ament_cmake: 1.3.10 (/opt/ros/humble/share/ament_cmake/cmake)
[0.258s] -- Found Python3: /usr/bin/python3 (found version "3.10.12") found components: Interpreter 
[0.301s] -- Found rclcpp: 16.0.10 (/opt/ros/humble/share/rclcpp/cmake)
[0.319s] -- Found rosidl_generator_c: 3.1.5 (/opt/ros/humble/share/rosidl_generator_c/cmake)
[0.321s] -- Found rosidl_adapter: 3.1.5 (/opt/ros/humble/share/rosidl_adapter/cmake)
[0.325s] -- Found rosidl_generator_cpp: 3.1.5 (/opt/ros/humble/share/rosidl_generator_cpp/cmake)
[0.331s] -- Using all available rosidl_typesupport_c: rosidl_typesupport_fastrtps_c;rosidl_typesupport_introspection_c
[0.339s] -- Using all available rosidl_typesupport_cpp: rosidl_typesupport_fastrtps_cpp;rosidl_typesupport_introspection_cpp
[0.360s] -- Found rmw_implementation_cmake: 6.1.2 (/opt/ros/humble/share/rmw_implementation_cmake/cmake)
[0.361s] -- Found rmw_fastrtps_cpp: 6.2.7 (/opt/ros/humble/share/rmw_fastrtps_cpp/cmake)
[0.399s] -- Found OpenSSL: /usr/lib/x86_64-linux-gnu/libcrypto.so (found version "3.0.2")  
[0.412s] -- Found FastRTPS: /opt/ros/humble/include  
[0.432s] -- Using RMW implementation 'rmw_fastrtps_cpp' as default
[0.435s] -- Looking for pthread.h
[0.474s] -- Looking for pthread.h - found
[0.474s] -- Performing Test CMAKE_HAVE_LIBC_PTHREAD
[0.516s] -- Performing Test CMAKE_HAVE_LIBC_PTHREAD - Success
[0.516s] -- Found Threads: TRUE  
[0.544s] -- Found ament_lint_auto: 0.12.11 (/opt/ros/humble/share/ament_lint_auto/cmake)
[0.584s] -- Added test 'copyright' to check source files copyright and LICENSE
[0.589s] -- Added test 'cppcheck' to perform static code analysis on C / C++ code
[0.589s] -- Configured cppcheck include dirs: $<BUILD_INTERFACE:/home/emkim/projects/ros2/static_fuzz/target/intrasniff/src/secretserver/include>
[0.589s] -- Configured cppcheck exclude dirs and/or files: 
[0.594s] -- Added test 'cpplint' to check C / C++ code against the Google style
[0.594s] -- Configured cpplint exclude dirs and/or files: 
[0.595s] -- Added test 'flake8' to check Python code syntax and style conventions
[0.596s] -- Added test 'lint_cmake' to check CMake code style
[0.597s] -- Added test 'pep257' to check Python code against some of the docstring style conventions in PEP 257
[0.602s] -- Added test 'uncrustify' to check C / C++ code style
[0.602s] -- Configured uncrustify additional arguments: 
[0.602s] -- Added test 'xmllint' to check XML markup files
[0.603s] -- Configuring done
[0.612s] -- Generating done
[0.613s] -- Build files have been written to: /home/emkim/projects/ros2/static_fuzz/target/intrasniff/src/secretserver/build/secretserver
[0.618s] Invoked command in '/home/emkim/projects/ros2/static_fuzz/target/intrasniff/src/secretserver/build/secretserver' returned '0': CMAKE_PREFIX_PATH=/opt/ros/humble /usr/bin/cmake /home/emkim/projects/ros2/static_fuzz/target/intrasniff/src/secretserver -DCMAKE_INSTALL_PREFIX=/home/emkim/projects/ros2/static_fuzz/target/intrasniff/src/secretserver/install/secretserver
[0.619s] Invoking command in '/home/emkim/projects/ros2/static_fuzz/target/intrasniff/src/secretserver/build/secretserver': CMAKE_PREFIX_PATH=/opt/ros/humble /usr/bin/cmake --build /home/emkim/projects/ros2/static_fuzz/target/intrasniff/src/secretserver/build/secretserver -- -j16 -l16
[0.639s] [35m[1mConsolidate compiler generated dependencies of target dbinteract[0m
[0.639s] [35m[1mConsolidate compiler generated dependencies of target secretserver[0m
[0.644s] [ 25%] [32mBuilding CXX object CMakeFiles/dbinteract_fuzzer.dir/src/dbinteract_generated.cpp.o[0m
[0.644s] [ 25%] [32mBuilding CXX object CMakeFiles/secretserver_fuzzer.dir/src/secretserver_generated.cpp.o[0m
[0.645s] [0;36mafl-cc++4.00c[0m by Michal Zalewski, Laszlo Szekeres, Marc Heuse - mode: GCC-GCC
[0.645s] [1;93m[!] [1;97mWARNING: [0mYou are using outdated instrumentation, install LLVM and/or gcc-plugin and use afl-clang-fast/afl-clang-lto/afl-gcc-fast instead![0m
[0.645s] [0;36mafl-cc++4.00c[0m by Michal Zalewski, Laszlo Szekeres, Marc Heuse - mode: GCC-GCC
[0.645s] [1;93m[!] [1;97mWARNING: [0mYou are using outdated instrumentation, install LLVM and/or gcc-plugin and use afl-clang-fast/afl-clang-lto/afl-gcc-fast instead![0m
[0.648s] [ 50%] [32mBuilding CXX object CMakeFiles/secretserver.dir/src/secretserver.cpp.o[0m
[0.648s] [ 50%] [32mBuilding CXX object CMakeFiles/dbinteract.dir/src/dbinteract.cpp.o[0m
[0.649s] [0;36mafl-cc++4.00c[0m by Michal Zalewski, Laszlo Szekeres, Marc Heuse - mode: GCC-GCC
[0.649s] [1;93m[!] [1;97mWARNING: [0mYou are using outdated instrumentation, install LLVM and/or gcc-plugin and use afl-clang-fast/afl-clang-lto/afl-gcc-fast instead![0m
[0.649s] [0;36mafl-cc++4.00c[0m by Michal Zalewski, Laszlo Szekeres, Marc Heuse - mode: GCC-GCC
[0.649s] [1;93m[!] [1;97mWARNING: [0mYou are using outdated instrumentation, install LLVM and/or gcc-plugin and use afl-clang-fast/afl-clang-lto/afl-gcc-fast instead![0m
[2.677s] [01m[K/home/emkim/projects/ros2/static_fuzz/target/intrasniff/src/secretserver/src/dbinteract_generated.cpp:[m[K In member function ‘[01m[Kvoid FuzzerPublisher::timer_callback()[m[K’:
[2.677s] [01m[K/home/emkim/projects/ros2/static_fuzz/target/intrasniff/src/secretserver/src/dbinteract_generated.cpp:220:19:[m[K [01;31m[Kerror: [m[Ktoo few arguments to function ‘[01m[Kbool getString(std::string&, uint8_t)[m[K’
[2.677s]   220 |     if (![01;31m[KgetString(_v0)[m[K) return;
[2.677s]       |          [01;31m[K~~~~~~~~~^~~~~[m[K
[2.677s] [01m[K/home/emkim/projects/ros2/static_fuzz/target/intrasniff/src/secretserver/src/dbinteract_generated.cpp:160:6:[m[K [01;36m[Knote: [m[Kdeclared here
[2.677s]   160 | bool [01;36m[KgetString[m[K(std::string& s, uint8_t size)
[2.677s]       |      [01;36m[K^~~~~~~~~[m[K
[2.681s] [01m[K/home/emkim/projects/ros2/static_fuzz/target/intrasniff/src/secretserver/src/dbinteract_generated.cpp:221:5:[m[K [01;31m[Kerror: [m[K‘[01m[Krequest[m[K’ was not declared in this scope
[2.681s]   221 |     [01;31m[Krequest[m[K->data = _v0;
[2.681s]       |     [01;31m[K^~~~~~~[m[K
[2.685s] [01m[K/home/emkim/projects/ros2/static_fuzz/target/intrasniff/src/secretserver/src/dbinteract_generated.cpp:224:21:[m[K [01;31m[Kerror: [m[K‘[01m[KhowMuch[m[K’ was not declared in this scope
[2.685s]   224 |                 if ([01;31m[KhowMuch[m[K == 0) {
[2.685s]       |                     [01;31m[K^~~~~~~[m[K
[2.690s] [01m[K/home/emkim/projects/ros2/static_fuzz/target/intrasniff/src/secretserver/src/dbinteract_generated.cpp:[m[K In function ‘[01m[Kvoid __injector_init()[m[K’:
[2.690s] [01m[K/home/emkim/projects/ros2/static_fuzz/target/intrasniff/src/secretserver/src/dbinteract_generated.cpp:295:33:[m[K [01;35m[Kwarning: [m[KISO C++ forbids converting a string constant to ‘[01m[Kchar*[m[K’ [[01;35m[K]8;;https://gcc.gnu.org/onlinedocs/gcc/Warning-Options.html#index-Wwrite-strings-Wwrite-strings]8;;[m[K]
[2.690s]   295 |                 char* argv[] = {[01;35m[K"./my_fuzz_target"[m[K, NULL};
[2.690s]       |                                 [01;35m[K^~~~~~~~~~~~~~~~~~[m[K
[2.694s] [01m[K/home/emkim/projects/ros2/static_fuzz/target/intrasniff/src/secretserver/src/secretserver_generated.cpp:[m[K In member function ‘[01m[Kvoid FuzzerPublisher::timer_callback()[m[K’:
[2.694s] [01m[K/home/emkim/projects/ros2/static_fuzz/target/intrasniff/src/secretserver/src/secretserver_generated.cpp:220:19:[m[K [01;31m[Kerror: [m[Ktoo few arguments to function ‘[01m[Kbool getString(std::string&, uint8_t)[m[K’
[2.694s]   220 |     if (![01;31m[KgetString(_v0)[m[K) return;
[2.694s]       |          [01;31m[K~~~~~~~~~^~~~~[m[K
[2.694s] [01m[K/home/emkim/projects/ros2/static_fuzz/target/intrasniff/src/secretserver/src/secretserver_generated.cpp:160:6:[m[K [01;36m[Knote: [m[Kdeclared here
[2.694s]   160 | bool [01;36m[KgetString[m[K(std::string& s, uint8_t size)
[2.694s]       |      [01;36m[K^~~~~~~~~[m[K
[2.698s] [01m[K/home/emkim/projects/ros2/static_fuzz/target/intrasniff/src/secretserver/src/secretserver_generated.cpp:221:5:[m[K [01;31m[Kerror: [m[K‘[01m[Krequest[m[K’ was not declared in this scope
[2.698s]   221 |     [01;31m[Krequest[m[K->data = _v0;
[2.699s]       |     [01;31m[K^~~~~~~[m[K
[2.702s] [01m[K/home/emkim/projects/ros2/static_fuzz/target/intrasniff/src/secretserver/src/secretserver_generated.cpp:224:21:[m[K [01;31m[Kerror: [m[K‘[01m[KhowMuch[m[K’ was not declared in this scope
[2.702s]   224 |                 if ([01;31m[KhowMuch[m[K == 0) {
[2.702s]       |                     [01;31m[K^~~~~~~[m[K
[2.708s] [01m[K/home/emkim/projects/ros2/static_fuzz/target/intrasniff/src/secretserver/src/secretserver_generated.cpp:[m[K In function ‘[01m[Kvoid __injector_init()[m[K’:
[2.708s] [01m[K/home/emkim/projects/ros2/static_fuzz/target/intrasniff/src/secretserver/src/secretserver_generated.cpp:295:33:[m[K [01;35m[Kwarning: [m[KISO C++ forbids converting a string constant to ‘[01m[Kchar*[m[K’ [[01;35m[K]8;;https://gcc.gnu.org/onlinedocs/gcc/Warning-Options.html#index-Wwrite-strings-Wwrite-strings]8;;[m[K]
[2.708s]   295 |                 char* argv[] = {[01;35m[K"./my_fuzz_target"[m[K, NULL};
[2.708s]       |                                 [01;35m[K^~~~~~~~~~~~~~~~~~[m[K
[4.053s] gmake[2]: *** [CMakeFiles/dbinteract_fuzzer.dir/build.make:76: CMakeFiles/dbinteract_fuzzer.dir/src/dbinteract_generated.cpp.o] Error 1
[4.053s] gmake[1]: *** [CMakeFiles/Makefile2:195: CMakeFiles/dbinteract_fuzzer.dir/all] Error 2
[4.053s] gmake[1]: *** Waiting for unfinished jobs....
[4.106s] gmake[2]: *** [CMakeFiles/secretserver_fuzzer.dir/build.make:76: CMakeFiles/secretserver_fuzzer.dir/src/secretserver_generated.cpp.o] Error 1
[4.106s] gmake[1]: *** [CMakeFiles/Makefile2:221: CMakeFiles/secretserver_fuzzer.dir/all] Error 2
[9.745s] [0;36mafl-as++4.00c[0m by Michal Zalewski
[9.876s] [1;92m[+] [0mInstrumented 9177 locations (64-bit, non-hardened mode, ratio 100%).[0m
[9.918s] [0;36mafl-as++4.00c[0m by Michal Zalewski
[10.043s] [1;92m[+] [0mInstrumented 9648 locations (64-bit, non-hardened mode, ratio 100%).[0m
[10.657s] [ 62%] [32m[1mLinking CXX executable dbinteract[0m
[10.662s] [0;36mafl-cc++4.00c[0m by Michal Zalewski, Laszlo Szekeres, Marc Heuse - mode: GCC-GCC
[10.662s] [1;93m[!] [1;97mWARNING: [0mYou are using outdated instrumentation, install LLVM and/or gcc-plugin and use afl-clang-fast/afl-clang-lto/afl-gcc-fast instead![0m
[10.798s] [ 62%] Built target dbinteract
[10.842s] [ 75%] [32m[1mLinking CXX executable secretserver[0m
[10.847s] [0;36mafl-cc++4.00c[0m by Michal Zalewski, Laszlo Szekeres, Marc Heuse - mode: GCC-GCC
[10.847s] [1;93m[!] [1;97mWARNING: [0mYou are using outdated instrumentation, install LLVM and/or gcc-plugin and use afl-clang-fast/afl-clang-lto/afl-gcc-fast instead![0m
[10.979s] [ 75%] Built target secretserver
[10.980s] gmake: *** [Makefile:146: all] Error 2
[10.981s] Invoked command in '/home/emkim/projects/ros2/static_fuzz/target/intrasniff/src/secretserver/build/secretserver' returned '2': CMAKE_PREFIX_PATH=/opt/ros/humble /usr/bin/cmake --build /home/emkim/projects/ros2/static_fuzz/target/intrasniff/src/secretserver/build/secretserver -- -j16 -l16
