[0.005s] Invoking command in '/home/emkim/projects/ros2/static_fuzz/target/intrasniff/src/secretserver/build/secretserver': CMAKE_PREFIX_PATH=/opt/ros/humble /usr/bin/cmake /home/emkim/projects/ros2/static_fuzz/target/intrasniff/src/secretserver -DCMAKE_BUILD_TYPE=Debug -DCMAKE_INSTALL_PREFIX=/home/emkim/projects/ros2/static_fuzz/target/intrasniff/src/secretserver/install/secretserver
[0.110s] -- The C compiler identification is Clang 13.0.1
[0.237s] -- The CXX compiler identification is Clang 13.0.1
[0.240s] -- Detecting C compiler ABI info
[0.334s] -- Detecting C compiler ABI info - done
[0.352s] -- Check for working C compiler: /usr/bin/afl-clang-fast - skipped
[0.352s] -- Detecting C compile features
[0.352s] -- Detecting C compile features - done
[0.354s] -- Detecting CXX compiler ABI info
[0.465s] -- Detecting CXX compiler ABI info - done
[0.484s] -- Check for working CXX compiler: /usr/bin/afl-clang-fast++ - skipped
[0.484s] -- Detecting CXX compile features
[0.484s] -- Detecting CXX compile features - done
[0.485s] -- Found ament_cmake: 1.3.10 (/opt/ros/humble/share/ament_cmake/cmake)
[0.570s] -- Found Python3: /usr/bin/python3 (found version "3.10.12") found components: Interpreter 
[0.613s] -- Found rclcpp: 16.0.10 (/opt/ros/humble/share/rclcpp/cmake)
[0.632s] -- Found rosidl_generator_c: 3.1.5 (/opt/ros/humble/share/rosidl_generator_c/cmake)
[0.634s] -- Found rosidl_adapter: 3.1.5 (/opt/ros/humble/share/rosidl_adapter/cmake)
[0.637s] -- Found rosidl_generator_cpp: 3.1.5 (/opt/ros/humble/share/rosidl_generator_cpp/cmake)
[0.643s] -- Using all available rosidl_typesupport_c: rosidl_typesupport_fastrtps_c;rosidl_typesupport_introspection_c
[0.651s] -- Using all available rosidl_typesupport_cpp: rosidl_typesupport_fastrtps_cpp;rosidl_typesupport_introspection_cpp
[0.672s] -- Found rmw_implementation_cmake: 6.1.2 (/opt/ros/humble/share/rmw_implementation_cmake/cmake)
[0.673s] -- Found rmw_fastrtps_cpp: 6.2.7 (/opt/ros/humble/share/rmw_fastrtps_cpp/cmake)
[0.712s] -- Found OpenSSL: /usr/lib/x86_64-linux-gnu/libcrypto.so (found version "3.0.2")  
[0.725s] -- Found FastRTPS: /opt/ros/humble/include  
[0.745s] -- Using RMW implementation 'rmw_fastrtps_cpp' as default
[0.748s] -- Looking for pthread.h
[0.850s] -- Looking for pthread.h - found
[0.850s] -- Performing Test CMAKE_HAVE_LIBC_PTHREAD
[0.954s] -- Performing Test CMAKE_HAVE_LIBC_PTHREAD - Success
[0.954s] -- Found Threads: TRUE  
[0.982s] -- Found ament_lint_auto: 0.12.11 (/opt/ros/humble/share/ament_lint_auto/cmake)
[1.022s] -- Added test 'copyright' to check source files copyright and LICENSE
[1.024s] -- Added test 'cppcheck' to perform static code analysis on C / C++ code
[1.024s] -- Configured cppcheck include dirs: $<BUILD_INTERFACE:/home/emkim/projects/ros2/static_fuzz/target/intrasniff/src/secretserver/include>
[1.024s] -- Configured cppcheck exclude dirs and/or files: 
[1.027s] -- Added test 'cpplint' to check C / C++ code against the Google style
[1.027s] -- Configured cpplint exclude dirs and/or files: 
[1.028s] -- Added test 'lint_cmake' to check CMake code style
[1.030s] -- Added test 'uncrustify' to check C / C++ code style
[1.030s] -- Configured uncrustify additional arguments: 
[1.031s] -- Added test 'xmllint' to check XML markup files
[1.031s] -- Configuring done
[1.037s] -- Generating done
[1.038s] -- Build files have been written to: /home/emkim/projects/ros2/static_fuzz/target/intrasniff/src/secretserver/build/secretserver
[1.043s] Invoked command in '/home/emkim/projects/ros2/static_fuzz/target/intrasniff/src/secretserver/build/secretserver' returned '0': CMAKE_PREFIX_PATH=/opt/ros/humble /usr/bin/cmake /home/emkim/projects/ros2/static_fuzz/target/intrasniff/src/secretserver -DCMAKE_BUILD_TYPE=Debug -DCMAKE_INSTALL_PREFIX=/home/emkim/projects/ros2/static_fuzz/target/intrasniff/src/secretserver/install/secretserver
[1.044s] Invoking command in '/home/emkim/projects/ros2/static_fuzz/target/intrasniff/src/secretserver/build/secretserver': CMAKE_PREFIX_PATH=/opt/ros/humble /usr/bin/cmake --build /home/emkim/projects/ros2/static_fuzz/target/intrasniff/src/secretserver/build/secretserver -- -j16 -l16
[1.068s] [ 50%] [32mBuilding CXX object CMakeFiles/secretserver.dir/src/secretserver.cpp.o[0m
[1.068s] [ 50%] [32mBuilding CXX object CMakeFiles/dbinteract.dir/src/dbinteract.cpp.o[0m
[1.069s] [0;36mafl-cc++4.00c[0m by Michal Zalewski, Laszlo Szekeres, Marc Heuse - mode: LLVM-PCGUARD
[1.069s] [1;93m[!] [1;97mWARNING: [0mFound '-fsanitize-coverage=trace-pc-guard' - stripping![0m
[1.069s] [0;36mafl-cc++4.00c[0m by Michal Zalewski, Laszlo Szekeres, Marc Heuse - mode: LLVM-PCGUARD
[1.069s] [1;93m[!] [1;97mWARNING: [0mFound '-fsanitize-coverage=trace-pc-guard' - stripping![0m
[1.078s] clangclang: : [0;1;31m[0;1;31merror: error: [0m[0m[1m[1munsupported argument 'address -g' to option 'fsanitize='unsupported argument 'address -g' to option 'fsanitize='[0m[0m
[1.078s] 
[1.080s] gmake[2]: *** [CMakeFiles/dbinteract.dir/build.make:76: CMakeFiles/dbinteract.dir/src/dbinteract.cpp.o] Error 1
[1.080s] gmake[2]: *** [CMakeFiles/secretserver.dir/build.make:76: CMakeFiles/secretserver.dir/src/secretserver.cpp.o] Error 1
[1.080s] gmake[1]: *** [CMakeFiles/Makefile2:165: CMakeFiles/dbinteract.dir/all] Error 2
[1.080s] gmake[1]: *** Waiting for unfinished jobs....
[1.080s] gmake[1]: *** [CMakeFiles/Makefile2:139: CMakeFiles/secretserver.dir/all] Error 2
[1.080s] gmake: *** [Makefile:146: all] Error 2
[1.081s] Invoked command in '/home/emkim/projects/ros2/static_fuzz/target/intrasniff/src/secretserver/build/secretserver' returned '2': CMAKE_PREFIX_PATH=/opt/ros/humble /usr/bin/cmake --build /home/emkim/projects/ros2/static_fuzz/target/intrasniff/src/secretserver/build/secretserver -- -j16 -l16
