[0.004s] Invoking command in '/home/dku-jsy/jsy/projects/intrasniff/build/secretserver': CMAKE_PREFIX_PATH=/opt/ros/humble /usr/bin/cmake /home/dku-jsy/jsy/projects/intrasniff/src/secretserver -DCMAKE_INSTALL_PREFIX=/home/dku-jsy/jsy/projects/intrasniff/install/secretserver
[0.031s] -- The C compiler identification is GNU 11.4.0
[0.060s] -- The CXX compiler identification is GNU 11.4.0
[0.063s] -- Detecting C compiler ABI info
[0.106s] -- Detecting C compiler ABI info - done
[0.110s] -- Check for working C compiler: /usr/bin/cc - skipped
[0.110s] -- Detecting C compile features
[0.111s] -- Detecting C compile features - done
[0.113s] -- Detecting CXX compiler ABI info
[0.169s] -- Detecting CXX compiler ABI info - done
[0.173s] -- Check for working CXX compiler: /usr/bin/c++ - skipped
[0.173s] -- Detecting CXX compile features
[0.173s] -- Detecting CXX compile features - done
[0.175s] -- Found ament_cmake: 1.3.10 (/opt/ros/humble/share/ament_cmake/cmake)
[0.256s] -- Found Python3: /usr/bin/python3 (found version "3.10.12") found components: Interpreter 
[0.298s] -- Found rclcpp: 16.0.10 (/opt/ros/humble/share/rclcpp/cmake)
[0.317s] -- Found rosidl_generator_c: 3.1.5 (/opt/ros/humble/share/rosidl_generator_c/cmake)
[0.319s] -- Found rosidl_adapter: 3.1.5 (/opt/ros/humble/share/rosidl_adapter/cmake)
[0.323s] -- Found rosidl_generator_cpp: 3.1.5 (/opt/ros/humble/share/rosidl_generator_cpp/cmake)
[0.329s] -- Using all available rosidl_typesupport_c: rosidl_typesupport_fastrtps_c;rosidl_typesupport_introspection_c
[0.336s] -- Using all available rosidl_typesupport_cpp: rosidl_typesupport_fastrtps_cpp;rosidl_typesupport_introspection_cpp
[0.357s] -- Found rmw_implementation_cmake: 6.1.2 (/opt/ros/humble/share/rmw_implementation_cmake/cmake)
[0.358s] -- Found rmw_fastrtps_cpp: 6.2.7 (/opt/ros/humble/share/rmw_fastrtps_cpp/cmake)
[0.396s] -- Found OpenSSL: /usr/lib/x86_64-linux-gnu/libcrypto.so (found version "3.0.2")  
[0.409s] -- Found FastRTPS: /opt/ros/humble/include  
[0.428s] -- Using RMW implementation 'rmw_fastrtps_cpp' as default
[0.431s] -- Looking for pthread.h
[0.467s] -- Looking for pthread.h - found
[0.467s] -- Performing Test CMAKE_HAVE_LIBC_PTHREAD
[0.516s] -- Performing Test CMAKE_HAVE_LIBC_PTHREAD - Success
[0.517s] -- Found Threads: TRUE  
[0.545s] -- Found ament_lint_auto: 0.12.11 (/opt/ros/humble/share/ament_lint_auto/cmake)
[0.584s] -- Added test 'copyright' to check source files copyright and LICENSE
[0.585s] -- Added test 'cppcheck' to perform static code analysis on C / C++ code
[0.585s] -- Configured cppcheck include dirs: $<BUILD_INTERFACE:/home/dku-jsy/jsy/projects/intrasniff/src/secretserver/include>
[0.585s] -- Configured cppcheck exclude dirs and/or files: 
[0.585s] -- Added test 'cpplint' to check C / C++ code against the Google style
[0.585s] -- Configured cpplint exclude dirs and/or files: 
[0.586s] -- Added test 'lint_cmake' to check CMake code style
[0.586s] -- Added test 'uncrustify' to check C / C++ code style
[0.586s] -- Configured uncrustify additional arguments: 
[0.586s] -- Added test 'xmllint' to check XML markup files
[0.587s] -- Configuring done
[0.592s] -- Generating done
[0.593s] -- Build files have been written to: /home/dku-jsy/jsy/projects/intrasniff/build/secretserver
[0.597s] Invoked command in '/home/dku-jsy/jsy/projects/intrasniff/build/secretserver' returned '0': CMAKE_PREFIX_PATH=/opt/ros/humble /usr/bin/cmake /home/dku-jsy/jsy/projects/intrasniff/src/secretserver -DCMAKE_INSTALL_PREFIX=/home/dku-jsy/jsy/projects/intrasniff/install/secretserver
[0.598s] Invoking command in '/home/dku-jsy/jsy/projects/intrasniff/build/secretserver': CMAKE_PREFIX_PATH=/opt/ros/humble /usr/bin/cmake --build /home/dku-jsy/jsy/projects/intrasniff/build/secretserver -- -j16 -l16
[0.627s] [ 25%] [32mBuilding CXX object CMakeFiles/secretserver.dir/src/secretserver.cpp.o[0m
[0.627s] [ 50%] [32mBuilding CXX object CMakeFiles/dbinteract.dir/src/dbinteract.cpp.o[0m
[5.645s] [ 75%] [32m[1mLinking CXX executable dbinteract[0m
[5.706s] [100%] [32m[1mLinking CXX executable secretserver[0m
[5.842s] [100%] Built target dbinteract
[5.906s] [100%] Built target secretserver
[5.911s] Invoked command in '/home/dku-jsy/jsy/projects/intrasniff/build/secretserver' returned '0': CMAKE_PREFIX_PATH=/opt/ros/humble /usr/bin/cmake --build /home/dku-jsy/jsy/projects/intrasniff/build/secretserver -- -j16 -l16
[5.928s] Invoking command in '/home/dku-jsy/jsy/projects/intrasniff/build/secretserver': CMAKE_PREFIX_PATH=/opt/ros/humble /usr/bin/cmake --install /home/dku-jsy/jsy/projects/intrasniff/build/secretserver
[5.932s] -- Install configuration: ""
[5.932s] -- Installing: /home/dku-jsy/jsy/projects/intrasniff/install/secretserver/lib/secretserver/secretserver
[5.933s] -- Set runtime path of "/home/dku-jsy/jsy/projects/intrasniff/install/secretserver/lib/secretserver/secretserver" to ""
[5.933s] -- Installing: /home/dku-jsy/jsy/projects/intrasniff/install/secretserver/lib/secretserver/dbinteract
[5.935s] -- Set runtime path of "/home/dku-jsy/jsy/projects/intrasniff/install/secretserver/lib/secretserver/dbinteract" to ""
[5.935s] -- Installing: /home/dku-jsy/jsy/projects/intrasniff/install/secretserver/share/ament_index/resource_index/package_run_dependencies/secretserver
[5.935s] -- Installing: /home/dku-jsy/jsy/projects/intrasniff/install/secretserver/share/ament_index/resource_index/parent_prefix_path/secretserver
[5.935s] -- Installing: /home/dku-jsy/jsy/projects/intrasniff/install/secretserver/share/secretserver/environment/ament_prefix_path.sh
[5.935s] -- Installing: /home/dku-jsy/jsy/projects/intrasniff/install/secretserver/share/secretserver/environment/ament_prefix_path.dsv
[5.935s] -- Installing: /home/dku-jsy/jsy/projects/intrasniff/install/secretserver/share/secretserver/environment/path.sh
[5.935s] -- Installing: /home/dku-jsy/jsy/projects/intrasniff/install/secretserver/share/secretserver/environment/path.dsv
[5.935s] -- Installing: /home/dku-jsy/jsy/projects/intrasniff/install/secretserver/share/secretserver/local_setup.bash
[5.935s] -- Installing: /home/dku-jsy/jsy/projects/intrasniff/install/secretserver/share/secretserver/local_setup.sh
[5.935s] -- Installing: /home/dku-jsy/jsy/projects/intrasniff/install/secretserver/share/secretserver/local_setup.zsh
[5.935s] -- Installing: /home/dku-jsy/jsy/projects/intrasniff/install/secretserver/share/secretserver/local_setup.dsv
[5.935s] -- Installing: /home/dku-jsy/jsy/projects/intrasniff/install/secretserver/share/secretserver/package.dsv
[5.935s] -- Installing: /home/dku-jsy/jsy/projects/intrasniff/install/secretserver/share/ament_index/resource_index/packages/secretserver
[5.935s] -- Installing: /home/dku-jsy/jsy/projects/intrasniff/install/secretserver/share/secretserver/cmake/secretserverConfig.cmake
[5.936s] -- Installing: /home/dku-jsy/jsy/projects/intrasniff/install/secretserver/share/secretserver/cmake/secretserverConfig-version.cmake
[5.936s] -- Installing: /home/dku-jsy/jsy/projects/intrasniff/install/secretserver/share/secretserver/package.xml
[5.937s] Invoked command in '/home/dku-jsy/jsy/projects/intrasniff/build/secretserver' returned '0': CMAKE_PREFIX_PATH=/opt/ros/humble /usr/bin/cmake --install /home/dku-jsy/jsy/projects/intrasniff/build/secretserver
