[0.005s] Invoking command in '/home/emkim/projects/ros2/static_fuzz/target/intrasniff/src/secretserver/build/secretserver': CMAKE_PREFIX_PATH=/opt/ros/humble /usr/bin/cmake /home/emkim/projects/ros2/static_fuzz/target/intrasniff/src/secretserver -DCMAKE_BUILD_TYPE=Debug -DCMAKE_INSTALL_PREFIX=/home/emkim/projects/ros2/static_fuzz/target/intrasniff/src/secretserver/install/secretserver
[0.112s] -- The C compiler identification is Clang 13.0.1
[0.239s] -- The CXX compiler identification is Clang 13.0.1
[0.243s] -- Detecting C compiler ABI info
[0.338s] -- Detecting C compiler ABI info - done
[0.356s] -- Check for working C compiler: /usr/bin/afl-clang-fast - skipped
[0.356s] -- Detecting C compile features
[0.356s] -- Detecting C compile features - done
[0.358s] -- Detecting CXX compiler ABI info
[0.473s] -- Detecting CXX compiler ABI info - done
[0.492s] -- Check for working CXX compiler: /usr/bin/afl-clang-fast++ - skipped
[0.492s] -- Detecting CXX compile features
[0.492s] -- Detecting CXX compile features - done
[0.493s] -- Found ament_cmake: 1.3.10 (/opt/ros/humble/share/ament_cmake/cmake)
[0.577s] -- Found Python3: /usr/bin/python3 (found version "3.10.12") found components: Interpreter 
[0.621s] -- Found rclcpp: 16.0.10 (/opt/ros/humble/share/rclcpp/cmake)
[0.641s] -- Found rosidl_generator_c: 3.1.5 (/opt/ros/humble/share/rosidl_generator_c/cmake)
[0.643s] -- Found rosidl_adapter: 3.1.5 (/opt/ros/humble/share/rosidl_adapter/cmake)
[0.647s] -- Found rosidl_generator_cpp: 3.1.5 (/opt/ros/humble/share/rosidl_generator_cpp/cmake)
[0.653s] -- Using all available rosidl_typesupport_c: rosidl_typesupport_fastrtps_c;rosidl_typesupport_introspection_c
[0.661s] -- Using all available rosidl_typesupport_cpp: rosidl_typesupport_fastrtps_cpp;rosidl_typesupport_introspection_cpp
[0.682s] -- Found rmw_implementation_cmake: 6.1.2 (/opt/ros/humble/share/rmw_implementation_cmake/cmake)
[0.683s] -- Found rmw_fastrtps_cpp: 6.2.7 (/opt/ros/humble/share/rmw_fastrtps_cpp/cmake)
[0.722s] -- Found OpenSSL: /usr/lib/x86_64-linux-gnu/libcrypto.so (found version "3.0.2")  
[0.735s] -- Found FastRTPS: /opt/ros/humble/include  
[0.755s] -- Using RMW implementation 'rmw_fastrtps_cpp' as default
[0.758s] -- Looking for pthread.h
[0.858s] -- Looking for pthread.h - found
[0.858s] -- Performing Test CMAKE_HAVE_LIBC_PTHREAD
[0.962s] -- Performing Test CMAKE_HAVE_LIBC_PTHREAD - Success
[0.963s] -- Found Threads: TRUE  
[0.990s] -- Found ament_lint_auto: 0.12.11 (/opt/ros/humble/share/ament_lint_auto/cmake)
[1.032s] -- Added test 'copyright' to check source files copyright and LICENSE
[1.036s] -- Added test 'cppcheck' to perform static code analysis on C / C++ code
[1.036s] -- Configured cppcheck include dirs: $<BUILD_INTERFACE:/home/emkim/projects/ros2/static_fuzz/target/intrasniff/src/secretserver/include>
[1.036s] -- Configured cppcheck exclude dirs and/or files: 
[1.040s] -- Added test 'cpplint' to check C / C++ code against the Google style
[1.040s] -- Configured cpplint exclude dirs and/or files: 
[1.040s] -- Added test 'flake8' to check Python code syntax and style conventions
[1.041s] -- Added test 'lint_cmake' to check CMake code style
[1.042s] -- Added test 'pep257' to check Python code against some of the docstring style conventions in PEP 257
[1.046s] -- Added test 'uncrustify' to check C / C++ code style
[1.046s] -- Configured uncrustify additional arguments: 
[1.047s] -- Added test 'xmllint' to check XML markup files
[1.047s] -- Configuring done
[1.053s] -- Generating done
[1.054s] -- Build files have been written to: /home/emkim/projects/ros2/static_fuzz/target/intrasniff/src/secretserver/build/secretserver
[1.058s] Invoked command in '/home/emkim/projects/ros2/static_fuzz/target/intrasniff/src/secretserver/build/secretserver' returned '0': CMAKE_PREFIX_PATH=/opt/ros/humble /usr/bin/cmake /home/emkim/projects/ros2/static_fuzz/target/intrasniff/src/secretserver -DCMAKE_BUILD_TYPE=Debug -DCMAKE_INSTALL_PREFIX=/home/emkim/projects/ros2/static_fuzz/target/intrasniff/src/secretserver/install/secretserver
[1.059s] Invoking command in '/home/emkim/projects/ros2/static_fuzz/target/intrasniff/src/secretserver/build/secretserver': CMAKE_PREFIX_PATH=/opt/ros/humble /usr/bin/cmake --build /home/emkim/projects/ros2/static_fuzz/target/intrasniff/src/secretserver/build/secretserver -- -j16 -l16
[1.084s] [ 50%] [32mBuilding CXX object CMakeFiles/secretserver.dir/src/secretserver.cpp.o[0m
[1.084s] [ 50%] [32mBuilding CXX object CMakeFiles/dbinteract.dir/src/dbinteract.cpp.o[0m
[1.084s] [0;36mafl-cc++4.00c[0m by Michal Zalewski, Laszlo Szekeres, Marc Heuse - mode: LLVM-PCGUARD
[1.084s] [1;93m[!] [1;97mWARNING: [0mFound '-fsanitize-coverage=trace-pc-guard' - stripping![0m
[1.084s] [0;36mafl-cc++4.00c[0m by Michal Zalewski, Laszlo Szekeres, Marc Heuse - mode: LLVM-PCGUARD
[1.084s] [1;93m[!] [1;97mWARNING: [0mFound '-fsanitize-coverage=trace-pc-guard' - stripping![0m
[7.210s] [0;36mSanitizerCoveragePCGUARD++4.00c[0m
[7.210s] Info: Found constructor function _GLOBAL__sub_I_dbinteract.cpp with prio 65535, we will not instrument this, putting it into a block list.
[7.242s] Info: Found constructor function _GLOBAL__sub_I_secretserver.cpp with prio 65535, we will not instrument this, putting it into a block list.
[7.242s] [0;36mSanitizerCoveragePCGUARD++4.00c[0m
[7.260s] [1;92m[+] [0mInstrumented 8663 locations with no collisions (non-hardened, ASAN mode) of which are 45 handled and 0 unhandled selects.[0m
[7.296s] [1;92m[+] [0mInstrumented 9193 locations with no collisions (non-hardened, ASAN mode) of which are 48 handled and 0 unhandled selects.[0m
[13.613s] [ 75%] [32m[1mLinking CXX executable dbinteract[0m
[13.618s] [0;36mafl-cc++4.00c[0m by Michal Zalewski, Laszlo Szekeres, Marc Heuse - mode: LLVM-PCGUARD
[13.618s] [1;93m[!] [1;97mWARNING: [0mFound '-fsanitize-coverage=trace-pc-guard' - stripping![0m
[13.808s] [ 75%] Built target dbinteract
[13.893s] [100%] [32m[1mLinking CXX executable secretserver[0m
[13.897s] [0;36mafl-cc++4.00c[0m by Michal Zalewski, Laszlo Szekeres, Marc Heuse - mode: LLVM-PCGUARD
[13.897s] [1;93m[!] [1;97mWARNING: [0mFound '-fsanitize-coverage=trace-pc-guard' - stripping![0m
[14.082s] [100%] Built target secretserver
[14.092s] Invoked command in '/home/emkim/projects/ros2/static_fuzz/target/intrasniff/src/secretserver/build/secretserver' returned '0': CMAKE_PREFIX_PATH=/opt/ros/humble /usr/bin/cmake --build /home/emkim/projects/ros2/static_fuzz/target/intrasniff/src/secretserver/build/secretserver -- -j16 -l16
[14.110s] Invoking command in '/home/emkim/projects/ros2/static_fuzz/target/intrasniff/src/secretserver/build/secretserver': CMAKE_PREFIX_PATH=/opt/ros/humble /usr/bin/cmake --install /home/emkim/projects/ros2/static_fuzz/target/intrasniff/src/secretserver/build/secretserver
[14.114s] -- Install configuration: "Debug"
[14.114s] -- Installing: /home/emkim/projects/ros2/static_fuzz/target/intrasniff/src/secretserver/install/secretserver/lib/secretserver/secretserver
[14.119s] -- Set runtime path of "/home/emkim/projects/ros2/static_fuzz/target/intrasniff/src/secretserver/install/secretserver/lib/secretserver/secretserver" to ""
[14.119s] -- Installing: /home/emkim/projects/ros2/static_fuzz/target/intrasniff/src/secretserver/install/secretserver/lib/secretserver/dbinteract
[14.124s] -- Set runtime path of "/home/emkim/projects/ros2/static_fuzz/target/intrasniff/src/secretserver/install/secretserver/lib/secretserver/dbinteract" to ""
[14.124s] -- Installing: /home/emkim/projects/ros2/static_fuzz/target/intrasniff/src/secretserver/install/secretserver/share/ament_index/resource_index/package_run_dependencies/secretserver
[14.124s] -- Installing: /home/emkim/projects/ros2/static_fuzz/target/intrasniff/src/secretserver/install/secretserver/share/ament_index/resource_index/parent_prefix_path/secretserver
[14.124s] -- Installing: /home/emkim/projects/ros2/static_fuzz/target/intrasniff/src/secretserver/install/secretserver/share/secretserver/environment/ament_prefix_path.sh
[14.124s] -- Installing: /home/emkim/projects/ros2/static_fuzz/target/intrasniff/src/secretserver/install/secretserver/share/secretserver/environment/ament_prefix_path.dsv
[14.124s] -- Installing: /home/emkim/projects/ros2/static_fuzz/target/intrasniff/src/secretserver/install/secretserver/share/secretserver/environment/path.sh
[14.124s] -- Installing: /home/emkim/projects/ros2/static_fuzz/target/intrasniff/src/secretserver/install/secretserver/share/secretserver/environment/path.dsv
[14.124s] -- Installing: /home/emkim/projects/ros2/static_fuzz/target/intrasniff/src/secretserver/install/secretserver/share/secretserver/local_setup.bash
[14.124s] -- Installing: /home/emkim/projects/ros2/static_fuzz/target/intrasniff/src/secretserver/install/secretserver/share/secretserver/local_setup.sh
[14.124s] -- Installing: /home/emkim/projects/ros2/static_fuzz/target/intrasniff/src/secretserver/install/secretserver/share/secretserver/local_setup.zsh
[14.124s] -- Installing: /home/emkim/projects/ros2/static_fuzz/target/intrasniff/src/secretserver/install/secretserver/share/secretserver/local_setup.dsv
[14.125s] -- Installing: /home/emkim/projects/ros2/static_fuzz/target/intrasniff/src/secretserver/install/secretserver/share/secretserver/package.dsv
[14.125s] -- Installing: /home/emkim/projects/ros2/static_fuzz/target/intrasniff/src/secretserver/install/secretserver/share/ament_index/resource_index/packages/secretserver
[14.125s] -- Installing: /home/emkim/projects/ros2/static_fuzz/target/intrasniff/src/secretserver/install/secretserver/share/secretserver/cmake/secretserverConfig.cmake
[14.125s] -- Installing: /home/emkim/projects/ros2/static_fuzz/target/intrasniff/src/secretserver/install/secretserver/share/secretserver/cmake/secretserverConfig-version.cmake
[14.125s] -- Installing: /home/emkim/projects/ros2/static_fuzz/target/intrasniff/src/secretserver/install/secretserver/share/secretserver/package.xml
[14.126s] Invoked command in '/home/emkim/projects/ros2/static_fuzz/target/intrasniff/src/secretserver/build/secretserver' returned '0': CMAKE_PREFIX_PATH=/opt/ros/humble /usr/bin/cmake --install /home/emkim/projects/ros2/static_fuzz/target/intrasniff/src/secretserver/build/secretserver
