[0.004s] Invoking command in '/home/emkim/projects/ros2/static_fuzz/target/intrasniff/src/secretserver/build/secretserver': CMAKE_PREFIX_PATH=/opt/ros/humble /usr/bin/cmake /home/emkim/projects/ros2/static_fuzz/target/intrasniff/src/secretserver -DAMENT_CMAKE_SYMLINK_INSTALL=1 -DCMAKE_INSTALL_PREFIX=/home/emkim/projects/ros2/static_fuzz/target/intrasniff/src/secretserver/install/secretserver
[0.031s] -- The C compiler identification is GNU 11.4.0
[0.059s] -- The CXX compiler identification is GNU 11.4.0
[0.063s] -- Detecting C compiler ABI info
[0.106s] -- Detecting C compiler ABI info - done
[0.112s] -- Check for working C compiler: /usr/bin/cc - skipped
[0.112s] -- Detecting C compile features
[0.112s] -- Detecting C compile features - done
[0.114s] -- Detecting CXX compiler ABI info
[0.159s] -- Detecting CXX compiler ABI info - done
[0.163s] -- Check for working CXX compiler: /usr/bin/c++ - skipped
[0.163s] -- Detecting CXX compile features
[0.164s] -- Detecting CXX compile features - done
[0.165s] -- Found ament_cmake: 1.3.10 (/opt/ros/humble/share/ament_cmake/cmake)
[0.245s] -- Found Python3: /usr/bin/python3 (found version "3.10.12") found components: Interpreter 
[0.277s] -- Override CMake install command with custom implementation using symlinks instead of copying resources
[0.296s] -- Found rclcpp: 16.0.10 (/opt/ros/humble/share/rclcpp/cmake)
[0.315s] -- Found rosidl_generator_c: 3.1.5 (/opt/ros/humble/share/rosidl_generator_c/cmake)
[0.317s] -- Found rosidl_adapter: 3.1.5 (/opt/ros/humble/share/rosidl_adapter/cmake)
[0.320s] -- Found rosidl_generator_cpp: 3.1.5 (/opt/ros/humble/share/rosidl_generator_cpp/cmake)
[0.326s] -- Using all available rosidl_typesupport_c: rosidl_typesupport_fastrtps_c;rosidl_typesupport_introspection_c
[0.333s] -- Using all available rosidl_typesupport_cpp: rosidl_typesupport_fastrtps_cpp;rosidl_typesupport_introspection_cpp
[0.353s] -- Found rmw_implementation_cmake: 6.1.2 (/opt/ros/humble/share/rmw_implementation_cmake/cmake)
[0.354s] -- Found rmw_fastrtps_cpp: 6.2.7 (/opt/ros/humble/share/rmw_fastrtps_cpp/cmake)
[0.392s] -- Found OpenSSL: /usr/lib/x86_64-linux-gnu/libcrypto.so (found version "3.0.2")  
[0.404s] -- Found FastRTPS: /opt/ros/humble/include  
[0.422s] -- Using RMW implementation 'rmw_fastrtps_cpp' as default
[0.426s] -- Looking for pthread.h
[0.461s] -- Looking for pthread.h - found
[0.461s] -- Performing Test CMAKE_HAVE_LIBC_PTHREAD
[0.497s] -- Performing Test CMAKE_HAVE_LIBC_PTHREAD - Success
[0.498s] -- Found Threads: TRUE  
[0.525s] -- Found ament_lint_auto: 0.12.11 (/opt/ros/humble/share/ament_lint_auto/cmake)
[0.565s] -- Added test 'copyright' to check source files copyright and LICENSE
[0.567s] -- Added test 'cppcheck' to perform static code analysis on C / C++ code
[0.568s] -- Configured cppcheck include dirs: $<BUILD_INTERFACE:/home/emkim/projects/ros2/static_fuzz/target/intrasniff/src/secretserver/include>
[0.568s] -- Configured cppcheck exclude dirs and/or files: 
[0.569s] -- Added test 'cpplint' to check C / C++ code against the Google style
[0.569s] -- Configured cpplint exclude dirs and/or files: 
[0.570s] -- Added test 'lint_cmake' to check CMake code style
[0.572s] -- Added test 'uncrustify' to check C / C++ code style
[0.572s] -- Configured uncrustify additional arguments: 
[0.573s] -- Added test 'xmllint' to check XML markup files
[0.573s] -- Configuring done
[0.579s] -- Generating done
[0.580s] -- Build files have been written to: /home/emkim/projects/ros2/static_fuzz/target/intrasniff/src/secretserver/build/secretserver
[0.585s] Invoked command in '/home/emkim/projects/ros2/static_fuzz/target/intrasniff/src/secretserver/build/secretserver' returned '0': CMAKE_PREFIX_PATH=/opt/ros/humble /usr/bin/cmake /home/emkim/projects/ros2/static_fuzz/target/intrasniff/src/secretserver -DAMENT_CMAKE_SYMLINK_INSTALL=1 -DCMAKE_INSTALL_PREFIX=/home/emkim/projects/ros2/static_fuzz/target/intrasniff/src/secretserver/install/secretserver
[0.585s] Invoking command in '/home/emkim/projects/ros2/static_fuzz/target/intrasniff/src/secretserver/build/secretserver': CMAKE_PREFIX_PATH=/opt/ros/humble /usr/bin/cmake --build /home/emkim/projects/ros2/static_fuzz/target/intrasniff/src/secretserver/build/secretserver -- -j16 -l16
[0.610s] [ 50%] [32mBuilding CXX object CMakeFiles/secretserver.dir/src/secretserver.cpp.o[0m
[0.610s] [ 50%] [32mBuilding CXX object CMakeFiles/dbinteract.dir/src/dbinteract.cpp.o[0m
[5.581s] [ 75%] [32m[1mLinking CXX executable dbinteract[0m
[5.742s] [100%] [32m[1mLinking CXX executable secretserver[0m
[5.777s] [100%] Built target dbinteract
[5.929s] [100%] Built target secretserver
[5.939s] Invoked command in '/home/emkim/projects/ros2/static_fuzz/target/intrasniff/src/secretserver/build/secretserver' returned '0': CMAKE_PREFIX_PATH=/opt/ros/humble /usr/bin/cmake --build /home/emkim/projects/ros2/static_fuzz/target/intrasniff/src/secretserver/build/secretserver -- -j16 -l16
[5.956s] Invoking command in '/home/emkim/projects/ros2/static_fuzz/target/intrasniff/src/secretserver/build/secretserver': CMAKE_PREFIX_PATH=/opt/ros/humble /usr/bin/cmake --install /home/emkim/projects/ros2/static_fuzz/target/intrasniff/src/secretserver/build/secretserver
[5.960s] -- Install configuration: ""
[5.960s] -- Execute custom install script
[5.961s] -- Symlinking: /home/emkim/projects/ros2/static_fuzz/target/intrasniff/src/secretserver/install/secretserver/lib/secretserver/secretserver
[5.969s] -- Symlinking: /home/emkim/projects/ros2/static_fuzz/target/intrasniff/src/secretserver/install/secretserver/lib/secretserver/dbinteract
[5.975s] -- Symlinking: /home/emkim/projects/ros2/static_fuzz/target/intrasniff/src/secretserver/install/secretserver/share/ament_index/resource_index/package_run_dependencies/secretserver
[5.979s] -- Symlinking: /home/emkim/projects/ros2/static_fuzz/target/intrasniff/src/secretserver/install/secretserver/share/ament_index/resource_index/parent_prefix_path/secretserver
[5.984s] -- Symlinking: /home/emkim/projects/ros2/static_fuzz/target/intrasniff/src/secretserver/install/secretserver/share/secretserver/environment/ament_prefix_path.sh
[5.988s] -- Symlinking: /home/emkim/projects/ros2/static_fuzz/target/intrasniff/src/secretserver/install/secretserver/share/secretserver/environment/ament_prefix_path.dsv
[5.992s] -- Symlinking: /home/emkim/projects/ros2/static_fuzz/target/intrasniff/src/secretserver/install/secretserver/share/secretserver/environment/path.sh
[5.996s] -- Symlinking: /home/emkim/projects/ros2/static_fuzz/target/intrasniff/src/secretserver/install/secretserver/share/secretserver/environment/path.dsv
[6.000s] -- Symlinking: /home/emkim/projects/ros2/static_fuzz/target/intrasniff/src/secretserver/install/secretserver/share/secretserver/local_setup.bash
[6.004s] -- Symlinking: /home/emkim/projects/ros2/static_fuzz/target/intrasniff/src/secretserver/install/secretserver/share/secretserver/local_setup.sh
[6.009s] -- Symlinking: /home/emkim/projects/ros2/static_fuzz/target/intrasniff/src/secretserver/install/secretserver/share/secretserver/local_setup.zsh
[6.014s] -- Symlinking: /home/emkim/projects/ros2/static_fuzz/target/intrasniff/src/secretserver/install/secretserver/share/secretserver/local_setup.dsv
[6.019s] -- Symlinking: /home/emkim/projects/ros2/static_fuzz/target/intrasniff/src/secretserver/install/secretserver/share/secretserver/package.dsv
[6.023s] -- Symlinking: /home/emkim/projects/ros2/static_fuzz/target/intrasniff/src/secretserver/install/secretserver/share/ament_index/resource_index/packages/secretserver
[6.027s] -- Symlinking: /home/emkim/projects/ros2/static_fuzz/target/intrasniff/src/secretserver/install/secretserver/share/secretserver/cmake/secretserverConfig.cmake
[6.031s] -- Symlinking: /home/emkim/projects/ros2/static_fuzz/target/intrasniff/src/secretserver/install/secretserver/share/secretserver/cmake/secretserverConfig-version.cmake
[6.035s] -- Symlinking: /home/emkim/projects/ros2/static_fuzz/target/intrasniff/src/secretserver/install/secretserver/share/secretserver/package.xml
[6.040s] Invoked command in '/home/emkim/projects/ros2/static_fuzz/target/intrasniff/src/secretserver/build/secretserver' returned '0': CMAKE_PREFIX_PATH=/opt/ros/humble /usr/bin/cmake --install /home/emkim/projects/ros2/static_fuzz/target/intrasniff/src/secretserver/build/secretserver
