The system is: Linux - 6.8.0-47-generic - x86_64
Compiling the C compiler identification source file "CMakeCCompilerId.c" succeeded.
Compiler: /usr/bin/afl-clang-fast 
Build flags: 
Id flags:  

The output was:
0


Compilation of the C compiler identification source "CMakeCCompilerId.c" produced "a.out"

The C compiler identification is Clang, found in "/home/emkim/projects/ros2/static_fuzz/target/intrasniff/src/secretserver/build/secretserver/CMakeFiles/3.22.1/CompilerIdC/a.out"

Compiling the CXX compiler identification source file "CMakeCXXCompilerId.cpp" succeeded.
Compiler: /usr/bin/afl-clang-fast++ 
Build flags: 
Id flags:  

The output was:
0


Compilation of the CXX compiler identification source "CMakeCXXCompilerId.cpp" produced "a.out"

The CXX compiler identification is Clang, found in "/home/emkim/projects/ros2/static_fuzz/target/intrasniff/src/secretserver/build/secretserver/CMakeFiles/3.22.1/CompilerIdCXX/a.out"

Detecting C compiler ABI info compiled with the following output:
Change Dir: /home/emkim/projects/ros2/static_fuzz/target/intrasniff/src/secretserver/build/secretserver/CMakeFiles/CMakeTmp

Run Build Command(s):/usr/bin/gmake -f Makefile cmTC_2ad25/fast && /usr/bin/gmake  -f CMakeFiles/cmTC_2ad25.dir/build.make CMakeFiles/cmTC_2ad25.dir/build
gmake[1]: Entering directory '/home/emkim/projects/ros2/static_fuzz/target/intrasniff/src/secretserver/build/secretserver/CMakeFiles/CMakeTmp'
Building C object CMakeFiles/cmTC_2ad25.dir/CMakeCCompilerABI.c.o
/usr/bin/afl-clang-fast   -v -MD -MT CMakeFiles/cmTC_2ad25.dir/CMakeCCompilerABI.c.o -MF CMakeFiles/cmTC_2ad25.dir/CMakeCCompilerABI.c.o.d -o CMakeFiles/cmTC_2ad25.dir/CMakeCCompilerABI.c.o -c /usr/share/cmake-3.22/Modules/CMakeCCompilerABI.c
Ubuntu clang version 13.0.1-2ubuntu2.2
Target: x86_64-pc-linux-gnu
Thread model: posix
InstalledDir: /usr/lib/llvm-13/bin
Found candidate GCC installation: /usr/lib/gcc/x86_64-linux-gnu/11
Selected GCC installation: /usr/lib/gcc/x86_64-linux-gnu/11
Candidate multilib: .;@m64
Selected multilib: .;@m64
 (in-process)
 "/usr/lib/llvm-13/bin/clang" -cc1 -triple x86_64-pc-linux-gnu -emit-obj --mrelax-relocations -disable-free -disable-llvm-verifier -discard-value-names -main-file-name CMakeCCompilerABI.c -mrelocation-model static -mframe-pointer=none -fmath-errno -fno-rounding-math -mconstructor-aliases -munwind-tables -target-cpu x86-64 -tune-cpu generic -debug-info-kind=constructor -dwarf-version=4 -debugger-tuning=gdb -v -fcoverage-compilation-dir=/home/emkim/projects/ros2/static_fuzz/target/intrasniff/src/secretserver/build/secretserver/CMakeFiles/CMakeTmp -resource-dir /usr/lib/llvm-13/lib/clang/13.0.1 -dependency-file CMakeFiles/cmTC_2ad25.dir/CMakeCCompilerABI.c.o.d -MT CMakeFiles/cmTC_2ad25.dir/CMakeCCompilerABI.c.o -sys-header-deps -U _FORTIFY_SOURCE -D __AFL_HAVE_MANUAL_CONTROL=1 -D __AFL_COMPILER=1 -D FUZZING_BUILD_MODE_UNSAFE_FOR_PRODUCTION=1 -D "__AFL_FUZZ_INIT()=int __afl_sharedmem_fuzzing = 1;extern unsigned int *__afl_fuzz_len;extern unsigned char *__afl_fuzz_ptr;unsigned char __afl_fuzz_alt[1048576];unsigned char *__afl_fuzz_alt_ptr = __afl_fuzz_alt;" -D "__AFL_COVERAGE()=int __afl_selective_coverage = 1;void __afl_coverage_discard();void __afl_coverage_skip();void __afl_coverage_on();void __afl_coverage_off();" -D "__AFL_COVERAGE_START_OFF()=int __afl_selective_coverage_start_off = 1;" -D __AFL_COVERAGE_ON()=__afl_coverage_on() -D __AFL_COVERAGE_OFF()=__afl_coverage_off() -D __AFL_COVERAGE_DISCARD()=__afl_coverage_discard() -D __AFL_COVERAGE_SKIP()=__afl_coverage_skip() -D "__AFL_FUZZ_TESTCASE_BUF=(__afl_fuzz_ptr ? __afl_fuzz_ptr : __afl_fuzz_alt_ptr)" -D "__AFL_FUZZ_TESTCASE_LEN=(__afl_fuzz_ptr ? *__afl_fuzz_len : (*__afl_fuzz_len = read(0, __afl_fuzz_alt_ptr, 1048576)) == 0xffffffff ? 0 : *__afl_fuzz_len)" -D "__AFL_LOOP(_A)=({ static volatile char *_B __attribute__((used));  _B = (char*)\"##SIG_AFL_PERSISTENT##\"; __attribute__((visibility(\"default\"))) int _L(unsigned int) __asm__(\"__afl_persistent_loop\"); _L(_A); })" -D "__AFL_INIT()=do { static volatile char *_A __attribute__((used));  _A = (char*)\"##SIG_AFL_DEFER_FORKSRV##\"; __attribute__((visibility(\"default\"))) void _I(void) __asm__(\"__afl_manual_init\"); _I(); } while (0)" -internal-isystem /usr/lib/llvm-13/lib/clang/13.0.1/include -internal-isystem /usr/local/include -internal-isystem /usr/lib/gcc/x86_64-linux-gnu/11/../../../../x86_64-linux-gnu/include -internal-externc-isystem /usr/include/x86_64-linux-gnu -internal-externc-isystem /include -internal-externc-isystem /usr/include -O3 -Wno-unused-command-line-argument -Wno-unused-command-line-argument -fdebug-compilation-dir=/home/emkim/projects/ros2/static_fuzz/target/intrasniff/src/secretserver/build/secretserver/CMakeFiles/CMakeTmp -ferror-limit 19 -fsanitize=address -fsanitize-system-ignorelist=/usr/lib/llvm-13/lib/clang/13.0.1/share/asan_ignorelist.txt -fsanitize-address-use-after-scope -fno-assume-sane-operator-new -funroll-loops -fgnuc-version=4.2.1 -flegacy-pass-manager -vectorize-loops -vectorize-slp -load /usr/bin/../lib/afl/SanitizerCoveragePCGUARD.so -faddrsig -D__GCC_HAVE_DWARF2_CFI_ASM=1 -o CMakeFiles/cmTC_2ad25.dir/CMakeCCompilerABI.c.o -x c /usr/share/cmake-3.22/Modules/CMakeCCompilerABI.c
clang -cc1 version 13.0.1 based upon LLVM 13.0.1 default target x86_64-pc-linux-gnu
ignoring nonexistent directory "/usr/lib/gcc/x86_64-linux-gnu/11/../../../../x86_64-linux-gnu/include"
ignoring nonexistent directory "/include"
#include "..." search starts here:
#include <...> search starts here:
 /usr/lib/llvm-13/lib/clang/13.0.1/include
 /usr/local/include
 /usr/include/x86_64-linux-gnu
 /usr/include
End of search list.
Linking C executable cmTC_2ad25
/usr/bin/cmake -E cmake_link_script CMakeFiles/cmTC_2ad25.dir/link.txt --verbose=1
/usr/bin/afl-clang-fast  -v CMakeFiles/cmTC_2ad25.dir/CMakeCCompilerABI.c.o -o cmTC_2ad25 
Ubuntu clang version 13.0.1-2ubuntu2.2
Target: x86_64-pc-linux-gnu
Thread model: posix
InstalledDir: /usr/lib/llvm-13/bin
Found candidate GCC installation: /usr/lib/gcc/x86_64-linux-gnu/11
Selected GCC installation: /usr/lib/gcc/x86_64-linux-gnu/11
Candidate multilib: .;@m64
Selected multilib: .;@m64
 "/usr/bin/ld" --build-id --eh-frame-hdr -m elf_x86_64 -dynamic-linker /lib64/ld-linux-x86-64.so.2 -o cmTC_2ad25 /lib/x86_64-linux-gnu/crt1.o /lib/x86_64-linux-gnu/crti.o /usr/lib/gcc/x86_64-linux-gnu/11/crtbegin.o -L/usr/lib/gcc/x86_64-linux-gnu/11 -L/usr/lib/gcc/x86_64-linux-gnu/11/../../../../lib64 -L/lib/x86_64-linux-gnu -L/lib/../lib64 -L/usr/lib/x86_64-linux-gnu -L/usr/lib/../lib64 -L/usr/lib/llvm-13/bin/../lib -L/lib -L/usr/lib --whole-archive /usr/lib/llvm-13/lib/clang/13.0.1/lib/linux/libclang_rt.asan-x86_64.a --no-whole-archive --dynamic-list=/usr/lib/llvm-13/lib/clang/13.0.1/lib/linux/libclang_rt.asan-x86_64.a.syms CMakeFiles/cmTC_2ad25.dir/CMakeCCompilerABI.c.o /usr/bin/../lib/afl/afl-compiler-rt.o --dynamic-list=/usr/bin/../lib/afl/dynamic_list.txt --no-as-needed -lpthread -lrt -lm -ldl -lgcc --as-needed -lgcc_s --no-as-needed -lc -lgcc --as-needed -lgcc_s --no-as-needed /usr/lib/gcc/x86_64-linux-gnu/11/crtend.o /lib/x86_64-linux-gnu/crtn.o
gmake[1]: Leaving directory '/home/emkim/projects/ros2/static_fuzz/target/intrasniff/src/secretserver/build/secretserver/CMakeFiles/CMakeTmp'



Parsed C implicit include dir info from above output: rv=done
  found start of include info
  found start of implicit include info
    add: [/usr/lib/llvm-13/lib/clang/13.0.1/include]
    add: [/usr/local/include]
    add: [/usr/include/x86_64-linux-gnu]
    add: [/usr/include]
  end of search list found
  collapse include dir [/usr/lib/llvm-13/lib/clang/13.0.1/include] ==> [/usr/lib/llvm-13/lib/clang/13.0.1/include]
  collapse include dir [/usr/local/include] ==> [/usr/local/include]
  collapse include dir [/usr/include/x86_64-linux-gnu] ==> [/usr/include/x86_64-linux-gnu]
  collapse include dir [/usr/include] ==> [/usr/include]
  implicit include dirs: [/usr/lib/llvm-13/lib/clang/13.0.1/include;/usr/local/include;/usr/include/x86_64-linux-gnu;/usr/include]


Parsed C implicit link information from above output:
  link line regex: [^( *|.*[/\])(ld|CMAKE_LINK_STARTFILE-NOTFOUND|([^/\]+-)?ld|collect2)[^/\]*( |$)]
  ignore line: [Change Dir: /home/emkim/projects/ros2/static_fuzz/target/intrasniff/src/secretserver/build/secretserver/CMakeFiles/CMakeTmp]
  ignore line: []
  ignore line: [Run Build Command(s):/usr/bin/gmake -f Makefile cmTC_2ad25/fast && /usr/bin/gmake  -f CMakeFiles/cmTC_2ad25.dir/build.make CMakeFiles/cmTC_2ad25.dir/build]
  ignore line: [gmake[1]: Entering directory '/home/emkim/projects/ros2/static_fuzz/target/intrasniff/src/secretserver/build/secretserver/CMakeFiles/CMakeTmp']
  ignore line: [Building C object CMakeFiles/cmTC_2ad25.dir/CMakeCCompilerABI.c.o]
  ignore line: [/usr/bin/afl-clang-fast   -v -MD -MT CMakeFiles/cmTC_2ad25.dir/CMakeCCompilerABI.c.o -MF CMakeFiles/cmTC_2ad25.dir/CMakeCCompilerABI.c.o.d -o CMakeFiles/cmTC_2ad25.dir/CMakeCCompilerABI.c.o -c /usr/share/cmake-3.22/Modules/CMakeCCompilerABI.c]
  ignore line: [Ubuntu clang version 13.0.1-2ubuntu2.2]
  ignore line: [Target: x86_64-pc-linux-gnu]
  ignore line: [Thread model: posix]
  ignore line: [InstalledDir: /usr/lib/llvm-13/bin]
  ignore line: [Found candidate GCC installation: /usr/lib/gcc/x86_64-linux-gnu/11]
  ignore line: [Selected GCC installation: /usr/lib/gcc/x86_64-linux-gnu/11]
  ignore line: [Candidate multilib: .]
  ignore line: [@m64]
  ignore line: [Selected multilib: .]
  ignore line: [@m64]
  ignore line: [ (in-process)]
  ignore line: [ "/usr/lib/llvm-13/bin/clang" -cc1 -triple x86_64-pc-linux-gnu -emit-obj --mrelax-relocations -disable-free -disable-llvm-verifier -discard-value-names -main-file-name CMakeCCompilerABI.c -mrelocation-model static -mframe-pointer=none -fmath-errno -fno-rounding-math -mconstructor-aliases -munwind-tables -target-cpu x86-64 -tune-cpu generic -debug-info-kind=constructor -dwarf-version=4 -debugger-tuning=gdb -v -fcoverage-compilation-dir=/home/emkim/projects/ros2/static_fuzz/target/intrasniff/src/secretserver/build/secretserver/CMakeFiles/CMakeTmp -resource-dir /usr/lib/llvm-13/lib/clang/13.0.1 -dependency-file CMakeFiles/cmTC_2ad25.dir/CMakeCCompilerABI.c.o.d -MT CMakeFiles/cmTC_2ad25.dir/CMakeCCompilerABI.c.o -sys-header-deps -U _FORTIFY_SOURCE -D __AFL_HAVE_MANUAL_CONTROL=1 -D __AFL_COMPILER=1 -D FUZZING_BUILD_MODE_UNSAFE_FOR_PRODUCTION=1 -D "__AFL_FUZZ_INIT()=int __afl_sharedmem_fuzzing = 1]
  ignore line: [extern unsigned int *__afl_fuzz_len]
  ignore line: [extern unsigned char *__afl_fuzz_ptr]
  ignore line: [unsigned char __afl_fuzz_alt[1048576]]
  ignore line: [unsigned char *__afl_fuzz_alt_ptr = __afl_fuzz_alt]
  ignore line: [" -D "__AFL_COVERAGE()=int __afl_selective_coverage = 1]
  ignore line: [void __afl_coverage_discard()]
  ignore line: [void __afl_coverage_skip()]
  ignore line: [void __afl_coverage_on()]
  ignore line: [void __afl_coverage_off()]
  ignore line: [" -D "__AFL_COVERAGE_START_OFF()=int __afl_selective_coverage_start_off = 1]
  ignore line: [" -D __AFL_COVERAGE_ON()=__afl_coverage_on() -D __AFL_COVERAGE_OFF()=__afl_coverage_off() -D __AFL_COVERAGE_DISCARD()=__afl_coverage_discard() -D __AFL_COVERAGE_SKIP()=__afl_coverage_skip() -D "__AFL_FUZZ_TESTCASE_BUF=(__afl_fuzz_ptr ? __afl_fuzz_ptr : __afl_fuzz_alt_ptr)" -D "__AFL_FUZZ_TESTCASE_LEN=(__afl_fuzz_ptr ? *__afl_fuzz_len : (*__afl_fuzz_len = read(0  __afl_fuzz_alt_ptr  1048576)) == 0xffffffff ? 0 : *__afl_fuzz_len)" -D "__AFL_LOOP(_A)=({ static volatile char *_B __attribute__((used))]
  ignore line: [  _B = (char*)\"##SIG_AFL_PERSISTENT##\"]
  ignore line: [ __attribute__((visibility(\"default\"))) int _L(unsigned int) __asm__(\"__afl_persistent_loop\")]
  ignore line: [ _L(_A)]
  ignore line: [ })" -D "__AFL_INIT()=do { static volatile char *_A __attribute__((used))]
  ignore line: [  _A = (char*)\"##SIG_AFL_DEFER_FORKSRV##\"]
  ignore line: [ __attribute__((visibility(\"default\"))) void _I(void) __asm__(\"__afl_manual_init\")]
  ignore line: [ _I()]
  ignore line: [ } while (0)" -internal-isystem /usr/lib/llvm-13/lib/clang/13.0.1/include -internal-isystem /usr/local/include -internal-isystem /usr/lib/gcc/x86_64-linux-gnu/11/../../../../x86_64-linux-gnu/include -internal-externc-isystem /usr/include/x86_64-linux-gnu -internal-externc-isystem /include -internal-externc-isystem /usr/include -O3 -Wno-unused-command-line-argument -Wno-unused-command-line-argument -fdebug-compilation-dir=/home/emkim/projects/ros2/static_fuzz/target/intrasniff/src/secretserver/build/secretserver/CMakeFiles/CMakeTmp -ferror-limit 19 -fsanitize=address -fsanitize-system-ignorelist=/usr/lib/llvm-13/lib/clang/13.0.1/share/asan_ignorelist.txt -fsanitize-address-use-after-scope -fno-assume-sane-operator-new -funroll-loops -fgnuc-version=4.2.1 -flegacy-pass-manager -vectorize-loops -vectorize-slp -load /usr/bin/../lib/afl/SanitizerCoveragePCGUARD.so -faddrsig -D__GCC_HAVE_DWARF2_CFI_ASM=1 -o CMakeFiles/cmTC_2ad25.dir/CMakeCCompilerABI.c.o -x c /usr/share/cmake-3.22/Modules/CMakeCCompilerABI.c]
  ignore line: [clang -cc1 version 13.0.1 based upon LLVM 13.0.1 default target x86_64-pc-linux-gnu]
  ignore line: [ignoring nonexistent directory "/usr/lib/gcc/x86_64-linux-gnu/11/../../../../x86_64-linux-gnu/include"]
  ignore line: [ignoring nonexistent directory "/include"]
  ignore line: [#include "..." search starts here:]
  ignore line: [#include <...> search starts here:]
  ignore line: [ /usr/lib/llvm-13/lib/clang/13.0.1/include]
  ignore line: [ /usr/local/include]
  ignore line: [ /usr/include/x86_64-linux-gnu]
  ignore line: [ /usr/include]
  ignore line: [End of search list.]
  ignore line: [Linking C executable cmTC_2ad25]
  ignore line: [/usr/bin/cmake -E cmake_link_script CMakeFiles/cmTC_2ad25.dir/link.txt --verbose=1]
  ignore line: [/usr/bin/afl-clang-fast  -v CMakeFiles/cmTC_2ad25.dir/CMakeCCompilerABI.c.o -o cmTC_2ad25 ]
  ignore line: [Ubuntu clang version 13.0.1-2ubuntu2.2]
  ignore line: [Target: x86_64-pc-linux-gnu]
  ignore line: [Thread model: posix]
  ignore line: [InstalledDir: /usr/lib/llvm-13/bin]
  ignore line: [Found candidate GCC installation: /usr/lib/gcc/x86_64-linux-gnu/11]
  ignore line: [Selected GCC installation: /usr/lib/gcc/x86_64-linux-gnu/11]
  ignore line: [Candidate multilib: .]
  ignore line: [@m64]
  ignore line: [Selected multilib: .]
  ignore line: [@m64]
  link line: [ "/usr/bin/ld" --build-id --eh-frame-hdr -m elf_x86_64 -dynamic-linker /lib64/ld-linux-x86-64.so.2 -o cmTC_2ad25 /lib/x86_64-linux-gnu/crt1.o /lib/x86_64-linux-gnu/crti.o /usr/lib/gcc/x86_64-linux-gnu/11/crtbegin.o -L/usr/lib/gcc/x86_64-linux-gnu/11 -L/usr/lib/gcc/x86_64-linux-gnu/11/../../../../lib64 -L/lib/x86_64-linux-gnu -L/lib/../lib64 -L/usr/lib/x86_64-linux-gnu -L/usr/lib/../lib64 -L/usr/lib/llvm-13/bin/../lib -L/lib -L/usr/lib --whole-archive /usr/lib/llvm-13/lib/clang/13.0.1/lib/linux/libclang_rt.asan-x86_64.a --no-whole-archive --dynamic-list=/usr/lib/llvm-13/lib/clang/13.0.1/lib/linux/libclang_rt.asan-x86_64.a.syms CMakeFiles/cmTC_2ad25.dir/CMakeCCompilerABI.c.o /usr/bin/../lib/afl/afl-compiler-rt.o --dynamic-list=/usr/bin/../lib/afl/dynamic_list.txt --no-as-needed -lpthread -lrt -lm -ldl -lgcc --as-needed -lgcc_s --no-as-needed -lc -lgcc --as-needed -lgcc_s --no-as-needed /usr/lib/gcc/x86_64-linux-gnu/11/crtend.o /lib/x86_64-linux-gnu/crtn.o]
    arg [/usr/bin/ld] ==> ignore
    arg [--build-id] ==> ignore
    arg [--eh-frame-hdr] ==> ignore
    arg [-m] ==> ignore
    arg [elf_x86_64] ==> ignore
    arg [-dynamic-linker] ==> ignore
    arg [/lib64/ld-linux-x86-64.so.2] ==> ignore
    arg [-o] ==> ignore
    arg [cmTC_2ad25] ==> ignore
    arg [/lib/x86_64-linux-gnu/crt1.o] ==> obj [/lib/x86_64-linux-gnu/crt1.o]
    arg [/lib/x86_64-linux-gnu/crti.o] ==> obj [/lib/x86_64-linux-gnu/crti.o]
    arg [/usr/lib/gcc/x86_64-linux-gnu/11/crtbegin.o] ==> obj [/usr/lib/gcc/x86_64-linux-gnu/11/crtbegin.o]
    arg [-L/usr/lib/gcc/x86_64-linux-gnu/11] ==> dir [/usr/lib/gcc/x86_64-linux-gnu/11]
    arg [-L/usr/lib/gcc/x86_64-linux-gnu/11/../../../../lib64] ==> dir [/usr/lib/gcc/x86_64-linux-gnu/11/../../../../lib64]
    arg [-L/lib/x86_64-linux-gnu] ==> dir [/lib/x86_64-linux-gnu]
    arg [-L/lib/../lib64] ==> dir [/lib/../lib64]
    arg [-L/usr/lib/x86_64-linux-gnu] ==> dir [/usr/lib/x86_64-linux-gnu]
    arg [-L/usr/lib/../lib64] ==> dir [/usr/lib/../lib64]
    arg [-L/usr/lib/llvm-13/bin/../lib] ==> dir [/usr/lib/llvm-13/bin/../lib]
    arg [-L/lib] ==> dir [/lib]
    arg [-L/usr/lib] ==> dir [/usr/lib]
    arg [--whole-archive] ==> ignore
    arg [/usr/lib/llvm-13/lib/clang/13.0.1/lib/linux/libclang_rt.asan-x86_64.a] ==> lib [/usr/lib/llvm-13/lib/clang/13.0.1/lib/linux/libclang_rt.asan-x86_64.a]
    arg [--no-whole-archive] ==> ignore
    arg [--dynamic-list=/usr/lib/llvm-13/lib/clang/13.0.1/lib/linux/libclang_rt.asan-x86_64.a.syms] ==> ignore
    arg [CMakeFiles/cmTC_2ad25.dir/CMakeCCompilerABI.c.o] ==> ignore
    arg [/usr/bin/../lib/afl/afl-compiler-rt.o] ==> obj [/usr/bin/../lib/afl/afl-compiler-rt.o]
    arg [--dynamic-list=/usr/bin/../lib/afl/dynamic_list.txt] ==> ignore
    arg [--no-as-needed] ==> ignore
    arg [-lpthread] ==> lib [pthread]
    arg [-lrt] ==> lib [rt]
    arg [-lm] ==> lib [m]
    arg [-ldl] ==> lib [dl]
    arg [-lgcc] ==> lib [gcc]
    arg [--as-needed] ==> ignore
    arg [-lgcc_s] ==> lib [gcc_s]
    arg [--no-as-needed] ==> ignore
    arg [-lc] ==> lib [c]
    arg [-lgcc] ==> lib [gcc]
    arg [--as-needed] ==> ignore
    arg [-lgcc_s] ==> lib [gcc_s]
    arg [--no-as-needed] ==> ignore
    arg [/usr/lib/gcc/x86_64-linux-gnu/11/crtend.o] ==> obj [/usr/lib/gcc/x86_64-linux-gnu/11/crtend.o]
    arg [/lib/x86_64-linux-gnu/crtn.o] ==> obj [/lib/x86_64-linux-gnu/crtn.o]
  remove lib [/usr/lib/llvm-13/lib/clang/13.0.1/lib/linux/libclang_rt.asan-x86_64.a]
  collapse obj [/usr/bin/../lib/afl/afl-compiler-rt.o] ==> [/usr/lib/afl/afl-compiler-rt.o]
  collapse library dir [/usr/lib/gcc/x86_64-linux-gnu/11] ==> [/usr/lib/gcc/x86_64-linux-gnu/11]
  collapse library dir [/usr/lib/gcc/x86_64-linux-gnu/11/../../../../lib64] ==> [/usr/lib64]
  collapse library dir [/lib/x86_64-linux-gnu] ==> [/lib/x86_64-linux-gnu]
  collapse library dir [/lib/../lib64] ==> [/lib64]
  collapse library dir [/usr/lib/x86_64-linux-gnu] ==> [/usr/lib/x86_64-linux-gnu]
  collapse library dir [/usr/lib/../lib64] ==> [/usr/lib64]
  collapse library dir [/usr/lib/llvm-13/bin/../lib] ==> [/usr/lib/llvm-13/lib]
  collapse library dir [/lib] ==> [/lib]
  collapse library dir [/usr/lib] ==> [/usr/lib]
  implicit libs: [pthread;rt;m;dl;gcc;gcc_s;c;gcc;gcc_s]
  implicit objs: [/lib/x86_64-linux-gnu/crt1.o;/lib/x86_64-linux-gnu/crti.o;/usr/lib/gcc/x86_64-linux-gnu/11/crtbegin.o;/usr/lib/afl/afl-compiler-rt.o;/usr/lib/gcc/x86_64-linux-gnu/11/crtend.o;/lib/x86_64-linux-gnu/crtn.o]
  implicit dirs: [/usr/lib/gcc/x86_64-linux-gnu/11;/usr/lib64;/lib/x86_64-linux-gnu;/lib64;/usr/lib/x86_64-linux-gnu;/usr/lib/llvm-13/lib;/lib;/usr/lib]
  implicit fwks: []


Detecting CXX compiler ABI info compiled with the following output:
Change Dir: /home/emkim/projects/ros2/static_fuzz/target/intrasniff/src/secretserver/build/secretserver/CMakeFiles/CMakeTmp

Run Build Command(s):/usr/bin/gmake -f Makefile cmTC_feaad/fast && /usr/bin/gmake  -f CMakeFiles/cmTC_feaad.dir/build.make CMakeFiles/cmTC_feaad.dir/build
gmake[1]: Entering directory '/home/emkim/projects/ros2/static_fuzz/target/intrasniff/src/secretserver/build/secretserver/CMakeFiles/CMakeTmp'
Building CXX object CMakeFiles/cmTC_feaad.dir/CMakeCXXCompilerABI.cpp.o
/usr/bin/afl-clang-fast++   -v -MD -MT CMakeFiles/cmTC_feaad.dir/CMakeCXXCompilerABI.cpp.o -MF CMakeFiles/cmTC_feaad.dir/CMakeCXXCompilerABI.cpp.o.d -o CMakeFiles/cmTC_feaad.dir/CMakeCXXCompilerABI.cpp.o -c /usr/share/cmake-3.22/Modules/CMakeCXXCompilerABI.cpp
Ubuntu clang version 13.0.1-2ubuntu2.2
Target: x86_64-pc-linux-gnu
Thread model: posix
InstalledDir: /usr/lib/llvm-13/bin
Found candidate GCC installation: /usr/lib/gcc/x86_64-linux-gnu/11
Selected GCC installation: /usr/lib/gcc/x86_64-linux-gnu/11
Candidate multilib: .;@m64
Selected multilib: .;@m64
 (in-process)
 "/usr/lib/llvm-13/bin/clang" -cc1 -triple x86_64-pc-linux-gnu -emit-obj --mrelax-relocations -disable-free -disable-llvm-verifier -discard-value-names -main-file-name CMakeCXXCompilerABI.cpp -mrelocation-model static -mframe-pointer=none -fmath-errno -fno-rounding-math -mconstructor-aliases -munwind-tables -target-cpu x86-64 -tune-cpu generic -debug-info-kind=constructor -dwarf-version=4 -debugger-tuning=gdb -v -fcoverage-compilation-dir=/home/emkim/projects/ros2/static_fuzz/target/intrasniff/src/secretserver/build/secretserver/CMakeFiles/CMakeTmp -resource-dir /usr/lib/llvm-13/lib/clang/13.0.1 -dependency-file CMakeFiles/cmTC_feaad.dir/CMakeCXXCompilerABI.cpp.o.d -MT CMakeFiles/cmTC_feaad.dir/CMakeCXXCompilerABI.cpp.o -sys-header-deps -U _FORTIFY_SOURCE -D __AFL_HAVE_MANUAL_CONTROL=1 -D __AFL_COMPILER=1 -D FUZZING_BUILD_MODE_UNSAFE_FOR_PRODUCTION=1 -D "__AFL_FUZZ_INIT()=int __afl_sharedmem_fuzzing = 1;extern unsigned int *__afl_fuzz_len;extern unsigned char *__afl_fuzz_ptr;unsigned char __afl_fuzz_alt[1048576];unsigned char *__afl_fuzz_alt_ptr = __afl_fuzz_alt;" -D "__AFL_COVERAGE()=int __afl_selective_coverage = 1;extern \"C\" void __afl_coverage_discard();extern \"C\" void __afl_coverage_skip();extern \"C\" void __afl_coverage_on();extern \"C\" void __afl_coverage_off();" -D "__AFL_COVERAGE_START_OFF()=int __afl_selective_coverage_start_off = 1;" -D __AFL_COVERAGE_ON()=__afl_coverage_on() -D __AFL_COVERAGE_OFF()=__afl_coverage_off() -D __AFL_COVERAGE_DISCARD()=__afl_coverage_discard() -D __AFL_COVERAGE_SKIP()=__afl_coverage_skip() -D "__AFL_FUZZ_TESTCASE_BUF=(__afl_fuzz_ptr ? __afl_fuzz_ptr : __afl_fuzz_alt_ptr)" -D "__AFL_FUZZ_TESTCASE_LEN=(__afl_fuzz_ptr ? *__afl_fuzz_len : (*__afl_fuzz_len = read(0, __afl_fuzz_alt_ptr, 1048576)) == 0xffffffff ? 0 : *__afl_fuzz_len)" -D "__AFL_LOOP(_A)=({ static volatile char *_B __attribute__((used));  _B = (char*)\"##SIG_AFL_PERSISTENT##\"; __attribute__((visibility(\"default\"))) int _L(unsigned int) __asm__(\"__afl_persistent_loop\"); _L(_A); })" -D "__AFL_INIT()=do { static volatile char *_A __attribute__((used));  _A = (char*)\"##SIG_AFL_DEFER_FORKSRV##\"; __attribute__((visibility(\"default\"))) void _I(void) __asm__(\"__afl_manual_init\"); _I(); } while (0)" -internal-isystem /usr/lib/gcc/x86_64-linux-gnu/11/../../../../include/c++/11 -internal-isystem /usr/lib/gcc/x86_64-linux-gnu/11/../../../../include/x86_64-linux-gnu/c++/11 -internal-isystem /usr/lib/gcc/x86_64-linux-gnu/11/../../../../include/c++/11/backward -internal-isystem /usr/lib/llvm-13/lib/clang/13.0.1/include -internal-isystem /usr/local/include -internal-isystem /usr/lib/gcc/x86_64-linux-gnu/11/../../../../x86_64-linux-gnu/include -internal-externc-isystem /usr/include/x86_64-linux-gnu -internal-externc-isystem /include -internal-externc-isystem /usr/include -O3 -Wno-unused-command-line-argument -Wno-unused-command-line-argument -fdeprecated-macro -fdebug-compilation-dir=/home/emkim/projects/ros2/static_fuzz/target/intrasniff/src/secretserver/build/secretserver/CMakeFiles/CMakeTmp -ferror-limit 19 -fsanitize=address -fsanitize-system-ignorelist=/usr/lib/llvm-13/lib/clang/13.0.1/share/asan_ignorelist.txt -fsanitize-address-use-after-scope -fno-assume-sane-operator-new -funroll-loops -fgnuc-version=4.2.1 -flegacy-pass-manager -fcxx-exceptions -fexceptions -vectorize-loops -vectorize-slp -load /usr/bin/../lib/afl/SanitizerCoveragePCGUARD.so -faddrsig -D__GCC_HAVE_DWARF2_CFI_ASM=1 -o CMakeFiles/cmTC_feaad.dir/CMakeCXXCompilerABI.cpp.o -x c++ /usr/share/cmake-3.22/Modules/CMakeCXXCompilerABI.cpp
clang -cc1 version 13.0.1 based upon LLVM 13.0.1 default target x86_64-pc-linux-gnu
ignoring nonexistent directory "/usr/lib/gcc/x86_64-linux-gnu/11/../../../../x86_64-linux-gnu/include"
ignoring nonexistent directory "/include"
#include "..." search starts here:
#include <...> search starts here:
 /usr/lib/gcc/x86_64-linux-gnu/11/../../../../include/c++/11
 /usr/lib/gcc/x86_64-linux-gnu/11/../../../../include/x86_64-linux-gnu/c++/11
 /usr/lib/gcc/x86_64-linux-gnu/11/../../../../include/c++/11/backward
 /usr/lib/llvm-13/lib/clang/13.0.1/include
 /usr/local/include
 /usr/include/x86_64-linux-gnu
 /usr/include
End of search list.
Linking CXX executable cmTC_feaad
/usr/bin/cmake -E cmake_link_script CMakeFiles/cmTC_feaad.dir/link.txt --verbose=1
/usr/bin/afl-clang-fast++  -v CMakeFiles/cmTC_feaad.dir/CMakeCXXCompilerABI.cpp.o -o cmTC_feaad 
Ubuntu clang version 13.0.1-2ubuntu2.2
Target: x86_64-pc-linux-gnu
Thread model: posix
InstalledDir: /usr/lib/llvm-13/bin
Found candidate GCC installation: /usr/lib/gcc/x86_64-linux-gnu/11
Selected GCC installation: /usr/lib/gcc/x86_64-linux-gnu/11
Candidate multilib: .;@m64
Selected multilib: .;@m64
 "/usr/bin/ld" --build-id --eh-frame-hdr -m elf_x86_64 -dynamic-linker /lib64/ld-linux-x86-64.so.2 -o cmTC_feaad /lib/x86_64-linux-gnu/crt1.o /lib/x86_64-linux-gnu/crti.o /usr/lib/gcc/x86_64-linux-gnu/11/crtbegin.o -L/usr/lib/gcc/x86_64-linux-gnu/11 -L/usr/lib/gcc/x86_64-linux-gnu/11/../../../../lib64 -L/lib/x86_64-linux-gnu -L/lib/../lib64 -L/usr/lib/x86_64-linux-gnu -L/usr/lib/../lib64 -L/usr/lib/llvm-13/bin/../lib -L/lib -L/usr/lib --whole-archive /usr/lib/llvm-13/lib/clang/13.0.1/lib/linux/libclang_rt.asan-x86_64.a --no-whole-archive --dynamic-list=/usr/lib/llvm-13/lib/clang/13.0.1/lib/linux/libclang_rt.asan-x86_64.a.syms --whole-archive /usr/lib/llvm-13/lib/clang/13.0.1/lib/linux/libclang_rt.asan_cxx-x86_64.a --no-whole-archive --dynamic-list=/usr/lib/llvm-13/lib/clang/13.0.1/lib/linux/libclang_rt.asan_cxx-x86_64.a.syms CMakeFiles/cmTC_feaad.dir/CMakeCXXCompilerABI.cpp.o /usr/bin/../lib/afl/afl-compiler-rt.o --dynamic-list=/usr/bin/../lib/afl/dynamic_list.txt -lstdc++ -lm --no-as-needed -lpthread -lrt -lm -ldl -lgcc_s -lgcc -lc -lgcc_s -lgcc /usr/lib/gcc/x86_64-linux-gnu/11/crtend.o /lib/x86_64-linux-gnu/crtn.o
gmake[1]: Leaving directory '/home/emkim/projects/ros2/static_fuzz/target/intrasniff/src/secretserver/build/secretserver/CMakeFiles/CMakeTmp'



Parsed CXX implicit include dir info from above output: rv=done
  found start of include info
  found start of implicit include info
    add: [/usr/lib/gcc/x86_64-linux-gnu/11/../../../../include/c++/11]
    add: [/usr/lib/gcc/x86_64-linux-gnu/11/../../../../include/x86_64-linux-gnu/c++/11]
    add: [/usr/lib/gcc/x86_64-linux-gnu/11/../../../../include/c++/11/backward]
    add: [/usr/lib/llvm-13/lib/clang/13.0.1/include]
    add: [/usr/local/include]
    add: [/usr/include/x86_64-linux-gnu]
    add: [/usr/include]
  end of search list found
  collapse include dir [/usr/lib/gcc/x86_64-linux-gnu/11/../../../../include/c++/11] ==> [/usr/include/c++/11]
  collapse include dir [/usr/lib/gcc/x86_64-linux-gnu/11/../../../../include/x86_64-linux-gnu/c++/11] ==> [/usr/include/x86_64-linux-gnu/c++/11]
  collapse include dir [/usr/lib/gcc/x86_64-linux-gnu/11/../../../../include/c++/11/backward] ==> [/usr/include/c++/11/backward]
  collapse include dir [/usr/lib/llvm-13/lib/clang/13.0.1/include] ==> [/usr/lib/llvm-13/lib/clang/13.0.1/include]
  collapse include dir [/usr/local/include] ==> [/usr/local/include]
  collapse include dir [/usr/include/x86_64-linux-gnu] ==> [/usr/include/x86_64-linux-gnu]
  collapse include dir [/usr/include] ==> [/usr/include]
  implicit include dirs: [/usr/include/c++/11;/usr/include/x86_64-linux-gnu/c++/11;/usr/include/c++/11/backward;/usr/lib/llvm-13/lib/clang/13.0.1/include;/usr/local/include;/usr/include/x86_64-linux-gnu;/usr/include]


Parsed CXX implicit link information from above output:
  link line regex: [^( *|.*[/\])(ld|CMAKE_LINK_STARTFILE-NOTFOUND|([^/\]+-)?ld|collect2)[^/\]*( |$)]
  ignore line: [Change Dir: /home/emkim/projects/ros2/static_fuzz/target/intrasniff/src/secretserver/build/secretserver/CMakeFiles/CMakeTmp]
  ignore line: []
  ignore line: [Run Build Command(s):/usr/bin/gmake -f Makefile cmTC_feaad/fast && /usr/bin/gmake  -f CMakeFiles/cmTC_feaad.dir/build.make CMakeFiles/cmTC_feaad.dir/build]
  ignore line: [gmake[1]: Entering directory '/home/emkim/projects/ros2/static_fuzz/target/intrasniff/src/secretserver/build/secretserver/CMakeFiles/CMakeTmp']
  ignore line: [Building CXX object CMakeFiles/cmTC_feaad.dir/CMakeCXXCompilerABI.cpp.o]
  ignore line: [/usr/bin/afl-clang-fast++   -v -MD -MT CMakeFiles/cmTC_feaad.dir/CMakeCXXCompilerABI.cpp.o -MF CMakeFiles/cmTC_feaad.dir/CMakeCXXCompilerABI.cpp.o.d -o CMakeFiles/cmTC_feaad.dir/CMakeCXXCompilerABI.cpp.o -c /usr/share/cmake-3.22/Modules/CMakeCXXCompilerABI.cpp]
  ignore line: [Ubuntu clang version 13.0.1-2ubuntu2.2]
  ignore line: [Target: x86_64-pc-linux-gnu]
  ignore line: [Thread model: posix]
  ignore line: [InstalledDir: /usr/lib/llvm-13/bin]
  ignore line: [Found candidate GCC installation: /usr/lib/gcc/x86_64-linux-gnu/11]
  ignore line: [Selected GCC installation: /usr/lib/gcc/x86_64-linux-gnu/11]
  ignore line: [Candidate multilib: .]
  ignore line: [@m64]
  ignore line: [Selected multilib: .]
  ignore line: [@m64]
  ignore line: [ (in-process)]
  ignore line: [ "/usr/lib/llvm-13/bin/clang" -cc1 -triple x86_64-pc-linux-gnu -emit-obj --mrelax-relocations -disable-free -disable-llvm-verifier -discard-value-names -main-file-name CMakeCXXCompilerABI.cpp -mrelocation-model static -mframe-pointer=none -fmath-errno -fno-rounding-math -mconstructor-aliases -munwind-tables -target-cpu x86-64 -tune-cpu generic -debug-info-kind=constructor -dwarf-version=4 -debugger-tuning=gdb -v -fcoverage-compilation-dir=/home/emkim/projects/ros2/static_fuzz/target/intrasniff/src/secretserver/build/secretserver/CMakeFiles/CMakeTmp -resource-dir /usr/lib/llvm-13/lib/clang/13.0.1 -dependency-file CMakeFiles/cmTC_feaad.dir/CMakeCXXCompilerABI.cpp.o.d -MT CMakeFiles/cmTC_feaad.dir/CMakeCXXCompilerABI.cpp.o -sys-header-deps -U _FORTIFY_SOURCE -D __AFL_HAVE_MANUAL_CONTROL=1 -D __AFL_COMPILER=1 -D FUZZING_BUILD_MODE_UNSAFE_FOR_PRODUCTION=1 -D "__AFL_FUZZ_INIT()=int __afl_sharedmem_fuzzing = 1]
  ignore line: [extern unsigned int *__afl_fuzz_len]
  ignore line: [extern unsigned char *__afl_fuzz_ptr]
  ignore line: [unsigned char __afl_fuzz_alt[1048576]]
  ignore line: [unsigned char *__afl_fuzz_alt_ptr = __afl_fuzz_alt]
  ignore line: [" -D "__AFL_COVERAGE()=int __afl_selective_coverage = 1]
  ignore line: [extern \"C\" void __afl_coverage_discard()]
  ignore line: [extern \"C\" void __afl_coverage_skip()]
  ignore line: [extern \"C\" void __afl_coverage_on()]
  ignore line: [extern \"C\" void __afl_coverage_off()]
  ignore line: [" -D "__AFL_COVERAGE_START_OFF()=int __afl_selective_coverage_start_off = 1]
  ignore line: [" -D __AFL_COVERAGE_ON()=__afl_coverage_on() -D __AFL_COVERAGE_OFF()=__afl_coverage_off() -D __AFL_COVERAGE_DISCARD()=__afl_coverage_discard() -D __AFL_COVERAGE_SKIP()=__afl_coverage_skip() -D "__AFL_FUZZ_TESTCASE_BUF=(__afl_fuzz_ptr ? __afl_fuzz_ptr : __afl_fuzz_alt_ptr)" -D "__AFL_FUZZ_TESTCASE_LEN=(__afl_fuzz_ptr ? *__afl_fuzz_len : (*__afl_fuzz_len = read(0  __afl_fuzz_alt_ptr  1048576)) == 0xffffffff ? 0 : *__afl_fuzz_len)" -D "__AFL_LOOP(_A)=({ static volatile char *_B __attribute__((used))]
  ignore line: [  _B = (char*)\"##SIG_AFL_PERSISTENT##\"]
  ignore line: [ __attribute__((visibility(\"default\"))) int _L(unsigned int) __asm__(\"__afl_persistent_loop\")]
  ignore line: [ _L(_A)]
  ignore line: [ })" -D "__AFL_INIT()=do { static volatile char *_A __attribute__((used))]
  ignore line: [  _A = (char*)\"##SIG_AFL_DEFER_FORKSRV##\"]
  ignore line: [ __attribute__((visibility(\"default\"))) void _I(void) __asm__(\"__afl_manual_init\")]
  ignore line: [ _I()]
  ignore line: [ } while (0)" -internal-isystem /usr/lib/gcc/x86_64-linux-gnu/11/../../../../include/c++/11 -internal-isystem /usr/lib/gcc/x86_64-linux-gnu/11/../../../../include/x86_64-linux-gnu/c++/11 -internal-isystem /usr/lib/gcc/x86_64-linux-gnu/11/../../../../include/c++/11/backward -internal-isystem /usr/lib/llvm-13/lib/clang/13.0.1/include -internal-isystem /usr/local/include -internal-isystem /usr/lib/gcc/x86_64-linux-gnu/11/../../../../x86_64-linux-gnu/include -internal-externc-isystem /usr/include/x86_64-linux-gnu -internal-externc-isystem /include -internal-externc-isystem /usr/include -O3 -Wno-unused-command-line-argument -Wno-unused-command-line-argument -fdeprecated-macro -fdebug-compilation-dir=/home/emkim/projects/ros2/static_fuzz/target/intrasniff/src/secretserver/build/secretserver/CMakeFiles/CMakeTmp -ferror-limit 19 -fsanitize=address -fsanitize-system-ignorelist=/usr/lib/llvm-13/lib/clang/13.0.1/share/asan_ignorelist.txt -fsanitize-address-use-after-scope -fno-assume-sane-operator-new -funroll-loops -fgnuc-version=4.2.1 -flegacy-pass-manager -fcxx-exceptions -fexceptions -vectorize-loops -vectorize-slp -load /usr/bin/../lib/afl/SanitizerCoveragePCGUARD.so -faddrsig -D__GCC_HAVE_DWARF2_CFI_ASM=1 -o CMakeFiles/cmTC_feaad.dir/CMakeCXXCompilerABI.cpp.o -x c++ /usr/share/cmake-3.22/Modules/CMakeCXXCompilerABI.cpp]
  ignore line: [clang -cc1 version 13.0.1 based upon LLVM 13.0.1 default target x86_64-pc-linux-gnu]
  ignore line: [ignoring nonexistent directory "/usr/lib/gcc/x86_64-linux-gnu/11/../../../../x86_64-linux-gnu/include"]
  ignore line: [ignoring nonexistent directory "/include"]
  ignore line: [#include "..." search starts here:]
  ignore line: [#include <...> search starts here:]
  ignore line: [ /usr/lib/gcc/x86_64-linux-gnu/11/../../../../include/c++/11]
  ignore line: [ /usr/lib/gcc/x86_64-linux-gnu/11/../../../../include/x86_64-linux-gnu/c++/11]
  ignore line: [ /usr/lib/gcc/x86_64-linux-gnu/11/../../../../include/c++/11/backward]
  ignore line: [ /usr/lib/llvm-13/lib/clang/13.0.1/include]
  ignore line: [ /usr/local/include]
  ignore line: [ /usr/include/x86_64-linux-gnu]
  ignore line: [ /usr/include]
  ignore line: [End of search list.]
  ignore line: [Linking CXX executable cmTC_feaad]
  ignore line: [/usr/bin/cmake -E cmake_link_script CMakeFiles/cmTC_feaad.dir/link.txt --verbose=1]
  ignore line: [/usr/bin/afl-clang-fast++  -v CMakeFiles/cmTC_feaad.dir/CMakeCXXCompilerABI.cpp.o -o cmTC_feaad ]
  ignore line: [Ubuntu clang version 13.0.1-2ubuntu2.2]
  ignore line: [Target: x86_64-pc-linux-gnu]
  ignore line: [Thread model: posix]
  ignore line: [InstalledDir: /usr/lib/llvm-13/bin]
  ignore line: [Found candidate GCC installation: /usr/lib/gcc/x86_64-linux-gnu/11]
  ignore line: [Selected GCC installation: /usr/lib/gcc/x86_64-linux-gnu/11]
  ignore line: [Candidate multilib: .]
  ignore line: [@m64]
  ignore line: [Selected multilib: .]
  ignore line: [@m64]
  link line: [ "/usr/bin/ld" --build-id --eh-frame-hdr -m elf_x86_64 -dynamic-linker /lib64/ld-linux-x86-64.so.2 -o cmTC_feaad /lib/x86_64-linux-gnu/crt1.o /lib/x86_64-linux-gnu/crti.o /usr/lib/gcc/x86_64-linux-gnu/11/crtbegin.o -L/usr/lib/gcc/x86_64-linux-gnu/11 -L/usr/lib/gcc/x86_64-linux-gnu/11/../../../../lib64 -L/lib/x86_64-linux-gnu -L/lib/../lib64 -L/usr/lib/x86_64-linux-gnu -L/usr/lib/../lib64 -L/usr/lib/llvm-13/bin/../lib -L/lib -L/usr/lib --whole-archive /usr/lib/llvm-13/lib/clang/13.0.1/lib/linux/libclang_rt.asan-x86_64.a --no-whole-archive --dynamic-list=/usr/lib/llvm-13/lib/clang/13.0.1/lib/linux/libclang_rt.asan-x86_64.a.syms --whole-archive /usr/lib/llvm-13/lib/clang/13.0.1/lib/linux/libclang_rt.asan_cxx-x86_64.a --no-whole-archive --dynamic-list=/usr/lib/llvm-13/lib/clang/13.0.1/lib/linux/libclang_rt.asan_cxx-x86_64.a.syms CMakeFiles/cmTC_feaad.dir/CMakeCXXCompilerABI.cpp.o /usr/bin/../lib/afl/afl-compiler-rt.o --dynamic-list=/usr/bin/../lib/afl/dynamic_list.txt -lstdc++ -lm --no-as-needed -lpthread -lrt -lm -ldl -lgcc_s -lgcc -lc -lgcc_s -lgcc /usr/lib/gcc/x86_64-linux-gnu/11/crtend.o /lib/x86_64-linux-gnu/crtn.o]
    arg [/usr/bin/ld] ==> ignore
    arg [--build-id] ==> ignore
    arg [--eh-frame-hdr] ==> ignore
    arg [-m] ==> ignore
    arg [elf_x86_64] ==> ignore
    arg [-dynamic-linker] ==> ignore
    arg [/lib64/ld-linux-x86-64.so.2] ==> ignore
    arg [-o] ==> ignore
    arg [cmTC_feaad] ==> ignore
    arg [/lib/x86_64-linux-gnu/crt1.o] ==> obj [/lib/x86_64-linux-gnu/crt1.o]
    arg [/lib/x86_64-linux-gnu/crti.o] ==> obj [/lib/x86_64-linux-gnu/crti.o]
    arg [/usr/lib/gcc/x86_64-linux-gnu/11/crtbegin.o] ==> obj [/usr/lib/gcc/x86_64-linux-gnu/11/crtbegin.o]
    arg [-L/usr/lib/gcc/x86_64-linux-gnu/11] ==> dir [/usr/lib/gcc/x86_64-linux-gnu/11]
    arg [-L/usr/lib/gcc/x86_64-linux-gnu/11/../../../../lib64] ==> dir [/usr/lib/gcc/x86_64-linux-gnu/11/../../../../lib64]
    arg [-L/lib/x86_64-linux-gnu] ==> dir [/lib/x86_64-linux-gnu]
    arg [-L/lib/../lib64] ==> dir [/lib/../lib64]
    arg [-L/usr/lib/x86_64-linux-gnu] ==> dir [/usr/lib/x86_64-linux-gnu]
    arg [-L/usr/lib/../lib64] ==> dir [/usr/lib/../lib64]
    arg [-L/usr/lib/llvm-13/bin/../lib] ==> dir [/usr/lib/llvm-13/bin/../lib]
    arg [-L/lib] ==> dir [/lib]
    arg [-L/usr/lib] ==> dir [/usr/lib]
    arg [--whole-archive] ==> ignore
    arg [/usr/lib/llvm-13/lib/clang/13.0.1/lib/linux/libclang_rt.asan-x86_64.a] ==> lib [/usr/lib/llvm-13/lib/clang/13.0.1/lib/linux/libclang_rt.asan-x86_64.a]
    arg [--no-whole-archive] ==> ignore
    arg [--dynamic-list=/usr/lib/llvm-13/lib/clang/13.0.1/lib/linux/libclang_rt.asan-x86_64.a.syms] ==> ignore
    arg [--whole-archive] ==> ignore
    arg [/usr/lib/llvm-13/lib/clang/13.0.1/lib/linux/libclang_rt.asan_cxx-x86_64.a] ==> lib [/usr/lib/llvm-13/lib/clang/13.0.1/lib/linux/libclang_rt.asan_cxx-x86_64.a]
    arg [--no-whole-archive] ==> ignore
    arg [--dynamic-list=/usr/lib/llvm-13/lib/clang/13.0.1/lib/linux/libclang_rt.asan_cxx-x86_64.a.syms] ==> ignore
    arg [CMakeFiles/cmTC_feaad.dir/CMakeCXXCompilerABI.cpp.o] ==> ignore
    arg [/usr/bin/../lib/afl/afl-compiler-rt.o] ==> obj [/usr/bin/../lib/afl/afl-compiler-rt.o]
    arg [--dynamic-list=/usr/bin/../lib/afl/dynamic_list.txt] ==> ignore
    arg [-lstdc++] ==> lib [stdc++]
    arg [-lm] ==> lib [m]
    arg [--no-as-needed] ==> ignore
    arg [-lpthread] ==> lib [pthread]
    arg [-lrt] ==> lib [rt]
    arg [-lm] ==> lib [m]
    arg [-ldl] ==> lib [dl]
    arg [-lgcc_s] ==> lib [gcc_s]
    arg [-lgcc] ==> lib [gcc]
    arg [-lc] ==> lib [c]
    arg [-lgcc_s] ==> lib [gcc_s]
    arg [-lgcc] ==> lib [gcc]
    arg [/usr/lib/gcc/x86_64-linux-gnu/11/crtend.o] ==> obj [/usr/lib/gcc/x86_64-linux-gnu/11/crtend.o]
    arg [/lib/x86_64-linux-gnu/crtn.o] ==> obj [/lib/x86_64-linux-gnu/crtn.o]
  remove lib [/usr/lib/llvm-13/lib/clang/13.0.1/lib/linux/libclang_rt.asan-x86_64.a]
  remove lib [/usr/lib/llvm-13/lib/clang/13.0.1/lib/linux/libclang_rt.asan_cxx-x86_64.a]
  collapse obj [/usr/bin/../lib/afl/afl-compiler-rt.o] ==> [/usr/lib/afl/afl-compiler-rt.o]
  collapse library dir [/usr/lib/gcc/x86_64-linux-gnu/11] ==> [/usr/lib/gcc/x86_64-linux-gnu/11]
  collapse library dir [/usr/lib/gcc/x86_64-linux-gnu/11/../../../../lib64] ==> [/usr/lib64]
  collapse library dir [/lib/x86_64-linux-gnu] ==> [/lib/x86_64-linux-gnu]
  collapse library dir [/lib/../lib64] ==> [/lib64]
  collapse library dir [/usr/lib/x86_64-linux-gnu] ==> [/usr/lib/x86_64-linux-gnu]
  collapse library dir [/usr/lib/../lib64] ==> [/usr/lib64]
  collapse library dir [/usr/lib/llvm-13/bin/../lib] ==> [/usr/lib/llvm-13/lib]
  collapse library dir [/lib] ==> [/lib]
  collapse library dir [/usr/lib] ==> [/usr/lib]
  implicit libs: [stdc++;m;pthread;rt;m;dl;gcc_s;gcc;c;gcc_s;gcc]
  implicit objs: [/lib/x86_64-linux-gnu/crt1.o;/lib/x86_64-linux-gnu/crti.o;/usr/lib/gcc/x86_64-linux-gnu/11/crtbegin.o;/usr/lib/afl/afl-compiler-rt.o;/usr/lib/gcc/x86_64-linux-gnu/11/crtend.o;/lib/x86_64-linux-gnu/crtn.o]
  implicit dirs: [/usr/lib/gcc/x86_64-linux-gnu/11;/usr/lib64;/lib/x86_64-linux-gnu;/lib64;/usr/lib/x86_64-linux-gnu;/usr/lib/llvm-13/lib;/lib;/usr/lib]
  implicit fwks: []


Determining if the include file pthread.h exists passed with the following output:
Change Dir: /home/emkim/projects/ros2/static_fuzz/target/intrasniff/src/secretserver/build/secretserver/CMakeFiles/CMakeTmp

Run Build Command(s):/usr/bin/gmake -f Makefile cmTC_b6a23/fast && /usr/bin/gmake  -f CMakeFiles/cmTC_b6a23.dir/build.make CMakeFiles/cmTC_b6a23.dir/build
gmake[1]: Entering directory '/home/emkim/projects/ros2/static_fuzz/target/intrasniff/src/secretserver/build/secretserver/CMakeFiles/CMakeTmp'
Building C object CMakeFiles/cmTC_b6a23.dir/CheckIncludeFile.c.o
/usr/bin/afl-clang-fast    -MD -MT CMakeFiles/cmTC_b6a23.dir/CheckIncludeFile.c.o -MF CMakeFiles/cmTC_b6a23.dir/CheckIncludeFile.c.o.d -o CMakeFiles/cmTC_b6a23.dir/CheckIncludeFile.c.o -c /home/emkim/projects/ros2/static_fuzz/target/intrasniff/src/secretserver/build/secretserver/CMakeFiles/CMakeTmp/CheckIncludeFile.c
Linking C executable cmTC_b6a23
/usr/bin/cmake -E cmake_link_script CMakeFiles/cmTC_b6a23.dir/link.txt --verbose=1
/usr/bin/afl-clang-fast CMakeFiles/cmTC_b6a23.dir/CheckIncludeFile.c.o -o cmTC_b6a23 
gmake[1]: Leaving directory '/home/emkim/projects/ros2/static_fuzz/target/intrasniff/src/secretserver/build/secretserver/CMakeFiles/CMakeTmp'



Performing C SOURCE FILE Test CMAKE_HAVE_LIBC_PTHREAD succeeded with the following output:
Change Dir: /home/emkim/projects/ros2/static_fuzz/target/intrasniff/src/secretserver/build/secretserver/CMakeFiles/CMakeTmp

Run Build Command(s):/usr/bin/gmake -f Makefile cmTC_c696a/fast && /usr/bin/gmake  -f CMakeFiles/cmTC_c696a.dir/build.make CMakeFiles/cmTC_c696a.dir/build
gmake[1]: Entering directory '/home/emkim/projects/ros2/static_fuzz/target/intrasniff/src/secretserver/build/secretserver/CMakeFiles/CMakeTmp'
Building C object CMakeFiles/cmTC_c696a.dir/src.c.o
/usr/bin/afl-clang-fast -DCMAKE_HAVE_LIBC_PTHREAD   -MD -MT CMakeFiles/cmTC_c696a.dir/src.c.o -MF CMakeFiles/cmTC_c696a.dir/src.c.o.d -o CMakeFiles/cmTC_c696a.dir/src.c.o -c /home/emkim/projects/ros2/static_fuzz/target/intrasniff/src/secretserver/build/secretserver/CMakeFiles/CMakeTmp/src.c
Linking C executable cmTC_c696a
/usr/bin/cmake -E cmake_link_script CMakeFiles/cmTC_c696a.dir/link.txt --verbose=1
/usr/bin/afl-clang-fast CMakeFiles/cmTC_c696a.dir/src.c.o -o cmTC_c696a 
gmake[1]: Leaving directory '/home/emkim/projects/ros2/static_fuzz/target/intrasniff/src/secretserver/build/secretserver/CMakeFiles/CMakeTmp'


Source file was:
#include <pthread.h>

static void* test_func(void* data)
{
  return data;
}

int main(void)
{
  pthread_t thread;
  pthread_create(&thread, NULL, test_func, NULL);
  pthread_detach(thread);
  pthread_cancel(thread);
  pthread_join(thread, NULL);
  pthread_atfork(NULL, NULL, NULL);
  pthread_exit(NULL);

  return 0;
}

The system is: Linux - 6.8.0-47-generic - x86_64
Compiling the C compiler identification source file "CMakeCCompilerId.c" succeeded.
Compiler: /usr/bin/afl-clang-fast 
Build flags: 
Id flags:  

The output was:
0


Compilation of the C compiler identification source "CMakeCCompilerId.c" produced "a.out"

The C compiler identification is Clang, found in "/home/emkim/projects/ros2/static_fuzz/target/intrasniff/src/secretserver/build/secretserver/CMakeFiles/3.22.1/CompilerIdC/a.out"

Compiling the CXX compiler identification source file "CMakeCXXCompilerId.cpp" succeeded.
Compiler: /usr/bin/afl-clang-fast++ 
Build flags: 
Id flags:  

The output was:
0


Compilation of the CXX compiler identification source "CMakeCXXCompilerId.cpp" produced "a.out"

The CXX compiler identification is Clang, found in "/home/emkim/projects/ros2/static_fuzz/target/intrasniff/src/secretserver/build/secretserver/CMakeFiles/3.22.1/CompilerIdCXX/a.out"

Detecting C compiler ABI info compiled with the following output:
Change Dir: /home/emkim/projects/ros2/static_fuzz/target/intrasniff/src/secretserver/build/secretserver/CMakeFiles/CMakeTmp

Run Build Command(s):/usr/bin/gmake -f Makefile cmTC_8cc41/fast && /usr/bin/gmake  -f CMakeFiles/cmTC_8cc41.dir/build.make CMakeFiles/cmTC_8cc41.dir/build
gmake[1]: Entering directory '/home/emkim/projects/ros2/static_fuzz/target/intrasniff/src/secretserver/build/secretserver/CMakeFiles/CMakeTmp'
Building C object CMakeFiles/cmTC_8cc41.dir/CMakeCCompilerABI.c.o
/usr/bin/afl-clang-fast   -v -MD -MT CMakeFiles/cmTC_8cc41.dir/CMakeCCompilerABI.c.o -MF CMakeFiles/cmTC_8cc41.dir/CMakeCCompilerABI.c.o.d -o CMakeFiles/cmTC_8cc41.dir/CMakeCCompilerABI.c.o -c /usr/share/cmake-3.22/Modules/CMakeCCompilerABI.c
Ubuntu clang version 13.0.1-2ubuntu2.2
Target: x86_64-pc-linux-gnu
Thread model: posix
InstalledDir: /usr/lib/llvm-13/bin
Found candidate GCC installation: /usr/lib/gcc/x86_64-linux-gnu/11
Selected GCC installation: /usr/lib/gcc/x86_64-linux-gnu/11
Candidate multilib: .;@m64
Selected multilib: .;@m64
 (in-process)
 "/usr/lib/llvm-13/bin/clang" -cc1 -triple x86_64-pc-linux-gnu -emit-obj --mrelax-relocations -disable-free -disable-llvm-verifier -discard-value-names -main-file-name CMakeCCompilerABI.c -mrelocation-model static -mframe-pointer=none -fmath-errno -fno-rounding-math -mconstructor-aliases -munwind-tables -target-cpu x86-64 -tune-cpu generic -debug-info-kind=constructor -dwarf-version=4 -debugger-tuning=gdb -v -fcoverage-compilation-dir=/home/emkim/projects/ros2/static_fuzz/target/intrasniff/src/secretserver/build/secretserver/CMakeFiles/CMakeTmp -resource-dir /usr/lib/llvm-13/lib/clang/13.0.1 -dependency-file CMakeFiles/cmTC_8cc41.dir/CMakeCCompilerABI.c.o.d -MT CMakeFiles/cmTC_8cc41.dir/CMakeCCompilerABI.c.o -sys-header-deps -U _FORTIFY_SOURCE -D __AFL_HAVE_MANUAL_CONTROL=1 -D __AFL_COMPILER=1 -D FUZZING_BUILD_MODE_UNSAFE_FOR_PRODUCTION=1 -D "__AFL_FUZZ_INIT()=int __afl_sharedmem_fuzzing = 1;extern unsigned int *__afl_fuzz_len;extern unsigned char *__afl_fuzz_ptr;unsigned char __afl_fuzz_alt[1048576];unsigned char *__afl_fuzz_alt_ptr = __afl_fuzz_alt;" -D "__AFL_COVERAGE()=int __afl_selective_coverage = 1;void __afl_coverage_discard();void __afl_coverage_skip();void __afl_coverage_on();void __afl_coverage_off();" -D "__AFL_COVERAGE_START_OFF()=int __afl_selective_coverage_start_off = 1;" -D __AFL_COVERAGE_ON()=__afl_coverage_on() -D __AFL_COVERAGE_OFF()=__afl_coverage_off() -D __AFL_COVERAGE_DISCARD()=__afl_coverage_discard() -D __AFL_COVERAGE_SKIP()=__afl_coverage_skip() -D "__AFL_FUZZ_TESTCASE_BUF=(__afl_fuzz_ptr ? __afl_fuzz_ptr : __afl_fuzz_alt_ptr)" -D "__AFL_FUZZ_TESTCASE_LEN=(__afl_fuzz_ptr ? *__afl_fuzz_len : (*__afl_fuzz_len = read(0, __afl_fuzz_alt_ptr, 1048576)) == 0xffffffff ? 0 : *__afl_fuzz_len)" -D "__AFL_LOOP(_A)=({ static volatile char *_B __attribute__((used));  _B = (char*)\"##SIG_AFL_PERSISTENT##\"; __attribute__((visibility(\"default\"))) int _L(unsigned int) __asm__(\"__afl_persistent_loop\"); _L(_A); })" -D "__AFL_INIT()=do { static volatile char *_A __attribute__((used));  _A = (char*)\"##SIG_AFL_DEFER_FORKSRV##\"; __attribute__((visibility(\"default\"))) void _I(void) __asm__(\"__afl_manual_init\"); _I(); } while (0)" -internal-isystem /usr/lib/llvm-13/lib/clang/13.0.1/include -internal-isystem /usr/local/include -internal-isystem /usr/lib/gcc/x86_64-linux-gnu/11/../../../../x86_64-linux-gnu/include -internal-externc-isystem /usr/include/x86_64-linux-gnu -internal-externc-isystem /include -internal-externc-isystem /usr/include -O3 -Wno-unused-command-line-argument -Wno-unused-command-line-argument -fdebug-compilation-dir=/home/emkim/projects/ros2/static_fuzz/target/intrasniff/src/secretserver/build/secretserver/CMakeFiles/CMakeTmp -ferror-limit 19 -fsanitize=address -fsanitize-system-ignorelist=/usr/lib/llvm-13/lib/clang/13.0.1/share/asan_ignorelist.txt -fsanitize-address-use-after-scope -fno-assume-sane-operator-new -funroll-loops -fgnuc-version=4.2.1 -flegacy-pass-manager -vectorize-loops -vectorize-slp -load /usr/bin/../lib/afl/SanitizerCoveragePCGUARD.so -faddrsig -D__GCC_HAVE_DWARF2_CFI_ASM=1 -o CMakeFiles/cmTC_8cc41.dir/CMakeCCompilerABI.c.o -x c /usr/share/cmake-3.22/Modules/CMakeCCompilerABI.c
clang -cc1 version 13.0.1 based upon LLVM 13.0.1 default target x86_64-pc-linux-gnu
ignoring nonexistent directory "/usr/lib/gcc/x86_64-linux-gnu/11/../../../../x86_64-linux-gnu/include"
ignoring nonexistent directory "/include"
#include "..." search starts here:
#include <...> search starts here:
 /usr/lib/llvm-13/lib/clang/13.0.1/include
 /usr/local/include
 /usr/include/x86_64-linux-gnu
 /usr/include
End of search list.
Linking C executable cmTC_8cc41
/usr/bin/cmake -E cmake_link_script CMakeFiles/cmTC_8cc41.dir/link.txt --verbose=1
/usr/bin/afl-clang-fast  -v CMakeFiles/cmTC_8cc41.dir/CMakeCCompilerABI.c.o -o cmTC_8cc41 
Ubuntu clang version 13.0.1-2ubuntu2.2
Target: x86_64-pc-linux-gnu
Thread model: posix
InstalledDir: /usr/lib/llvm-13/bin
Found candidate GCC installation: /usr/lib/gcc/x86_64-linux-gnu/11
Selected GCC installation: /usr/lib/gcc/x86_64-linux-gnu/11
Candidate multilib: .;@m64
Selected multilib: .;@m64
 "/usr/bin/ld" --build-id --eh-frame-hdr -m elf_x86_64 -dynamic-linker /lib64/ld-linux-x86-64.so.2 -o cmTC_8cc41 /lib/x86_64-linux-gnu/crt1.o /lib/x86_64-linux-gnu/crti.o /usr/lib/gcc/x86_64-linux-gnu/11/crtbegin.o -L/usr/lib/gcc/x86_64-linux-gnu/11 -L/usr/lib/gcc/x86_64-linux-gnu/11/../../../../lib64 -L/lib/x86_64-linux-gnu -L/lib/../lib64 -L/usr/lib/x86_64-linux-gnu -L/usr/lib/../lib64 -L/usr/lib/llvm-13/bin/../lib -L/lib -L/usr/lib --whole-archive /usr/lib/llvm-13/lib/clang/13.0.1/lib/linux/libclang_rt.asan-x86_64.a --no-whole-archive --dynamic-list=/usr/lib/llvm-13/lib/clang/13.0.1/lib/linux/libclang_rt.asan-x86_64.a.syms CMakeFiles/cmTC_8cc41.dir/CMakeCCompilerABI.c.o /usr/bin/../lib/afl/afl-compiler-rt.o --dynamic-list=/usr/bin/../lib/afl/dynamic_list.txt --no-as-needed -lpthread -lrt -lm -ldl -lgcc --as-needed -lgcc_s --no-as-needed -lc -lgcc --as-needed -lgcc_s --no-as-needed /usr/lib/gcc/x86_64-linux-gnu/11/crtend.o /lib/x86_64-linux-gnu/crtn.o
gmake[1]: Leaving directory '/home/emkim/projects/ros2/static_fuzz/target/intrasniff/src/secretserver/build/secretserver/CMakeFiles/CMakeTmp'



Parsed C implicit include dir info from above output: rv=done
  found start of include info
  found start of implicit include info
    add: [/usr/lib/llvm-13/lib/clang/13.0.1/include]
    add: [/usr/local/include]
    add: [/usr/include/x86_64-linux-gnu]
    add: [/usr/include]
  end of search list found
  collapse include dir [/usr/lib/llvm-13/lib/clang/13.0.1/include] ==> [/usr/lib/llvm-13/lib/clang/13.0.1/include]
  collapse include dir [/usr/local/include] ==> [/usr/local/include]
  collapse include dir [/usr/include/x86_64-linux-gnu] ==> [/usr/include/x86_64-linux-gnu]
  collapse include dir [/usr/include] ==> [/usr/include]
  implicit include dirs: [/usr/lib/llvm-13/lib/clang/13.0.1/include;/usr/local/include;/usr/include/x86_64-linux-gnu;/usr/include]


Parsed C implicit link information from above output:
  link line regex: [^( *|.*[/\])(ld|CMAKE_LINK_STARTFILE-NOTFOUND|([^/\]+-)?ld|collect2)[^/\]*( |$)]
  ignore line: [Change Dir: /home/emkim/projects/ros2/static_fuzz/target/intrasniff/src/secretserver/build/secretserver/CMakeFiles/CMakeTmp]
  ignore line: []
  ignore line: [Run Build Command(s):/usr/bin/gmake -f Makefile cmTC_8cc41/fast && /usr/bin/gmake  -f CMakeFiles/cmTC_8cc41.dir/build.make CMakeFiles/cmTC_8cc41.dir/build]
  ignore line: [gmake[1]: Entering directory '/home/emkim/projects/ros2/static_fuzz/target/intrasniff/src/secretserver/build/secretserver/CMakeFiles/CMakeTmp']
  ignore line: [Building C object CMakeFiles/cmTC_8cc41.dir/CMakeCCompilerABI.c.o]
  ignore line: [/usr/bin/afl-clang-fast   -v -MD -MT CMakeFiles/cmTC_8cc41.dir/CMakeCCompilerABI.c.o -MF CMakeFiles/cmTC_8cc41.dir/CMakeCCompilerABI.c.o.d -o CMakeFiles/cmTC_8cc41.dir/CMakeCCompilerABI.c.o -c /usr/share/cmake-3.22/Modules/CMakeCCompilerABI.c]
  ignore line: [Ubuntu clang version 13.0.1-2ubuntu2.2]
  ignore line: [Target: x86_64-pc-linux-gnu]
  ignore line: [Thread model: posix]
  ignore line: [InstalledDir: /usr/lib/llvm-13/bin]
  ignore line: [Found candidate GCC installation: /usr/lib/gcc/x86_64-linux-gnu/11]
  ignore line: [Selected GCC installation: /usr/lib/gcc/x86_64-linux-gnu/11]
  ignore line: [Candidate multilib: .]
  ignore line: [@m64]
  ignore line: [Selected multilib: .]
  ignore line: [@m64]
  ignore line: [ (in-process)]
  ignore line: [ "/usr/lib/llvm-13/bin/clang" -cc1 -triple x86_64-pc-linux-gnu -emit-obj --mrelax-relocations -disable-free -disable-llvm-verifier -discard-value-names -main-file-name CMakeCCompilerABI.c -mrelocation-model static -mframe-pointer=none -fmath-errno -fno-rounding-math -mconstructor-aliases -munwind-tables -target-cpu x86-64 -tune-cpu generic -debug-info-kind=constructor -dwarf-version=4 -debugger-tuning=gdb -v -fcoverage-compilation-dir=/home/emkim/projects/ros2/static_fuzz/target/intrasniff/src/secretserver/build/secretserver/CMakeFiles/CMakeTmp -resource-dir /usr/lib/llvm-13/lib/clang/13.0.1 -dependency-file CMakeFiles/cmTC_8cc41.dir/CMakeCCompilerABI.c.o.d -MT CMakeFiles/cmTC_8cc41.dir/CMakeCCompilerABI.c.o -sys-header-deps -U _FORTIFY_SOURCE -D __AFL_HAVE_MANUAL_CONTROL=1 -D __AFL_COMPILER=1 -D FUZZING_BUILD_MODE_UNSAFE_FOR_PRODUCTION=1 -D "__AFL_FUZZ_INIT()=int __afl_sharedmem_fuzzing = 1]
  ignore line: [extern unsigned int *__afl_fuzz_len]
  ignore line: [extern unsigned char *__afl_fuzz_ptr]
  ignore line: [unsigned char __afl_fuzz_alt[1048576]]
  ignore line: [unsigned char *__afl_fuzz_alt_ptr = __afl_fuzz_alt]
  ignore line: [" -D "__AFL_COVERAGE()=int __afl_selective_coverage = 1]
  ignore line: [void __afl_coverage_discard()]
  ignore line: [void __afl_coverage_skip()]
  ignore line: [void __afl_coverage_on()]
  ignore line: [void __afl_coverage_off()]
  ignore line: [" -D "__AFL_COVERAGE_START_OFF()=int __afl_selective_coverage_start_off = 1]
  ignore line: [" -D __AFL_COVERAGE_ON()=__afl_coverage_on() -D __AFL_COVERAGE_OFF()=__afl_coverage_off() -D __AFL_COVERAGE_DISCARD()=__afl_coverage_discard() -D __AFL_COVERAGE_SKIP()=__afl_coverage_skip() -D "__AFL_FUZZ_TESTCASE_BUF=(__afl_fuzz_ptr ? __afl_fuzz_ptr : __afl_fuzz_alt_ptr)" -D "__AFL_FUZZ_TESTCASE_LEN=(__afl_fuzz_ptr ? *__afl_fuzz_len : (*__afl_fuzz_len = read(0  __afl_fuzz_alt_ptr  1048576)) == 0xffffffff ? 0 : *__afl_fuzz_len)" -D "__AFL_LOOP(_A)=({ static volatile char *_B __attribute__((used))]
  ignore line: [  _B = (char*)\"##SIG_AFL_PERSISTENT##\"]
  ignore line: [ __attribute__((visibility(\"default\"))) int _L(unsigned int) __asm__(\"__afl_persistent_loop\")]
  ignore line: [ _L(_A)]
  ignore line: [ })" -D "__AFL_INIT()=do { static volatile char *_A __attribute__((used))]
  ignore line: [  _A = (char*)\"##SIG_AFL_DEFER_FORKSRV##\"]
  ignore line: [ __attribute__((visibility(\"default\"))) void _I(void) __asm__(\"__afl_manual_init\")]
  ignore line: [ _I()]
  ignore line: [ } while (0)" -internal-isystem /usr/lib/llvm-13/lib/clang/13.0.1/include -internal-isystem /usr/local/include -internal-isystem /usr/lib/gcc/x86_64-linux-gnu/11/../../../../x86_64-linux-gnu/include -internal-externc-isystem /usr/include/x86_64-linux-gnu -internal-externc-isystem /include -internal-externc-isystem /usr/include -O3 -Wno-unused-command-line-argument -Wno-unused-command-line-argument -fdebug-compilation-dir=/home/emkim/projects/ros2/static_fuzz/target/intrasniff/src/secretserver/build/secretserver/CMakeFiles/CMakeTmp -ferror-limit 19 -fsanitize=address -fsanitize-system-ignorelist=/usr/lib/llvm-13/lib/clang/13.0.1/share/asan_ignorelist.txt -fsanitize-address-use-after-scope -fno-assume-sane-operator-new -funroll-loops -fgnuc-version=4.2.1 -flegacy-pass-manager -vectorize-loops -vectorize-slp -load /usr/bin/../lib/afl/SanitizerCoveragePCGUARD.so -faddrsig -D__GCC_HAVE_DWARF2_CFI_ASM=1 -o CMakeFiles/cmTC_8cc41.dir/CMakeCCompilerABI.c.o -x c /usr/share/cmake-3.22/Modules/CMakeCCompilerABI.c]
  ignore line: [clang -cc1 version 13.0.1 based upon LLVM 13.0.1 default target x86_64-pc-linux-gnu]
  ignore line: [ignoring nonexistent directory "/usr/lib/gcc/x86_64-linux-gnu/11/../../../../x86_64-linux-gnu/include"]
  ignore line: [ignoring nonexistent directory "/include"]
  ignore line: [#include "..." search starts here:]
  ignore line: [#include <...> search starts here:]
  ignore line: [ /usr/lib/llvm-13/lib/clang/13.0.1/include]
  ignore line: [ /usr/local/include]
  ignore line: [ /usr/include/x86_64-linux-gnu]
  ignore line: [ /usr/include]
  ignore line: [End of search list.]
  ignore line: [Linking C executable cmTC_8cc41]
  ignore line: [/usr/bin/cmake -E cmake_link_script CMakeFiles/cmTC_8cc41.dir/link.txt --verbose=1]
  ignore line: [/usr/bin/afl-clang-fast  -v CMakeFiles/cmTC_8cc41.dir/CMakeCCompilerABI.c.o -o cmTC_8cc41 ]
  ignore line: [Ubuntu clang version 13.0.1-2ubuntu2.2]
  ignore line: [Target: x86_64-pc-linux-gnu]
  ignore line: [Thread model: posix]
  ignore line: [InstalledDir: /usr/lib/llvm-13/bin]
  ignore line: [Found candidate GCC installation: /usr/lib/gcc/x86_64-linux-gnu/11]
  ignore line: [Selected GCC installation: /usr/lib/gcc/x86_64-linux-gnu/11]
  ignore line: [Candidate multilib: .]
  ignore line: [@m64]
  ignore line: [Selected multilib: .]
  ignore line: [@m64]
  link line: [ "/usr/bin/ld" --build-id --eh-frame-hdr -m elf_x86_64 -dynamic-linker /lib64/ld-linux-x86-64.so.2 -o cmTC_8cc41 /lib/x86_64-linux-gnu/crt1.o /lib/x86_64-linux-gnu/crti.o /usr/lib/gcc/x86_64-linux-gnu/11/crtbegin.o -L/usr/lib/gcc/x86_64-linux-gnu/11 -L/usr/lib/gcc/x86_64-linux-gnu/11/../../../../lib64 -L/lib/x86_64-linux-gnu -L/lib/../lib64 -L/usr/lib/x86_64-linux-gnu -L/usr/lib/../lib64 -L/usr/lib/llvm-13/bin/../lib -L/lib -L/usr/lib --whole-archive /usr/lib/llvm-13/lib/clang/13.0.1/lib/linux/libclang_rt.asan-x86_64.a --no-whole-archive --dynamic-list=/usr/lib/llvm-13/lib/clang/13.0.1/lib/linux/libclang_rt.asan-x86_64.a.syms CMakeFiles/cmTC_8cc41.dir/CMakeCCompilerABI.c.o /usr/bin/../lib/afl/afl-compiler-rt.o --dynamic-list=/usr/bin/../lib/afl/dynamic_list.txt --no-as-needed -lpthread -lrt -lm -ldl -lgcc --as-needed -lgcc_s --no-as-needed -lc -lgcc --as-needed -lgcc_s --no-as-needed /usr/lib/gcc/x86_64-linux-gnu/11/crtend.o /lib/x86_64-linux-gnu/crtn.o]
    arg [/usr/bin/ld] ==> ignore
    arg [--build-id] ==> ignore
    arg [--eh-frame-hdr] ==> ignore
    arg [-m] ==> ignore
    arg [elf_x86_64] ==> ignore
    arg [-dynamic-linker] ==> ignore
    arg [/lib64/ld-linux-x86-64.so.2] ==> ignore
    arg [-o] ==> ignore
    arg [cmTC_8cc41] ==> ignore
    arg [/lib/x86_64-linux-gnu/crt1.o] ==> obj [/lib/x86_64-linux-gnu/crt1.o]
    arg [/lib/x86_64-linux-gnu/crti.o] ==> obj [/lib/x86_64-linux-gnu/crti.o]
    arg [/usr/lib/gcc/x86_64-linux-gnu/11/crtbegin.o] ==> obj [/usr/lib/gcc/x86_64-linux-gnu/11/crtbegin.o]
    arg [-L/usr/lib/gcc/x86_64-linux-gnu/11] ==> dir [/usr/lib/gcc/x86_64-linux-gnu/11]
    arg [-L/usr/lib/gcc/x86_64-linux-gnu/11/../../../../lib64] ==> dir [/usr/lib/gcc/x86_64-linux-gnu/11/../../../../lib64]
    arg [-L/lib/x86_64-linux-gnu] ==> dir [/lib/x86_64-linux-gnu]
    arg [-L/lib/../lib64] ==> dir [/lib/../lib64]
    arg [-L/usr/lib/x86_64-linux-gnu] ==> dir [/usr/lib/x86_64-linux-gnu]
    arg [-L/usr/lib/../lib64] ==> dir [/usr/lib/../lib64]
    arg [-L/usr/lib/llvm-13/bin/../lib] ==> dir [/usr/lib/llvm-13/bin/../lib]
    arg [-L/lib] ==> dir [/lib]
    arg [-L/usr/lib] ==> dir [/usr/lib]
    arg [--whole-archive] ==> ignore
    arg [/usr/lib/llvm-13/lib/clang/13.0.1/lib/linux/libclang_rt.asan-x86_64.a] ==> lib [/usr/lib/llvm-13/lib/clang/13.0.1/lib/linux/libclang_rt.asan-x86_64.a]
    arg [--no-whole-archive] ==> ignore
    arg [--dynamic-list=/usr/lib/llvm-13/lib/clang/13.0.1/lib/linux/libclang_rt.asan-x86_64.a.syms] ==> ignore
    arg [CMakeFiles/cmTC_8cc41.dir/CMakeCCompilerABI.c.o] ==> ignore
    arg [/usr/bin/../lib/afl/afl-compiler-rt.o] ==> obj [/usr/bin/../lib/afl/afl-compiler-rt.o]
    arg [--dynamic-list=/usr/bin/../lib/afl/dynamic_list.txt] ==> ignore
    arg [--no-as-needed] ==> ignore
    arg [-lpthread] ==> lib [pthread]
    arg [-lrt] ==> lib [rt]
    arg [-lm] ==> lib [m]
    arg [-ldl] ==> lib [dl]
    arg [-lgcc] ==> lib [gcc]
    arg [--as-needed] ==> ignore
    arg [-lgcc_s] ==> lib [gcc_s]
    arg [--no-as-needed] ==> ignore
    arg [-lc] ==> lib [c]
    arg [-lgcc] ==> lib [gcc]
    arg [--as-needed] ==> ignore
    arg [-lgcc_s] ==> lib [gcc_s]
    arg [--no-as-needed] ==> ignore
    arg [/usr/lib/gcc/x86_64-linux-gnu/11/crtend.o] ==> obj [/usr/lib/gcc/x86_64-linux-gnu/11/crtend.o]
    arg [/lib/x86_64-linux-gnu/crtn.o] ==> obj [/lib/x86_64-linux-gnu/crtn.o]
  remove lib [/usr/lib/llvm-13/lib/clang/13.0.1/lib/linux/libclang_rt.asan-x86_64.a]
  collapse obj [/usr/bin/../lib/afl/afl-compiler-rt.o] ==> [/usr/lib/afl/afl-compiler-rt.o]
  collapse library dir [/usr/lib/gcc/x86_64-linux-gnu/11] ==> [/usr/lib/gcc/x86_64-linux-gnu/11]
  collapse library dir [/usr/lib/gcc/x86_64-linux-gnu/11/../../../../lib64] ==> [/usr/lib64]
  collapse library dir [/lib/x86_64-linux-gnu] ==> [/lib/x86_64-linux-gnu]
  collapse library dir [/lib/../lib64] ==> [/lib64]
  collapse library dir [/usr/lib/x86_64-linux-gnu] ==> [/usr/lib/x86_64-linux-gnu]
  collapse library dir [/usr/lib/../lib64] ==> [/usr/lib64]
  collapse library dir [/usr/lib/llvm-13/bin/../lib] ==> [/usr/lib/llvm-13/lib]
  collapse library dir [/lib] ==> [/lib]
  collapse library dir [/usr/lib] ==> [/usr/lib]
  implicit libs: [pthread;rt;m;dl;gcc;gcc_s;c;gcc;gcc_s]
  implicit objs: [/lib/x86_64-linux-gnu/crt1.o;/lib/x86_64-linux-gnu/crti.o;/usr/lib/gcc/x86_64-linux-gnu/11/crtbegin.o;/usr/lib/afl/afl-compiler-rt.o;/usr/lib/gcc/x86_64-linux-gnu/11/crtend.o;/lib/x86_64-linux-gnu/crtn.o]
  implicit dirs: [/usr/lib/gcc/x86_64-linux-gnu/11;/usr/lib64;/lib/x86_64-linux-gnu;/lib64;/usr/lib/x86_64-linux-gnu;/usr/lib/llvm-13/lib;/lib;/usr/lib]
  implicit fwks: []


Detecting CXX compiler ABI info compiled with the following output:
Change Dir: /home/emkim/projects/ros2/static_fuzz/target/intrasniff/src/secretserver/build/secretserver/CMakeFiles/CMakeTmp

Run Build Command(s):/usr/bin/gmake -f Makefile cmTC_076ad/fast && /usr/bin/gmake  -f CMakeFiles/cmTC_076ad.dir/build.make CMakeFiles/cmTC_076ad.dir/build
gmake[1]: Entering directory '/home/emkim/projects/ros2/static_fuzz/target/intrasniff/src/secretserver/build/secretserver/CMakeFiles/CMakeTmp'
Building CXX object CMakeFiles/cmTC_076ad.dir/CMakeCXXCompilerABI.cpp.o
/usr/bin/afl-clang-fast++   -v -MD -MT CMakeFiles/cmTC_076ad.dir/CMakeCXXCompilerABI.cpp.o -MF CMakeFiles/cmTC_076ad.dir/CMakeCXXCompilerABI.cpp.o.d -o CMakeFiles/cmTC_076ad.dir/CMakeCXXCompilerABI.cpp.o -c /usr/share/cmake-3.22/Modules/CMakeCXXCompilerABI.cpp
Ubuntu clang version 13.0.1-2ubuntu2.2
Target: x86_64-pc-linux-gnu
Thread model: posix
InstalledDir: /usr/lib/llvm-13/bin
Found candidate GCC installation: /usr/lib/gcc/x86_64-linux-gnu/11
Selected GCC installation: /usr/lib/gcc/x86_64-linux-gnu/11
Candidate multilib: .;@m64
Selected multilib: .;@m64
 (in-process)
 "/usr/lib/llvm-13/bin/clang" -cc1 -triple x86_64-pc-linux-gnu -emit-obj --mrelax-relocations -disable-free -disable-llvm-verifier -discard-value-names -main-file-name CMakeCXXCompilerABI.cpp -mrelocation-model static -mframe-pointer=none -fmath-errno -fno-rounding-math -mconstructor-aliases -munwind-tables -target-cpu x86-64 -tune-cpu generic -debug-info-kind=constructor -dwarf-version=4 -debugger-tuning=gdb -v -fcoverage-compilation-dir=/home/emkim/projects/ros2/static_fuzz/target/intrasniff/src/secretserver/build/secretserver/CMakeFiles/CMakeTmp -resource-dir /usr/lib/llvm-13/lib/clang/13.0.1 -dependency-file CMakeFiles/cmTC_076ad.dir/CMakeCXXCompilerABI.cpp.o.d -MT CMakeFiles/cmTC_076ad.dir/CMakeCXXCompilerABI.cpp.o -sys-header-deps -U _FORTIFY_SOURCE -D __AFL_HAVE_MANUAL_CONTROL=1 -D __AFL_COMPILER=1 -D FUZZING_BUILD_MODE_UNSAFE_FOR_PRODUCTION=1 -D "__AFL_FUZZ_INIT()=int __afl_sharedmem_fuzzing = 1;extern unsigned int *__afl_fuzz_len;extern unsigned char *__afl_fuzz_ptr;unsigned char __afl_fuzz_alt[1048576];unsigned char *__afl_fuzz_alt_ptr = __afl_fuzz_alt;" -D "__AFL_COVERAGE()=int __afl_selective_coverage = 1;extern \"C\" void __afl_coverage_discard();extern \"C\" void __afl_coverage_skip();extern \"C\" void __afl_coverage_on();extern \"C\" void __afl_coverage_off();" -D "__AFL_COVERAGE_START_OFF()=int __afl_selective_coverage_start_off = 1;" -D __AFL_COVERAGE_ON()=__afl_coverage_on() -D __AFL_COVERAGE_OFF()=__afl_coverage_off() -D __AFL_COVERAGE_DISCARD()=__afl_coverage_discard() -D __AFL_COVERAGE_SKIP()=__afl_coverage_skip() -D "__AFL_FUZZ_TESTCASE_BUF=(__afl_fuzz_ptr ? __afl_fuzz_ptr : __afl_fuzz_alt_ptr)" -D "__AFL_FUZZ_TESTCASE_LEN=(__afl_fuzz_ptr ? *__afl_fuzz_len : (*__afl_fuzz_len = read(0, __afl_fuzz_alt_ptr, 1048576)) == 0xffffffff ? 0 : *__afl_fuzz_len)" -D "__AFL_LOOP(_A)=({ static volatile char *_B __attribute__((used));  _B = (char*)\"##SIG_AFL_PERSISTENT##\"; __attribute__((visibility(\"default\"))) int _L(unsigned int) __asm__(\"__afl_persistent_loop\"); _L(_A); })" -D "__AFL_INIT()=do { static volatile char *_A __attribute__((used));  _A = (char*)\"##SIG_AFL_DEFER_FORKSRV##\"; __attribute__((visibility(\"default\"))) void _I(void) __asm__(\"__afl_manual_init\"); _I(); } while (0)" -internal-isystem /usr/lib/gcc/x86_64-linux-gnu/11/../../../../include/c++/11 -internal-isystem /usr/lib/gcc/x86_64-linux-gnu/11/../../../../include/x86_64-linux-gnu/c++/11 -internal-isystem /usr/lib/gcc/x86_64-linux-gnu/11/../../../../include/c++/11/backward -internal-isystem /usr/lib/llvm-13/lib/clang/13.0.1/include -internal-isystem /usr/local/include -internal-isystem /usr/lib/gcc/x86_64-linux-gnu/11/../../../../x86_64-linux-gnu/include -internal-externc-isystem /usr/include/x86_64-linux-gnu -internal-externc-isystem /include -internal-externc-isystem /usr/include -O3 -Wno-unused-command-line-argument -Wno-unused-command-line-argument -fdeprecated-macro -fdebug-compilation-dir=/home/emkim/projects/ros2/static_fuzz/target/intrasniff/src/secretserver/build/secretserver/CMakeFiles/CMakeTmp -ferror-limit 19 -fsanitize=address -fsanitize-system-ignorelist=/usr/lib/llvm-13/lib/clang/13.0.1/share/asan_ignorelist.txt -fsanitize-address-use-after-scope -fno-assume-sane-operator-new -funroll-loops -fgnuc-version=4.2.1 -flegacy-pass-manager -fcxx-exceptions -fexceptions -vectorize-loops -vectorize-slp -load /usr/bin/../lib/afl/SanitizerCoveragePCGUARD.so -faddrsig -D__GCC_HAVE_DWARF2_CFI_ASM=1 -o CMakeFiles/cmTC_076ad.dir/CMakeCXXCompilerABI.cpp.o -x c++ /usr/share/cmake-3.22/Modules/CMakeCXXCompilerABI.cpp
clang -cc1 version 13.0.1 based upon LLVM 13.0.1 default target x86_64-pc-linux-gnu
ignoring nonexistent directory "/usr/lib/gcc/x86_64-linux-gnu/11/../../../../x86_64-linux-gnu/include"
ignoring nonexistent directory "/include"
#include "..." search starts here:
#include <...> search starts here:
 /usr/lib/gcc/x86_64-linux-gnu/11/../../../../include/c++/11
 /usr/lib/gcc/x86_64-linux-gnu/11/../../../../include/x86_64-linux-gnu/c++/11
 /usr/lib/gcc/x86_64-linux-gnu/11/../../../../include/c++/11/backward
 /usr/lib/llvm-13/lib/clang/13.0.1/include
 /usr/local/include
 /usr/include/x86_64-linux-gnu
 /usr/include
End of search list.
Linking CXX executable cmTC_076ad
/usr/bin/cmake -E cmake_link_script CMakeFiles/cmTC_076ad.dir/link.txt --verbose=1
/usr/bin/afl-clang-fast++  -v CMakeFiles/cmTC_076ad.dir/CMakeCXXCompilerABI.cpp.o -o cmTC_076ad 
Ubuntu clang version 13.0.1-2ubuntu2.2
Target: x86_64-pc-linux-gnu
Thread model: posix
InstalledDir: /usr/lib/llvm-13/bin
Found candidate GCC installation: /usr/lib/gcc/x86_64-linux-gnu/11
Selected GCC installation: /usr/lib/gcc/x86_64-linux-gnu/11
Candidate multilib: .;@m64
Selected multilib: .;@m64
 "/usr/bin/ld" --build-id --eh-frame-hdr -m elf_x86_64 -dynamic-linker /lib64/ld-linux-x86-64.so.2 -o cmTC_076ad /lib/x86_64-linux-gnu/crt1.o /lib/x86_64-linux-gnu/crti.o /usr/lib/gcc/x86_64-linux-gnu/11/crtbegin.o -L/usr/lib/gcc/x86_64-linux-gnu/11 -L/usr/lib/gcc/x86_64-linux-gnu/11/../../../../lib64 -L/lib/x86_64-linux-gnu -L/lib/../lib64 -L/usr/lib/x86_64-linux-gnu -L/usr/lib/../lib64 -L/usr/lib/llvm-13/bin/../lib -L/lib -L/usr/lib --whole-archive /usr/lib/llvm-13/lib/clang/13.0.1/lib/linux/libclang_rt.asan-x86_64.a --no-whole-archive --dynamic-list=/usr/lib/llvm-13/lib/clang/13.0.1/lib/linux/libclang_rt.asan-x86_64.a.syms --whole-archive /usr/lib/llvm-13/lib/clang/13.0.1/lib/linux/libclang_rt.asan_cxx-x86_64.a --no-whole-archive --dynamic-list=/usr/lib/llvm-13/lib/clang/13.0.1/lib/linux/libclang_rt.asan_cxx-x86_64.a.syms CMakeFiles/cmTC_076ad.dir/CMakeCXXCompilerABI.cpp.o /usr/bin/../lib/afl/afl-compiler-rt.o --dynamic-list=/usr/bin/../lib/afl/dynamic_list.txt -lstdc++ -lm --no-as-needed -lpthread -lrt -lm -ldl -lgcc_s -lgcc -lc -lgcc_s -lgcc /usr/lib/gcc/x86_64-linux-gnu/11/crtend.o /lib/x86_64-linux-gnu/crtn.o
gmake[1]: Leaving directory '/home/emkim/projects/ros2/static_fuzz/target/intrasniff/src/secretserver/build/secretserver/CMakeFiles/CMakeTmp'



Parsed CXX implicit include dir info from above output: rv=done
  found start of include info
  found start of implicit include info
    add: [/usr/lib/gcc/x86_64-linux-gnu/11/../../../../include/c++/11]
    add: [/usr/lib/gcc/x86_64-linux-gnu/11/../../../../include/x86_64-linux-gnu/c++/11]
    add: [/usr/lib/gcc/x86_64-linux-gnu/11/../../../../include/c++/11/backward]
    add: [/usr/lib/llvm-13/lib/clang/13.0.1/include]
    add: [/usr/local/include]
    add: [/usr/include/x86_64-linux-gnu]
    add: [/usr/include]
  end of search list found
  collapse include dir [/usr/lib/gcc/x86_64-linux-gnu/11/../../../../include/c++/11] ==> [/usr/include/c++/11]
  collapse include dir [/usr/lib/gcc/x86_64-linux-gnu/11/../../../../include/x86_64-linux-gnu/c++/11] ==> [/usr/include/x86_64-linux-gnu/c++/11]
  collapse include dir [/usr/lib/gcc/x86_64-linux-gnu/11/../../../../include/c++/11/backward] ==> [/usr/include/c++/11/backward]
  collapse include dir [/usr/lib/llvm-13/lib/clang/13.0.1/include] ==> [/usr/lib/llvm-13/lib/clang/13.0.1/include]
  collapse include dir [/usr/local/include] ==> [/usr/local/include]
  collapse include dir [/usr/include/x86_64-linux-gnu] ==> [/usr/include/x86_64-linux-gnu]
  collapse include dir [/usr/include] ==> [/usr/include]
  implicit include dirs: [/usr/include/c++/11;/usr/include/x86_64-linux-gnu/c++/11;/usr/include/c++/11/backward;/usr/lib/llvm-13/lib/clang/13.0.1/include;/usr/local/include;/usr/include/x86_64-linux-gnu;/usr/include]


Parsed CXX implicit link information from above output:
  link line regex: [^( *|.*[/\])(ld|CMAKE_LINK_STARTFILE-NOTFOUND|([^/\]+-)?ld|collect2)[^/\]*( |$)]
  ignore line: [Change Dir: /home/emkim/projects/ros2/static_fuzz/target/intrasniff/src/secretserver/build/secretserver/CMakeFiles/CMakeTmp]
  ignore line: []
  ignore line: [Run Build Command(s):/usr/bin/gmake -f Makefile cmTC_076ad/fast && /usr/bin/gmake  -f CMakeFiles/cmTC_076ad.dir/build.make CMakeFiles/cmTC_076ad.dir/build]
  ignore line: [gmake[1]: Entering directory '/home/emkim/projects/ros2/static_fuzz/target/intrasniff/src/secretserver/build/secretserver/CMakeFiles/CMakeTmp']
  ignore line: [Building CXX object CMakeFiles/cmTC_076ad.dir/CMakeCXXCompilerABI.cpp.o]
  ignore line: [/usr/bin/afl-clang-fast++   -v -MD -MT CMakeFiles/cmTC_076ad.dir/CMakeCXXCompilerABI.cpp.o -MF CMakeFiles/cmTC_076ad.dir/CMakeCXXCompilerABI.cpp.o.d -o CMakeFiles/cmTC_076ad.dir/CMakeCXXCompilerABI.cpp.o -c /usr/share/cmake-3.22/Modules/CMakeCXXCompilerABI.cpp]
  ignore line: [Ubuntu clang version 13.0.1-2ubuntu2.2]
  ignore line: [Target: x86_64-pc-linux-gnu]
  ignore line: [Thread model: posix]
  ignore line: [InstalledDir: /usr/lib/llvm-13/bin]
  ignore line: [Found candidate GCC installation: /usr/lib/gcc/x86_64-linux-gnu/11]
  ignore line: [Selected GCC installation: /usr/lib/gcc/x86_64-linux-gnu/11]
  ignore line: [Candidate multilib: .]
  ignore line: [@m64]
  ignore line: [Selected multilib: .]
  ignore line: [@m64]
  ignore line: [ (in-process)]
  ignore line: [ "/usr/lib/llvm-13/bin/clang" -cc1 -triple x86_64-pc-linux-gnu -emit-obj --mrelax-relocations -disable-free -disable-llvm-verifier -discard-value-names -main-file-name CMakeCXXCompilerABI.cpp -mrelocation-model static -mframe-pointer=none -fmath-errno -fno-rounding-math -mconstructor-aliases -munwind-tables -target-cpu x86-64 -tune-cpu generic -debug-info-kind=constructor -dwarf-version=4 -debugger-tuning=gdb -v -fcoverage-compilation-dir=/home/emkim/projects/ros2/static_fuzz/target/intrasniff/src/secretserver/build/secretserver/CMakeFiles/CMakeTmp -resource-dir /usr/lib/llvm-13/lib/clang/13.0.1 -dependency-file CMakeFiles/cmTC_076ad.dir/CMakeCXXCompilerABI.cpp.o.d -MT CMakeFiles/cmTC_076ad.dir/CMakeCXXCompilerABI.cpp.o -sys-header-deps -U _FORTIFY_SOURCE -D __AFL_HAVE_MANUAL_CONTROL=1 -D __AFL_COMPILER=1 -D FUZZING_BUILD_MODE_UNSAFE_FOR_PRODUCTION=1 -D "__AFL_FUZZ_INIT()=int __afl_sharedmem_fuzzing = 1]
  ignore line: [extern unsigned int *__afl_fuzz_len]
  ignore line: [extern unsigned char *__afl_fuzz_ptr]
  ignore line: [unsigned char __afl_fuzz_alt[1048576]]
  ignore line: [unsigned char *__afl_fuzz_alt_ptr = __afl_fuzz_alt]
  ignore line: [" -D "__AFL_COVERAGE()=int __afl_selective_coverage = 1]
  ignore line: [extern \"C\" void __afl_coverage_discard()]
  ignore line: [extern \"C\" void __afl_coverage_skip()]
  ignore line: [extern \"C\" void __afl_coverage_on()]
  ignore line: [extern \"C\" void __afl_coverage_off()]
  ignore line: [" -D "__AFL_COVERAGE_START_OFF()=int __afl_selective_coverage_start_off = 1]
  ignore line: [" -D __AFL_COVERAGE_ON()=__afl_coverage_on() -D __AFL_COVERAGE_OFF()=__afl_coverage_off() -D __AFL_COVERAGE_DISCARD()=__afl_coverage_discard() -D __AFL_COVERAGE_SKIP()=__afl_coverage_skip() -D "__AFL_FUZZ_TESTCASE_BUF=(__afl_fuzz_ptr ? __afl_fuzz_ptr : __afl_fuzz_alt_ptr)" -D "__AFL_FUZZ_TESTCASE_LEN=(__afl_fuzz_ptr ? *__afl_fuzz_len : (*__afl_fuzz_len = read(0  __afl_fuzz_alt_ptr  1048576)) == 0xffffffff ? 0 : *__afl_fuzz_len)" -D "__AFL_LOOP(_A)=({ static volatile char *_B __attribute__((used))]
  ignore line: [  _B = (char*)\"##SIG_AFL_PERSISTENT##\"]
  ignore line: [ __attribute__((visibility(\"default\"))) int _L(unsigned int) __asm__(\"__afl_persistent_loop\")]
  ignore line: [ _L(_A)]
  ignore line: [ })" -D "__AFL_INIT()=do { static volatile char *_A __attribute__((used))]
  ignore line: [  _A = (char*)\"##SIG_AFL_DEFER_FORKSRV##\"]
  ignore line: [ __attribute__((visibility(\"default\"))) void _I(void) __asm__(\"__afl_manual_init\")]
  ignore line: [ _I()]
  ignore line: [ } while (0)" -internal-isystem /usr/lib/gcc/x86_64-linux-gnu/11/../../../../include/c++/11 -internal-isystem /usr/lib/gcc/x86_64-linux-gnu/11/../../../../include/x86_64-linux-gnu/c++/11 -internal-isystem /usr/lib/gcc/x86_64-linux-gnu/11/../../../../include/c++/11/backward -internal-isystem /usr/lib/llvm-13/lib/clang/13.0.1/include -internal-isystem /usr/local/include -internal-isystem /usr/lib/gcc/x86_64-linux-gnu/11/../../../../x86_64-linux-gnu/include -internal-externc-isystem /usr/include/x86_64-linux-gnu -internal-externc-isystem /include -internal-externc-isystem /usr/include -O3 -Wno-unused-command-line-argument -Wno-unused-command-line-argument -fdeprecated-macro -fdebug-compilation-dir=/home/emkim/projects/ros2/static_fuzz/target/intrasniff/src/secretserver/build/secretserver/CMakeFiles/CMakeTmp -ferror-limit 19 -fsanitize=address -fsanitize-system-ignorelist=/usr/lib/llvm-13/lib/clang/13.0.1/share/asan_ignorelist.txt -fsanitize-address-use-after-scope -fno-assume-sane-operator-new -funroll-loops -fgnuc-version=4.2.1 -flegacy-pass-manager -fcxx-exceptions -fexceptions -vectorize-loops -vectorize-slp -load /usr/bin/../lib/afl/SanitizerCoveragePCGUARD.so -faddrsig -D__GCC_HAVE_DWARF2_CFI_ASM=1 -o CMakeFiles/cmTC_076ad.dir/CMakeCXXCompilerABI.cpp.o -x c++ /usr/share/cmake-3.22/Modules/CMakeCXXCompilerABI.cpp]
  ignore line: [clang -cc1 version 13.0.1 based upon LLVM 13.0.1 default target x86_64-pc-linux-gnu]
  ignore line: [ignoring nonexistent directory "/usr/lib/gcc/x86_64-linux-gnu/11/../../../../x86_64-linux-gnu/include"]
  ignore line: [ignoring nonexistent directory "/include"]
  ignore line: [#include "..." search starts here:]
  ignore line: [#include <...> search starts here:]
  ignore line: [ /usr/lib/gcc/x86_64-linux-gnu/11/../../../../include/c++/11]
  ignore line: [ /usr/lib/gcc/x86_64-linux-gnu/11/../../../../include/x86_64-linux-gnu/c++/11]
  ignore line: [ /usr/lib/gcc/x86_64-linux-gnu/11/../../../../include/c++/11/backward]
  ignore line: [ /usr/lib/llvm-13/lib/clang/13.0.1/include]
  ignore line: [ /usr/local/include]
  ignore line: [ /usr/include/x86_64-linux-gnu]
  ignore line: [ /usr/include]
  ignore line: [End of search list.]
  ignore line: [Linking CXX executable cmTC_076ad]
  ignore line: [/usr/bin/cmake -E cmake_link_script CMakeFiles/cmTC_076ad.dir/link.txt --verbose=1]
  ignore line: [/usr/bin/afl-clang-fast++  -v CMakeFiles/cmTC_076ad.dir/CMakeCXXCompilerABI.cpp.o -o cmTC_076ad ]
  ignore line: [Ubuntu clang version 13.0.1-2ubuntu2.2]
  ignore line: [Target: x86_64-pc-linux-gnu]
  ignore line: [Thread model: posix]
  ignore line: [InstalledDir: /usr/lib/llvm-13/bin]
  ignore line: [Found candidate GCC installation: /usr/lib/gcc/x86_64-linux-gnu/11]
  ignore line: [Selected GCC installation: /usr/lib/gcc/x86_64-linux-gnu/11]
  ignore line: [Candidate multilib: .]
  ignore line: [@m64]
  ignore line: [Selected multilib: .]
  ignore line: [@m64]
  link line: [ "/usr/bin/ld" --build-id --eh-frame-hdr -m elf_x86_64 -dynamic-linker /lib64/ld-linux-x86-64.so.2 -o cmTC_076ad /lib/x86_64-linux-gnu/crt1.o /lib/x86_64-linux-gnu/crti.o /usr/lib/gcc/x86_64-linux-gnu/11/crtbegin.o -L/usr/lib/gcc/x86_64-linux-gnu/11 -L/usr/lib/gcc/x86_64-linux-gnu/11/../../../../lib64 -L/lib/x86_64-linux-gnu -L/lib/../lib64 -L/usr/lib/x86_64-linux-gnu -L/usr/lib/../lib64 -L/usr/lib/llvm-13/bin/../lib -L/lib -L/usr/lib --whole-archive /usr/lib/llvm-13/lib/clang/13.0.1/lib/linux/libclang_rt.asan-x86_64.a --no-whole-archive --dynamic-list=/usr/lib/llvm-13/lib/clang/13.0.1/lib/linux/libclang_rt.asan-x86_64.a.syms --whole-archive /usr/lib/llvm-13/lib/clang/13.0.1/lib/linux/libclang_rt.asan_cxx-x86_64.a --no-whole-archive --dynamic-list=/usr/lib/llvm-13/lib/clang/13.0.1/lib/linux/libclang_rt.asan_cxx-x86_64.a.syms CMakeFiles/cmTC_076ad.dir/CMakeCXXCompilerABI.cpp.o /usr/bin/../lib/afl/afl-compiler-rt.o --dynamic-list=/usr/bin/../lib/afl/dynamic_list.txt -lstdc++ -lm --no-as-needed -lpthread -lrt -lm -ldl -lgcc_s -lgcc -lc -lgcc_s -lgcc /usr/lib/gcc/x86_64-linux-gnu/11/crtend.o /lib/x86_64-linux-gnu/crtn.o]
    arg [/usr/bin/ld] ==> ignore
    arg [--build-id] ==> ignore
    arg [--eh-frame-hdr] ==> ignore
    arg [-m] ==> ignore
    arg [elf_x86_64] ==> ignore
    arg [-dynamic-linker] ==> ignore
    arg [/lib64/ld-linux-x86-64.so.2] ==> ignore
    arg [-o] ==> ignore
    arg [cmTC_076ad] ==> ignore
    arg [/lib/x86_64-linux-gnu/crt1.o] ==> obj [/lib/x86_64-linux-gnu/crt1.o]
    arg [/lib/x86_64-linux-gnu/crti.o] ==> obj [/lib/x86_64-linux-gnu/crti.o]
    arg [/usr/lib/gcc/x86_64-linux-gnu/11/crtbegin.o] ==> obj [/usr/lib/gcc/x86_64-linux-gnu/11/crtbegin.o]
    arg [-L/usr/lib/gcc/x86_64-linux-gnu/11] ==> dir [/usr/lib/gcc/x86_64-linux-gnu/11]
    arg [-L/usr/lib/gcc/x86_64-linux-gnu/11/../../../../lib64] ==> dir [/usr/lib/gcc/x86_64-linux-gnu/11/../../../../lib64]
    arg [-L/lib/x86_64-linux-gnu] ==> dir [/lib/x86_64-linux-gnu]
    arg [-L/lib/../lib64] ==> dir [/lib/../lib64]
    arg [-L/usr/lib/x86_64-linux-gnu] ==> dir [/usr/lib/x86_64-linux-gnu]
    arg [-L/usr/lib/../lib64] ==> dir [/usr/lib/../lib64]
    arg [-L/usr/lib/llvm-13/bin/../lib] ==> dir [/usr/lib/llvm-13/bin/../lib]
    arg [-L/lib] ==> dir [/lib]
    arg [-L/usr/lib] ==> dir [/usr/lib]
    arg [--whole-archive] ==> ignore
    arg [/usr/lib/llvm-13/lib/clang/13.0.1/lib/linux/libclang_rt.asan-x86_64.a] ==> lib [/usr/lib/llvm-13/lib/clang/13.0.1/lib/linux/libclang_rt.asan-x86_64.a]
    arg [--no-whole-archive] ==> ignore
    arg [--dynamic-list=/usr/lib/llvm-13/lib/clang/13.0.1/lib/linux/libclang_rt.asan-x86_64.a.syms] ==> ignore
    arg [--whole-archive] ==> ignore
    arg [/usr/lib/llvm-13/lib/clang/13.0.1/lib/linux/libclang_rt.asan_cxx-x86_64.a] ==> lib [/usr/lib/llvm-13/lib/clang/13.0.1/lib/linux/libclang_rt.asan_cxx-x86_64.a]
    arg [--no-whole-archive] ==> ignore
    arg [--dynamic-list=/usr/lib/llvm-13/lib/clang/13.0.1/lib/linux/libclang_rt.asan_cxx-x86_64.a.syms] ==> ignore
    arg [CMakeFiles/cmTC_076ad.dir/CMakeCXXCompilerABI.cpp.o] ==> ignore
    arg [/usr/bin/../lib/afl/afl-compiler-rt.o] ==> obj [/usr/bin/../lib/afl/afl-compiler-rt.o]
    arg [--dynamic-list=/usr/bin/../lib/afl/dynamic_list.txt] ==> ignore
    arg [-lstdc++] ==> lib [stdc++]
    arg [-lm] ==> lib [m]
    arg [--no-as-needed] ==> ignore
    arg [-lpthread] ==> lib [pthread]
    arg [-lrt] ==> lib [rt]
    arg [-lm] ==> lib [m]
    arg [-ldl] ==> lib [dl]
    arg [-lgcc_s] ==> lib [gcc_s]
    arg [-lgcc] ==> lib [gcc]
    arg [-lc] ==> lib [c]
    arg [-lgcc_s] ==> lib [gcc_s]
    arg [-lgcc] ==> lib [gcc]
    arg [/usr/lib/gcc/x86_64-linux-gnu/11/crtend.o] ==> obj [/usr/lib/gcc/x86_64-linux-gnu/11/crtend.o]
    arg [/lib/x86_64-linux-gnu/crtn.o] ==> obj [/lib/x86_64-linux-gnu/crtn.o]
  remove lib [/usr/lib/llvm-13/lib/clang/13.0.1/lib/linux/libclang_rt.asan-x86_64.a]
  remove lib [/usr/lib/llvm-13/lib/clang/13.0.1/lib/linux/libclang_rt.asan_cxx-x86_64.a]
  collapse obj [/usr/bin/../lib/afl/afl-compiler-rt.o] ==> [/usr/lib/afl/afl-compiler-rt.o]
  collapse library dir [/usr/lib/gcc/x86_64-linux-gnu/11] ==> [/usr/lib/gcc/x86_64-linux-gnu/11]
  collapse library dir [/usr/lib/gcc/x86_64-linux-gnu/11/../../../../lib64] ==> [/usr/lib64]
  collapse library dir [/lib/x86_64-linux-gnu] ==> [/lib/x86_64-linux-gnu]
  collapse library dir [/lib/../lib64] ==> [/lib64]
  collapse library dir [/usr/lib/x86_64-linux-gnu] ==> [/usr/lib/x86_64-linux-gnu]
  collapse library dir [/usr/lib/../lib64] ==> [/usr/lib64]
  collapse library dir [/usr/lib/llvm-13/bin/../lib] ==> [/usr/lib/llvm-13/lib]
  collapse library dir [/lib] ==> [/lib]
  collapse library dir [/usr/lib] ==> [/usr/lib]
  implicit libs: [stdc++;m;pthread;rt;m;dl;gcc_s;gcc;c;gcc_s;gcc]
  implicit objs: [/lib/x86_64-linux-gnu/crt1.o;/lib/x86_64-linux-gnu/crti.o;/usr/lib/gcc/x86_64-linux-gnu/11/crtbegin.o;/usr/lib/afl/afl-compiler-rt.o;/usr/lib/gcc/x86_64-linux-gnu/11/crtend.o;/lib/x86_64-linux-gnu/crtn.o]
  implicit dirs: [/usr/lib/gcc/x86_64-linux-gnu/11;/usr/lib64;/lib/x86_64-linux-gnu;/lib64;/usr/lib/x86_64-linux-gnu;/usr/lib/llvm-13/lib;/lib;/usr/lib]
  implicit fwks: []


Determining if the include file pthread.h exists passed with the following output:
Change Dir: /home/emkim/projects/ros2/static_fuzz/target/intrasniff/src/secretserver/build/secretserver/CMakeFiles/CMakeTmp

Run Build Command(s):/usr/bin/gmake -f Makefile cmTC_6d7b1/fast && /usr/bin/gmake  -f CMakeFiles/cmTC_6d7b1.dir/build.make CMakeFiles/cmTC_6d7b1.dir/build
gmake[1]: Entering directory '/home/emkim/projects/ros2/static_fuzz/target/intrasniff/src/secretserver/build/secretserver/CMakeFiles/CMakeTmp'
Building C object CMakeFiles/cmTC_6d7b1.dir/CheckIncludeFile.c.o
/usr/bin/afl-clang-fast    -MD -MT CMakeFiles/cmTC_6d7b1.dir/CheckIncludeFile.c.o -MF CMakeFiles/cmTC_6d7b1.dir/CheckIncludeFile.c.o.d -o CMakeFiles/cmTC_6d7b1.dir/CheckIncludeFile.c.o -c /home/emkim/projects/ros2/static_fuzz/target/intrasniff/src/secretserver/build/secretserver/CMakeFiles/CMakeTmp/CheckIncludeFile.c
Linking C executable cmTC_6d7b1
/usr/bin/cmake -E cmake_link_script CMakeFiles/cmTC_6d7b1.dir/link.txt --verbose=1
/usr/bin/afl-clang-fast CMakeFiles/cmTC_6d7b1.dir/CheckIncludeFile.c.o -o cmTC_6d7b1 
gmake[1]: Leaving directory '/home/emkim/projects/ros2/static_fuzz/target/intrasniff/src/secretserver/build/secretserver/CMakeFiles/CMakeTmp'



Performing C SOURCE FILE Test CMAKE_HAVE_LIBC_PTHREAD succeeded with the following output:
Change Dir: /home/emkim/projects/ros2/static_fuzz/target/intrasniff/src/secretserver/build/secretserver/CMakeFiles/CMakeTmp

Run Build Command(s):/usr/bin/gmake -f Makefile cmTC_3fb70/fast && /usr/bin/gmake  -f CMakeFiles/cmTC_3fb70.dir/build.make CMakeFiles/cmTC_3fb70.dir/build
gmake[1]: Entering directory '/home/emkim/projects/ros2/static_fuzz/target/intrasniff/src/secretserver/build/secretserver/CMakeFiles/CMakeTmp'
Building C object CMakeFiles/cmTC_3fb70.dir/src.c.o
/usr/bin/afl-clang-fast -DCMAKE_HAVE_LIBC_PTHREAD   -MD -MT CMakeFiles/cmTC_3fb70.dir/src.c.o -MF CMakeFiles/cmTC_3fb70.dir/src.c.o.d -o CMakeFiles/cmTC_3fb70.dir/src.c.o -c /home/emkim/projects/ros2/static_fuzz/target/intrasniff/src/secretserver/build/secretserver/CMakeFiles/CMakeTmp/src.c
Linking C executable cmTC_3fb70
/usr/bin/cmake -E cmake_link_script CMakeFiles/cmTC_3fb70.dir/link.txt --verbose=1
/usr/bin/afl-clang-fast CMakeFiles/cmTC_3fb70.dir/src.c.o -o cmTC_3fb70 
gmake[1]: Leaving directory '/home/emkim/projects/ros2/static_fuzz/target/intrasniff/src/secretserver/build/secretserver/CMakeFiles/CMakeTmp'


Source file was:
#include <pthread.h>

static void* test_func(void* data)
{
  return data;
}

int main(void)
{
  pthread_t thread;
  pthread_create(&thread, NULL, test_func, NULL);
  pthread_detach(thread);
  pthread_cancel(thread);
  pthread_join(thread, NULL);
  pthread_atfork(NULL, NULL, NULL);
  pthread_exit(NULL);

  return 0;
}

