[0.060s] DEBUG:colcon:Command line arguments: ['/usr/bin/colcon', 'build', '--symlink-install', '--cmake-clean-cache']
[0.060s] DEBUG:colcon:Parsed command line arguments: Namespace(log_base=None, log_level=None, verb_name='build', build_base='build', install_base='install', merge_install=False, symlink_install=True, test_result_base=None, continue_on_error=False, executor='parallel', parallel_workers=16, event_handlers=None, ignore_user_meta=False, metas=['./colcon.meta'], base_paths=['.'], packages_ignore=None, packages_ignore_regex=None, paths=None, packages_up_to=None, packages_up_to_regex=None, packages_above=None, packages_above_and_dependencies=None, packages_above_depth=None, packages_select_by_dep=None, packages_skip_by_dep=None, packages_skip_up_to=None, packages_select_build_failed=False, packages_skip_build_finished=False, packages_select_test_failures=False, packages_skip_test_passed=False, packages_select=None, packages_skip=None, packages_select_regex=None, packages_skip_regex=None, packages_start=None, packages_end=None, allow_overriding=[], cmake_args=None, cmake_target=None, cmake_target_skip_unavailable=False, cmake_clean_cache=True, cmake_clean_first=False, cmake_force_configure=False, ament_cmake_args=None, catkin_cmake_args=None, catkin_skip_building_tests=False, mixin_files=None, mixin=None, verb_parser=<colcon_mixin.mixin.mixin_argument.MixinArgumentDecorator object at 0x755d23522d70>, verb_extension=<colcon_core.verb.build.BuildVerb object at 0x755d23522710>, main=<bound method BuildVerb.main of <colcon_core.verb.build.BuildVerb object at 0x755d23522710>>, mixin_verb=('build',))
[0.152s] Level 1:colcon.colcon_core.package_discovery:discover_packages(colcon_meta) check parameters
[0.152s] Level 1:colcon.colcon_core.package_discovery:discover_packages(recursive) check parameters
[0.152s] Level 1:colcon.colcon_core.package_discovery:discover_packages(ignore) check parameters
[0.153s] Level 1:colcon.colcon_core.package_discovery:discover_packages(path) check parameters
[0.153s] Level 1:colcon.colcon_core.package_discovery:discover_packages(colcon_meta) discover
[0.153s] Level 1:colcon.colcon_core.package_discovery:discover_packages(recursive) discover
[0.153s] INFO:colcon.colcon_core.package_discovery:Crawling recursively for packages in '/home/emkim/projects/ros2/static_fuzz/target/intrasniff/src/secretserver'
[0.153s] Level 1:colcon.colcon_core.package_identification:_identify(.) by extensions ['ignore', 'ignore_ament_install']
[0.153s] Level 1:colcon.colcon_core.package_identification:_identify(.) by extension 'ignore'
[0.153s] Level 1:colcon.colcon_core.package_identification:_identify(.) by extension 'ignore_ament_install'
[0.153s] Level 1:colcon.colcon_core.package_identification:_identify(.) by extensions ['colcon_pkg']
[0.153s] Level 1:colcon.colcon_core.package_identification:_identify(.) by extension 'colcon_pkg'
[0.153s] Level 1:colcon.colcon_core.package_identification:_identify(.) by extensions ['colcon_meta']
[0.153s] Level 1:colcon.colcon_core.package_identification:_identify(.) by extension 'colcon_meta'
[0.153s] Level 1:colcon.colcon_core.package_identification:_identify(.) by extensions ['ros']
[0.153s] Level 1:colcon.colcon_core.package_identification:_identify(.) by extension 'ros'
[0.160s] DEBUG:colcon.colcon_core.package_identification:Package '.' with type 'ros.ament_cmake' and name 'secretserver'
[0.160s] Level 1:colcon.colcon_core.package_discovery:discover_packages(recursive) using defaults
[0.160s] Level 1:colcon.colcon_core.package_discovery:discover_packages(ignore) discover
[0.160s] Level 1:colcon.colcon_core.package_discovery:discover_packages(ignore) using defaults
[0.160s] Level 1:colcon.colcon_core.package_discovery:discover_packages(path) discover
[0.160s] Level 1:colcon.colcon_core.package_discovery:discover_packages(path) using defaults
[0.171s] Level 1:colcon.colcon_core.package_discovery:discover_packages(prefix_path) check parameters
[0.171s] Level 1:colcon.colcon_core.package_discovery:discover_packages(prefix_path) discover
[0.172s] DEBUG:colcon.colcon_installed_package_information.package_discovery:Found 1 installed packages in /home/emkim/projects/ros2/static_fuzz/target/intrasniff/install
[0.173s] DEBUG:colcon.colcon_installed_package_information.package_discovery:Found 270 installed packages in /opt/ros/humble
[0.178s] Level 1:colcon.colcon_core.package_discovery:discover_packages(prefix_path) using defaults
[0.197s] Level 5:colcon.colcon_core.verb:set package 'secretserver' build argument 'cmake_args' from command line to 'None'
[0.197s] Level 5:colcon.colcon_core.verb:set package 'secretserver' build argument 'cmake_target' from command line to 'None'
[0.197s] Level 5:colcon.colcon_core.verb:set package 'secretserver' build argument 'cmake_target_skip_unavailable' from command line to 'False'
[0.197s] Level 5:colcon.colcon_core.verb:set package 'secretserver' build argument 'cmake_clean_cache' from command line to 'True'
[0.197s] Level 5:colcon.colcon_core.verb:set package 'secretserver' build argument 'cmake_clean_first' from command line to 'False'
[0.197s] Level 5:colcon.colcon_core.verb:set package 'secretserver' build argument 'cmake_force_configure' from command line to 'False'
[0.197s] Level 5:colcon.colcon_core.verb:set package 'secretserver' build argument 'ament_cmake_args' from command line to 'None'
[0.197s] Level 5:colcon.colcon_core.verb:set package 'secretserver' build argument 'catkin_cmake_args' from command line to 'None'
[0.197s] Level 5:colcon.colcon_core.verb:set package 'secretserver' build argument 'catkin_skip_building_tests' from command line to 'False'
[0.197s] DEBUG:colcon.colcon_core.verb:Building package 'secretserver' with the following arguments: {'ament_cmake_args': None, 'build_base': '/home/emkim/projects/ros2/static_fuzz/target/intrasniff/src/secretserver/build/secretserver', 'catkin_cmake_args': None, 'catkin_skip_building_tests': False, 'cmake_args': None, 'cmake_clean_cache': True, 'cmake_clean_first': False, 'cmake_force_configure': False, 'cmake_target': None, 'cmake_target_skip_unavailable': False, 'install_base': '/home/emkim/projects/ros2/static_fuzz/target/intrasniff/src/secretserver/install/secretserver', 'merge_install': False, 'path': '/home/emkim/projects/ros2/static_fuzz/target/intrasniff/src/secretserver', 'symlink_install': True, 'test_result_base': None}
[0.197s] INFO:colcon.colcon_core.executor:Executing jobs using 'parallel' executor
[0.198s] DEBUG:colcon.colcon_parallel_executor.executor.parallel:run_until_complete
[0.198s] INFO:colcon.colcon_ros.task.ament_cmake.build:Building ROS package in '/home/emkim/projects/ros2/static_fuzz/target/intrasniff/src/secretserver' with build type 'ament_cmake'
[0.198s] INFO:colcon.colcon_cmake.task.cmake.build:Building CMake package in '/home/emkim/projects/ros2/static_fuzz/target/intrasniff/src/secretserver'
[0.199s] INFO:colcon.colcon_core.plugin_system:Skipping extension 'colcon_core.shell.bat': Not used on non-Windows systems
[0.199s] INFO:colcon.colcon_core.shell:Skip shell extension 'powershell' for command environment: Not usable outside of PowerShell
[0.199s] DEBUG:colcon.colcon_core.shell:Skip shell extension 'dsv' for command environment
[0.203s] DEBUG:colcon.colcon_core.event_handler.log_command:Invoking command in '/home/emkim/projects/ros2/static_fuzz/target/intrasniff/src/secretserver/build/secretserver': CMAKE_PREFIX_PATH=${CMAKE_PREFIX_PATH}:/opt/ros/humble /usr/bin/cmake /home/emkim/projects/ros2/static_fuzz/target/intrasniff/src/secretserver -DAMENT_CMAKE_SYMLINK_INSTALL=1 -DCMAKE_INSTALL_PREFIX=/home/emkim/projects/ros2/static_fuzz/target/intrasniff/src/secretserver/install/secretserver
[0.780s] DEBUG:colcon.colcon_core.event_handler.log_command:Invoked command in '/home/emkim/projects/ros2/static_fuzz/target/intrasniff/src/secretserver/build/secretserver' returned '0': CMAKE_PREFIX_PATH=${CMAKE_PREFIX_PATH}:/opt/ros/humble /usr/bin/cmake /home/emkim/projects/ros2/static_fuzz/target/intrasniff/src/secretserver -DAMENT_CMAKE_SYMLINK_INSTALL=1 -DCMAKE_INSTALL_PREFIX=/home/emkim/projects/ros2/static_fuzz/target/intrasniff/src/secretserver/install/secretserver
[0.781s] DEBUG:colcon.colcon_core.event_handler.log_command:Invoking command in '/home/emkim/projects/ros2/static_fuzz/target/intrasniff/src/secretserver/build/secretserver': CMAKE_PREFIX_PATH=${CMAKE_PREFIX_PATH}:/opt/ros/humble /usr/bin/cmake --build /home/emkim/projects/ros2/static_fuzz/target/intrasniff/src/secretserver/build/secretserver -- -j16 -l16
[6.004s] DEBUG:colcon.colcon_core.event_handler.log_command:Invoked command in '/home/emkim/projects/ros2/static_fuzz/target/intrasniff/src/secretserver/build/secretserver' returned '0': CMAKE_PREFIX_PATH=${CMAKE_PREFIX_PATH}:/opt/ros/humble /usr/bin/cmake --build /home/emkim/projects/ros2/static_fuzz/target/intrasniff/src/secretserver/build/secretserver -- -j16 -l16
[6.021s] DEBUG:colcon.colcon_core.event_handler.log_command:Invoking command in '/home/emkim/projects/ros2/static_fuzz/target/intrasniff/src/secretserver/build/secretserver': CMAKE_PREFIX_PATH=${CMAKE_PREFIX_PATH}:/opt/ros/humble /usr/bin/cmake --install /home/emkim/projects/ros2/static_fuzz/target/intrasniff/src/secretserver/build/secretserver
[6.031s] Level 1:colcon.colcon_core.environment:create_environment_scripts_only(secretserver)
[6.031s] DEBUG:colcon.colcon_core.event_handler.log_command:Invoked command in '/home/emkim/projects/ros2/static_fuzz/target/intrasniff/src/secretserver/build/secretserver' returned '0': CMAKE_PREFIX_PATH=${CMAKE_PREFIX_PATH}:/opt/ros/humble /usr/bin/cmake --install /home/emkim/projects/ros2/static_fuzz/target/intrasniff/src/secretserver/build/secretserver
[6.032s] Level 1:colcon.colcon_core.environment:checking '/home/emkim/projects/ros2/static_fuzz/target/intrasniff/src/secretserver/install/secretserver' for CMake module files
[6.033s] Level 1:colcon.colcon_core.environment:checking '/home/emkim/projects/ros2/static_fuzz/target/intrasniff/src/secretserver/install/secretserver' for CMake config files
[6.033s] Level 1:colcon.colcon_core.shell:create_environment_hook('secretserver', 'cmake_prefix_path')
[6.033s] INFO:colcon.colcon_core.shell:Creating environment hook '/home/emkim/projects/ros2/static_fuzz/target/intrasniff/src/secretserver/install/secretserver/share/secretserver/hook/cmake_prefix_path.ps1'
[6.033s] INFO:colcon.colcon_core.shell:Creating environment descriptor '/home/emkim/projects/ros2/static_fuzz/target/intrasniff/src/secretserver/install/secretserver/share/secretserver/hook/cmake_prefix_path.dsv'
[6.034s] INFO:colcon.colcon_core.shell:Creating environment hook '/home/emkim/projects/ros2/static_fuzz/target/intrasniff/src/secretserver/install/secretserver/share/secretserver/hook/cmake_prefix_path.sh'
[6.034s] Level 1:colcon.colcon_core.environment:checking '/home/emkim/projects/ros2/static_fuzz/target/intrasniff/src/secretserver/install/secretserver/lib'
[6.034s] Level 1:colcon.colcon_core.environment:checking '/home/emkim/projects/ros2/static_fuzz/target/intrasniff/src/secretserver/install/secretserver/bin'
[6.034s] Level 1:colcon.colcon_core.environment:checking '/home/emkim/projects/ros2/static_fuzz/target/intrasniff/src/secretserver/install/secretserver/lib/pkgconfig/secretserver.pc'
[6.034s] Level 1:colcon.colcon_core.environment:checking '/home/emkim/projects/ros2/static_fuzz/target/intrasniff/src/secretserver/install/secretserver/lib/python3.10/site-packages'
[6.034s] Level 1:colcon.colcon_core.environment:checking '/home/emkim/projects/ros2/static_fuzz/target/intrasniff/src/secretserver/install/secretserver/bin'
[6.035s] INFO:colcon.colcon_core.shell:Creating package script '/home/emkim/projects/ros2/static_fuzz/target/intrasniff/src/secretserver/install/secretserver/share/secretserver/package.ps1'
[6.035s] INFO:colcon.colcon_core.shell:Creating package descriptor '/home/emkim/projects/ros2/static_fuzz/target/intrasniff/src/secretserver/install/secretserver/share/secretserver/package.dsv'
[6.035s] INFO:colcon.colcon_core.shell:Creating package script '/home/emkim/projects/ros2/static_fuzz/target/intrasniff/src/secretserver/install/secretserver/share/secretserver/package.sh'
[6.036s] INFO:colcon.colcon_core.shell:Creating package script '/home/emkim/projects/ros2/static_fuzz/target/intrasniff/src/secretserver/install/secretserver/share/secretserver/package.bash'
[6.037s] INFO:colcon.colcon_core.shell:Creating package script '/home/emkim/projects/ros2/static_fuzz/target/intrasniff/src/secretserver/install/secretserver/share/secretserver/package.zsh'
[6.037s] Level 1:colcon.colcon_core.environment:create_file_with_runtime_dependencies(/home/emkim/projects/ros2/static_fuzz/target/intrasniff/src/secretserver/install/secretserver/share/colcon-core/packages/secretserver)
[6.055s] Level 1:colcon.colcon_core.environment:create_environment_scripts_only(secretserver)
[6.055s] Level 1:colcon.colcon_core.environment:checking '/home/emkim/projects/ros2/static_fuzz/target/intrasniff/src/secretserver/install/secretserver' for CMake module files
[6.055s] Level 1:colcon.colcon_core.environment:checking '/home/emkim/projects/ros2/static_fuzz/target/intrasniff/src/secretserver/install/secretserver' for CMake config files
[6.055s] Level 1:colcon.colcon_core.shell:create_environment_hook('secretserver', 'cmake_prefix_path')
[6.055s] INFO:colcon.colcon_core.shell:Creating environment hook '/home/emkim/projects/ros2/static_fuzz/target/intrasniff/src/secretserver/install/secretserver/share/secretserver/hook/cmake_prefix_path.ps1'
[6.056s] INFO:colcon.colcon_core.shell:Creating environment descriptor '/home/emkim/projects/ros2/static_fuzz/target/intrasniff/src/secretserver/install/secretserver/share/secretserver/hook/cmake_prefix_path.dsv'
[6.056s] INFO:colcon.colcon_core.shell:Creating environment hook '/home/emkim/projects/ros2/static_fuzz/target/intrasniff/src/secretserver/install/secretserver/share/secretserver/hook/cmake_prefix_path.sh'
[6.056s] Level 1:colcon.colcon_core.environment:checking '/home/emkim/projects/ros2/static_fuzz/target/intrasniff/src/secretserver/install/secretserver/lib'
[6.056s] Level 1:colcon.colcon_core.environment:checking '/home/emkim/projects/ros2/static_fuzz/target/intrasniff/src/secretserver/install/secretserver/bin'
[6.056s] Level 1:colcon.colcon_core.environment:checking '/home/emkim/projects/ros2/static_fuzz/target/intrasniff/src/secretserver/install/secretserver/lib/pkgconfig/secretserver.pc'
[6.056s] Level 1:colcon.colcon_core.environment:checking '/home/emkim/projects/ros2/static_fuzz/target/intrasniff/src/secretserver/install/secretserver/lib/python3.10/site-packages'
[6.057s] Level 1:colcon.colcon_core.environment:checking '/home/emkim/projects/ros2/static_fuzz/target/intrasniff/src/secretserver/install/secretserver/bin'
[6.057s] INFO:colcon.colcon_core.shell:Creating package script '/home/emkim/projects/ros2/static_fuzz/target/intrasniff/src/secretserver/install/secretserver/share/secretserver/package.ps1'
[6.057s] INFO:colcon.colcon_core.shell:Creating package descriptor '/home/emkim/projects/ros2/static_fuzz/target/intrasniff/src/secretserver/install/secretserver/share/secretserver/package.dsv'
[6.057s] INFO:colcon.colcon_core.shell:Creating package script '/home/emkim/projects/ros2/static_fuzz/target/intrasniff/src/secretserver/install/secretserver/share/secretserver/package.sh'
[6.057s] INFO:colcon.colcon_core.shell:Creating package script '/home/emkim/projects/ros2/static_fuzz/target/intrasniff/src/secretserver/install/secretserver/share/secretserver/package.bash'
[6.058s] INFO:colcon.colcon_core.shell:Creating package script '/home/emkim/projects/ros2/static_fuzz/target/intrasniff/src/secretserver/install/secretserver/share/secretserver/package.zsh'
[6.058s] Level 1:colcon.colcon_core.environment:create_file_with_runtime_dependencies(/home/emkim/projects/ros2/static_fuzz/target/intrasniff/src/secretserver/install/secretserver/share/colcon-core/packages/secretserver)
[6.058s] DEBUG:colcon.colcon_parallel_executor.executor.parallel:closing loop
[6.058s] DEBUG:colcon.colcon_parallel_executor.executor.parallel:loop closed
[6.058s] DEBUG:colcon.colcon_parallel_executor.executor.parallel:run_until_complete finished with '0'
[6.058s] DEBUG:colcon.colcon_core.event_reactor:joining thread
[6.061s] INFO:colcon.colcon_core.plugin_system:Skipping extension 'colcon_notification.desktop_notification.terminal_notifier': Not used on non-Darwin systems
[6.061s] INFO:colcon.colcon_core.plugin_system:Skipping extension 'colcon_notification.desktop_notification.win32': Not used on non-Windows systems
[6.061s] INFO:colcon.colcon_notification.desktop_notification:Sending desktop notification using 'notify2'
[6.061s] DEBUG:colcon.colcon_notification.desktop_notification.notify2:Failed to initialize notify2: org.freedesktop.DBus.Error.ServiceUnknown: The name org.freedesktop.Notifications was not provided by any .service files
[6.061s] DEBUG:colcon.colcon_core.event_reactor:joined thread
[6.062s] INFO:colcon.colcon_core.shell:Creating prefix script '/home/emkim/projects/ros2/static_fuzz/target/intrasniff/src/secretserver/install/local_setup.ps1'
[6.062s] INFO:colcon.colcon_core.shell:Creating prefix util module '/home/emkim/projects/ros2/static_fuzz/target/intrasniff/src/secretserver/install/_local_setup_util_ps1.py'
[6.063s] INFO:colcon.colcon_core.shell:Creating prefix chain script '/home/emkim/projects/ros2/static_fuzz/target/intrasniff/src/secretserver/install/setup.ps1'
[6.063s] INFO:colcon.colcon_core.shell:Creating prefix script '/home/emkim/projects/ros2/static_fuzz/target/intrasniff/src/secretserver/install/local_setup.sh'
[6.063s] INFO:colcon.colcon_core.shell:Creating prefix util module '/home/emkim/projects/ros2/static_fuzz/target/intrasniff/src/secretserver/install/_local_setup_util_sh.py'
[6.064s] INFO:colcon.colcon_core.shell:Creating prefix chain script '/home/emkim/projects/ros2/static_fuzz/target/intrasniff/src/secretserver/install/setup.sh'
[6.064s] INFO:colcon.colcon_core.shell:Creating prefix script '/home/emkim/projects/ros2/static_fuzz/target/intrasniff/src/secretserver/install/local_setup.bash'
[6.064s] INFO:colcon.colcon_core.shell:Creating prefix chain script '/home/emkim/projects/ros2/static_fuzz/target/intrasniff/src/secretserver/install/setup.bash'
[6.065s] INFO:colcon.colcon_core.shell:Creating prefix script '/home/emkim/projects/ros2/static_fuzz/target/intrasniff/src/secretserver/install/local_setup.zsh'
[6.065s] INFO:colcon.colcon_core.shell:Creating prefix chain script '/home/emkim/projects/ros2/static_fuzz/target/intrasniff/src/secretserver/install/setup.zsh'
