[0.059s] DEBUG:colcon:Command line arguments: ['/usr/bin/colcon', 'build', '--symlink-install']
[0.059s] DEBUG:colcon:Parsed command line arguments: Namespace(log_base=None, log_level=None, verb_name='build', build_base='build', install_base='install', merge_install=False, symlink_install=True, test_result_base=None, continue_on_error=False, executor='parallel', parallel_workers=16, event_handlers=None, ignore_user_meta=False, metas=['./colcon.meta'], base_paths=['.'], packages_ignore=None, packages_ignore_regex=None, paths=None, packages_up_to=None, packages_up_to_regex=None, packages_above=None, packages_above_and_dependencies=None, packages_above_depth=None, packages_select_by_dep=None, packages_skip_by_dep=None, packages_skip_up_to=None, packages_select_build_failed=False, packages_skip_build_finished=False, packages_select_test_failures=False, packages_skip_test_passed=False, packages_select=None, packages_skip=None, packages_select_regex=None, packages_skip_regex=None, packages_start=None, packages_end=None, allow_overriding=[], cmake_args=None, cmake_target=None, cmake_target_skip_unavailable=False, cmake_clean_cache=False, cmake_clean_first=False, cmake_force_configure=False, ament_cmake_args=None, catkin_cmake_args=None, catkin_skip_building_tests=False, mixin_files=None, mixin=None, verb_parser=<colcon_mixin.mixin.mixin_argument.MixinArgumentDecorator object at 0x7b1838952d40>, verb_extension=<colcon_core.verb.build.BuildVerb object at 0x7b18389526e0>, main=<bound method BuildVerb.main of <colcon_core.verb.build.BuildVerb object at 0x7b18389526e0>>, mixin_verb=('build',))
[0.150s] Level 1:colcon.colcon_core.package_discovery:discover_packages(colcon_meta) check parameters
[0.150s] Level 1:colcon.colcon_core.package_discovery:discover_packages(recursive) check parameters
[0.150s] Level 1:colcon.colcon_core.package_discovery:discover_packages(ignore) check parameters
[0.151s] Level 1:colcon.colcon_core.package_discovery:discover_packages(path) check parameters
[0.151s] Level 1:colcon.colcon_core.package_discovery:discover_packages(colcon_meta) discover
[0.151s] Level 1:colcon.colcon_core.package_discovery:discover_packages(recursive) discover
[0.151s] INFO:colcon.colcon_core.package_discovery:Crawling recursively for packages in '/home/emkim/projects/ros2/static_fuzz/target/intrasniff'
[0.151s] Level 1:colcon.colcon_core.package_identification:_identify(.) by extensions ['ignore', 'ignore_ament_install']
[0.151s] Level 1:colcon.colcon_core.package_identification:_identify(.) by extension 'ignore'
[0.151s] Level 1:colcon.colcon_core.package_identification:_identify(.) by extension 'ignore_ament_install'
[0.151s] Level 1:colcon.colcon_core.package_identification:_identify(.) by extensions ['colcon_pkg']
[0.151s] Level 1:colcon.colcon_core.package_identification:_identify(.) by extension 'colcon_pkg'
[0.151s] Level 1:colcon.colcon_core.package_identification:_identify(.) by extensions ['colcon_meta']
[0.151s] Level 1:colcon.colcon_core.package_identification:_identify(.) by extension 'colcon_meta'
[0.151s] Level 1:colcon.colcon_core.package_identification:_identify(.) by extensions ['ros']
[0.151s] Level 1:colcon.colcon_core.package_identification:_identify(.) by extension 'ros'
[0.157s] Level 1:colcon.colcon_core.package_identification:_identify(.) by extensions ['cmake', 'python']
[0.157s] Level 1:colcon.colcon_core.package_identification:_identify(.) by extension 'cmake'
[0.157s] Level 1:colcon.colcon_core.package_identification:_identify(.) by extension 'python'
[0.157s] Level 1:colcon.colcon_core.package_identification:_identify(.) by extensions ['python_setup_py']
[0.157s] Level 1:colcon.colcon_core.package_identification:_identify(.) by extension 'python_setup_py'
[0.157s] Level 1:colcon.colcon_core.package_identification:_identify(build) by extensions ['ignore', 'ignore_ament_install']
[0.157s] Level 1:colcon.colcon_core.package_identification:_identify(build) by extension 'ignore'
[0.157s] Level 1:colcon.colcon_core.package_identification:_identify(build) ignored
[0.157s] Level 1:colcon.colcon_core.package_identification:_identify(install) by extensions ['ignore', 'ignore_ament_install']
[0.157s] Level 1:colcon.colcon_core.package_identification:_identify(install) by extension 'ignore'
[0.157s] Level 1:colcon.colcon_core.package_identification:_identify(install) ignored
[0.157s] Level 1:colcon.colcon_core.package_identification:_identify(log) by extensions ['ignore', 'ignore_ament_install']
[0.157s] Level 1:colcon.colcon_core.package_identification:_identify(log) by extension 'ignore'
[0.157s] Level 1:colcon.colcon_core.package_identification:_identify(log) ignored
[0.157s] Level 1:colcon.colcon_core.package_identification:_identify(src) by extensions ['ignore', 'ignore_ament_install']
[0.157s] Level 1:colcon.colcon_core.package_identification:_identify(src) by extension 'ignore'
[0.157s] Level 1:colcon.colcon_core.package_identification:_identify(src) by extension 'ignore_ament_install'
[0.158s] Level 1:colcon.colcon_core.package_identification:_identify(src) by extensions ['colcon_pkg']
[0.158s] Level 1:colcon.colcon_core.package_identification:_identify(src) by extension 'colcon_pkg'
[0.158s] Level 1:colcon.colcon_core.package_identification:_identify(src) by extensions ['colcon_meta']
[0.158s] Level 1:colcon.colcon_core.package_identification:_identify(src) by extension 'colcon_meta'
[0.158s] Level 1:colcon.colcon_core.package_identification:_identify(src) by extensions ['ros']
[0.158s] Level 1:colcon.colcon_core.package_identification:_identify(src) by extension 'ros'
[0.158s] Level 1:colcon.colcon_core.package_identification:_identify(src) by extensions ['cmake', 'python']
[0.158s] Level 1:colcon.colcon_core.package_identification:_identify(src) by extension 'cmake'
[0.158s] Level 1:colcon.colcon_core.package_identification:_identify(src) by extension 'python'
[0.158s] Level 1:colcon.colcon_core.package_identification:_identify(src) by extensions ['python_setup_py']
[0.158s] Level 1:colcon.colcon_core.package_identification:_identify(src) by extension 'python_setup_py'
[0.158s] Level 1:colcon.colcon_core.package_identification:_identify(src/secretserver) by extensions ['ignore', 'ignore_ament_install']
[0.158s] Level 1:colcon.colcon_core.package_identification:_identify(src/secretserver) by extension 'ignore'
[0.158s] Level 1:colcon.colcon_core.package_identification:_identify(src/secretserver) by extension 'ignore_ament_install'
[0.158s] Level 1:colcon.colcon_core.package_identification:_identify(src/secretserver) by extensions ['colcon_pkg']
[0.158s] Level 1:colcon.colcon_core.package_identification:_identify(src/secretserver) by extension 'colcon_pkg'
[0.158s] Level 1:colcon.colcon_core.package_identification:_identify(src/secretserver) by extensions ['colcon_meta']
[0.158s] Level 1:colcon.colcon_core.package_identification:_identify(src/secretserver) by extension 'colcon_meta'
[0.158s] Level 1:colcon.colcon_core.package_identification:_identify(src/secretserver) by extensions ['ros']
[0.158s] Level 1:colcon.colcon_core.package_identification:_identify(src/secretserver) by extension 'ros'
[0.159s] DEBUG:colcon.colcon_core.package_identification:Package 'src/secretserver' with type 'ros.ament_cmake' and name 'secretserver'
[0.159s] Level 1:colcon.colcon_core.package_discovery:discover_packages(recursive) using defaults
[0.159s] Level 1:colcon.colcon_core.package_discovery:discover_packages(ignore) discover
[0.159s] Level 1:colcon.colcon_core.package_discovery:discover_packages(ignore) using defaults
[0.159s] Level 1:colcon.colcon_core.package_discovery:discover_packages(path) discover
[0.159s] Level 1:colcon.colcon_core.package_discovery:discover_packages(path) using defaults
[0.170s] Level 1:colcon.colcon_core.package_discovery:discover_packages(prefix_path) check parameters
[0.170s] Level 1:colcon.colcon_core.package_discovery:discover_packages(prefix_path) discover
[0.171s] DEBUG:colcon.colcon_installed_package_information.package_discovery:Found 270 installed packages in /opt/ros/humble
[0.177s] Level 1:colcon.colcon_core.package_discovery:discover_packages(prefix_path) using defaults
[0.196s] Level 5:colcon.colcon_core.verb:set package 'secretserver' build argument 'cmake_args' from command line to 'None'
[0.196s] Level 5:colcon.colcon_core.verb:set package 'secretserver' build argument 'cmake_target' from command line to 'None'
[0.196s] Level 5:colcon.colcon_core.verb:set package 'secretserver' build argument 'cmake_target_skip_unavailable' from command line to 'False'
[0.196s] Level 5:colcon.colcon_core.verb:set package 'secretserver' build argument 'cmake_clean_cache' from command line to 'False'
[0.196s] Level 5:colcon.colcon_core.verb:set package 'secretserver' build argument 'cmake_clean_first' from command line to 'False'
[0.196s] Level 5:colcon.colcon_core.verb:set package 'secretserver' build argument 'cmake_force_configure' from command line to 'False'
[0.196s] Level 5:colcon.colcon_core.verb:set package 'secretserver' build argument 'ament_cmake_args' from command line to 'None'
[0.196s] Level 5:colcon.colcon_core.verb:set package 'secretserver' build argument 'catkin_cmake_args' from command line to 'None'
[0.196s] Level 5:colcon.colcon_core.verb:set package 'secretserver' build argument 'catkin_skip_building_tests' from command line to 'False'
[0.196s] DEBUG:colcon.colcon_core.verb:Building package 'secretserver' with the following arguments: {'ament_cmake_args': None, 'build_base': '/home/emkim/projects/ros2/static_fuzz/target/intrasniff/build/secretserver', 'catkin_cmake_args': None, 'catkin_skip_building_tests': False, 'cmake_args': None, 'cmake_clean_cache': False, 'cmake_clean_first': False, 'cmake_force_configure': False, 'cmake_target': None, 'cmake_target_skip_unavailable': False, 'install_base': '/home/emkim/projects/ros2/static_fuzz/target/intrasniff/install/secretserver', 'merge_install': False, 'path': '/home/emkim/projects/ros2/static_fuzz/target/intrasniff/src/secretserver', 'symlink_install': True, 'test_result_base': None}
[0.196s] INFO:colcon.colcon_core.executor:Executing jobs using 'parallel' executor
[0.196s] DEBUG:colcon.colcon_parallel_executor.executor.parallel:run_until_complete
[0.196s] INFO:colcon.colcon_ros.task.ament_cmake.build:Building ROS package in '/home/emkim/projects/ros2/static_fuzz/target/intrasniff/src/secretserver' with build type 'ament_cmake'
[0.196s] INFO:colcon.colcon_cmake.task.cmake.build:Building CMake package in '/home/emkim/projects/ros2/static_fuzz/target/intrasniff/src/secretserver'
[0.197s] INFO:colcon.colcon_core.plugin_system:Skipping extension 'colcon_core.shell.bat': Not used on non-Windows systems
[0.198s] INFO:colcon.colcon_core.shell:Skip shell extension 'powershell' for command environment: Not usable outside of PowerShell
[0.198s] DEBUG:colcon.colcon_core.shell:Skip shell extension 'dsv' for command environment
[0.201s] DEBUG:colcon.colcon_core.event_handler.log_command:Invoking command in '/home/emkim/projects/ros2/static_fuzz/target/intrasniff/build/secretserver': CMAKE_PREFIX_PATH=/opt/ros/humble /usr/bin/cmake /home/emkim/projects/ros2/static_fuzz/target/intrasniff/src/secretserver -DAMENT_CMAKE_SYMLINK_INSTALL=1 -DCMAKE_INSTALL_PREFIX=/home/emkim/projects/ros2/static_fuzz/target/intrasniff/install/secretserver
[0.206s] DEBUG:colcon.colcon_core.event_handler.log_command:Invoked command in '/home/emkim/projects/ros2/static_fuzz/target/intrasniff/build/secretserver' returned '1': CMAKE_PREFIX_PATH=/opt/ros/humble /usr/bin/cmake /home/emkim/projects/ros2/static_fuzz/target/intrasniff/src/secretserver -DAMENT_CMAKE_SYMLINK_INSTALL=1 -DCMAKE_INSTALL_PREFIX=/home/emkim/projects/ros2/static_fuzz/target/intrasniff/install/secretserver
[0.211s] Level 1:colcon.colcon_core.environment:create_environment_scripts_only(secretserver)
[0.213s] Level 1:colcon.colcon_core.environment:checking '/home/emkim/projects/ros2/static_fuzz/target/intrasniff/install/secretserver' for CMake module files
[0.213s] Level 1:colcon.colcon_core.environment:checking '/home/emkim/projects/ros2/static_fuzz/target/intrasniff/install/secretserver' for CMake config files
[0.213s] Level 1:colcon.colcon_core.shell:create_environment_hook('secretserver', 'cmake_prefix_path')
[0.213s] INFO:colcon.colcon_core.shell:Creating environment hook '/home/emkim/projects/ros2/static_fuzz/target/intrasniff/install/secretserver/share/secretserver/hook/cmake_prefix_path.ps1'
[0.214s] INFO:colcon.colcon_core.shell:Creating environment descriptor '/home/emkim/projects/ros2/static_fuzz/target/intrasniff/install/secretserver/share/secretserver/hook/cmake_prefix_path.dsv'
[0.214s] INFO:colcon.colcon_core.shell:Creating environment hook '/home/emkim/projects/ros2/static_fuzz/target/intrasniff/install/secretserver/share/secretserver/hook/cmake_prefix_path.sh'
[0.214s] Level 1:colcon.colcon_core.environment:checking '/home/emkim/projects/ros2/static_fuzz/target/intrasniff/install/secretserver/lib'
[0.214s] Level 1:colcon.colcon_core.environment:checking '/home/emkim/projects/ros2/static_fuzz/target/intrasniff/install/secretserver/bin'
[0.214s] Level 1:colcon.colcon_core.environment:checking '/home/emkim/projects/ros2/static_fuzz/target/intrasniff/install/secretserver/lib/pkgconfig/secretserver.pc'
[0.214s] Level 1:colcon.colcon_core.environment:checking '/home/emkim/projects/ros2/static_fuzz/target/intrasniff/install/secretserver/lib/python3.10/site-packages'
[0.215s] Level 1:colcon.colcon_core.environment:checking '/home/emkim/projects/ros2/static_fuzz/target/intrasniff/install/secretserver/bin'
[0.215s] INFO:colcon.colcon_core.shell:Creating package script '/home/emkim/projects/ros2/static_fuzz/target/intrasniff/install/secretserver/share/secretserver/package.ps1'
[0.215s] INFO:colcon.colcon_core.shell:Creating package descriptor '/home/emkim/projects/ros2/static_fuzz/target/intrasniff/install/secretserver/share/secretserver/package.dsv'
[0.215s] INFO:colcon.colcon_core.shell:Creating package script '/home/emkim/projects/ros2/static_fuzz/target/intrasniff/install/secretserver/share/secretserver/package.sh'
[0.216s] INFO:colcon.colcon_core.shell:Creating package script '/home/emkim/projects/ros2/static_fuzz/target/intrasniff/install/secretserver/share/secretserver/package.bash'
[0.216s] INFO:colcon.colcon_core.shell:Creating package script '/home/emkim/projects/ros2/static_fuzz/target/intrasniff/install/secretserver/share/secretserver/package.zsh'
[0.216s] Level 1:colcon.colcon_core.environment:create_file_with_runtime_dependencies(/home/emkim/projects/ros2/static_fuzz/target/intrasniff/install/secretserver/share/colcon-core/packages/secretserver)
[0.227s] DEBUG:colcon.colcon_parallel_executor.executor.parallel:closing loop
[0.227s] DEBUG:colcon.colcon_parallel_executor.executor.parallel:loop closed
[0.227s] DEBUG:colcon.colcon_parallel_executor.executor.parallel:run_until_complete finished with '1'
[0.227s] DEBUG:colcon.colcon_core.event_reactor:joining thread
[0.232s] INFO:colcon.colcon_core.plugin_system:Skipping extension 'colcon_notification.desktop_notification.terminal_notifier': Not used on non-Darwin systems
[0.232s] INFO:colcon.colcon_core.plugin_system:Skipping extension 'colcon_notification.desktop_notification.win32': Not used on non-Windows systems
[0.232s] INFO:colcon.colcon_notification.desktop_notification:Sending desktop notification using 'notify2'
[0.233s] DEBUG:colcon.colcon_notification.desktop_notification.notify2:Failed to initialize notify2: org.freedesktop.DBus.Error.ServiceUnknown: The name org.freedesktop.Notifications was not provided by any .service files
[0.233s] DEBUG:colcon.colcon_core.event_reactor:joined thread
[0.233s] INFO:colcon.colcon_core.shell:Creating prefix script '/home/emkim/projects/ros2/static_fuzz/target/intrasniff/install/local_setup.ps1'
[0.234s] INFO:colcon.colcon_core.shell:Creating prefix util module '/home/emkim/projects/ros2/static_fuzz/target/intrasniff/install/_local_setup_util_ps1.py'
[0.235s] INFO:colcon.colcon_core.shell:Creating prefix chain script '/home/emkim/projects/ros2/static_fuzz/target/intrasniff/install/setup.ps1'
[0.236s] INFO:colcon.colcon_core.shell:Creating prefix script '/home/emkim/projects/ros2/static_fuzz/target/intrasniff/install/local_setup.sh'
[0.237s] INFO:colcon.colcon_core.shell:Creating prefix util module '/home/emkim/projects/ros2/static_fuzz/target/intrasniff/install/_local_setup_util_sh.py'
[0.237s] INFO:colcon.colcon_core.shell:Creating prefix chain script '/home/emkim/projects/ros2/static_fuzz/target/intrasniff/install/setup.sh'
[0.238s] INFO:colcon.colcon_core.shell:Creating prefix script '/home/emkim/projects/ros2/static_fuzz/target/intrasniff/install/local_setup.bash'
[0.238s] INFO:colcon.colcon_core.shell:Creating prefix chain script '/home/emkim/projects/ros2/static_fuzz/target/intrasniff/install/setup.bash'
[0.239s] INFO:colcon.colcon_core.shell:Creating prefix script '/home/emkim/projects/ros2/static_fuzz/target/intrasniff/install/local_setup.zsh'
[0.240s] INFO:colcon.colcon_core.shell:Creating prefix chain script '/home/emkim/projects/ros2/static_fuzz/target/intrasniff/install/setup.zsh'
